
[2022-07-14 09:59:11]串口:COM99打开故障

[2022-07-14 09:59:11]led屏串口打开失败！

[2022-07-14 09:59:13]串口:COM4打开故障

[2022-07-14 09:59:13]设备被启动！

[2022-07-14 09:59:13]与服务器连接成功！

[2022-07-14 09:59:14]CQ12串口打开成功！

[2022-07-14 09:59:14]没有设备，请选择！

[2022-07-14 09:59:15]没有设备，请选择！

[2022-07-14 09:59:15]没有设备，请选择！

[2022-07-14 09:59:36]区域1 标题：祥符区八里湾基地

[2022-07-14 09:59:36]区域2 内容：土壤湿度:0%RH

[2022-07-14 09:59:36]区域3 内容：土壤温度:27.3℃

[2022-07-14 09:59:36]区域4 内容：土壤PH:7pH

[2022-07-14 09:59:36]区域5 内容：土壤EC:2541us/cm

[2022-07-14 09:59:37]Get token md5 Str：sendmsg={"cmd":{"delete":{"del_all":1}},"ids_dev":"1214120042","sno":1}&ts=1657763977&type=pkts_program&user=zzokq&key=7acbd1f8be8e8985e9f48c2f089aa041

[2022-07-14 09:59:37]发送清屏指令：{"user":"zzokq","ts":"1657763977","sendmsg":"{\"cmd\":{\"delete\":{\"del_all\":1}},\"ids_dev\":\"1214120042\",\"sno\":1}","type":"pkts_program","token":"04F13E3184A6AC337BC6D6796AA29638"}

[2022-07-14 09:59:37]收到：{"sno":1404868726}

[2022-07-14 09:59:37]Get token md5 Str：sendmsg={"pkts_program":{"property_pro":{"width":80,"height":160},"list_region":[{"info_pos":{"x":0,"y":0,"w":160,"h":16},"list_item":[{"info_animate":{"model_continue":null,"speed":null},"type_item":"text","text":"祥符区八里湾基地"}]},{"info_pos":{"x":0,"y":16,"w":160,"h":16},"list_item":[{"info_animate":{"model_continue":null,"speed":null},"type_item":"text","text":"土壤湿度:0%RH"}]},{"info_pos":{"x":0,"y":32,"w":160,"h":16},"list_item":[{"info_animate":{"model_continue":null,"speed":null},"type_item":"text","text":"土壤温度:27.3℃"}]},{"info_pos":{"x":0,"y":48,"w":160,"h":16},"list_item":[{"info_animate":{"model_continue":null,"speed":null},"type_item":"text","text":"土壤PH:7pH"}]},{"info_pos":{"x":0,"y":64,"w":160,"h":16},"list_item":[{"info_animate":{"model_continue":null,"speed":null},"type_item":"text","text":"土壤EC:2541us/cm"}]}],"id_pro":1},"ids_dev":"1214120042","sno":1}&ts=1657763977&type=pkts_program&user=zzokq&key=7acbd1f8be8e8985e9f48c2f089aa041

[2022-07-14 09:59:37]发送展示数据指令：{"user":"zzokq","ts":"1657763977","sendmsg":"{\"pkts_program\":{\"property_pro\":{\"width\":80,\"height\":160},\"list_region\":[{\"info_pos\":{\"x\":0,\"y\":0,\"w\":160,\"h\":16},\"list_item\":[{\"info_animate\":{\"model_continue\":null,\"speed\":null},\"type_item\":\"text\",\"text\":\"祥符区八里湾基地\"}]},{\"info_pos\":{\"x\":0,\"y\":16,\"w\":160,\"h\":16},\"list_item\":[{\"info_animate\":{\"model_continue\":null,\"speed\":null},\"type_item\":\"text\",\"text\":\"土壤湿度:0%RH\"}]},{\"info_pos\":{\"x\":0,\"y\":32,\"w\":160,\"h\":16},\"list_item\":[{\"info_animate\":{\"model_continue\":null,\"speed\":null},\"type_item\":\"text\",\"text\":\"土壤温度:27.3℃\"}]},{\"info_pos\":{\"x\":0,\"y\":48,\"w\":160,\"h\":16},\"list_item\":[{\"info_animate\":{\"model_continue\":null,\"speed\":null},\"type_item\":\"text\",\"text\":\"土壤PH:7pH\"}]},{\"info_pos\":{\"x\":0,\"y\":64,\"w\":160,\"h\":16},\"list_item\":[{\"info_animate\":{\"model_continue\":null,\"speed\":null},\"type_item\":\"text\",\"text\":\"土壤EC:2541us/cm\"}]}],\"id_pro\":1},\"ids_dev\":\"1214120042\",\"sno\":1}","type":"pkts_program","token":"1BE0EA610577E5969343D0F7EDAED5A6"}

[2022-07-14 09:59:37]收到：{"sno":1404868728}
