
[2022-04-21 10:10:01]串口:COM99打开故障

[2022-04-21 10:10:01]led屏串口打开失败！

[2022-04-21 10:10:03]串口:COM7打开故障

[2022-04-21 10:10:03]设备被启动！

[2022-04-21 10:10:03]与服务器连接成功！

[2022-04-21 10:10:03]相机索引错误

[2022-04-21 10:10:04]相机索引错误

[2022-04-21 10:10:04]相机索引错误

[2022-04-21 10:10:07]串口:COM1打开故障

[2022-04-21 10:10:07]相机索引错误

[2022-04-21 10:10:07]没有设备，请选择！

[2022-04-21 10:10:08]相机索引错误

[2022-04-21 10:10:08]没有设备，请选择！

[2022-04-21 10:10:08]相机索引错误

[2022-04-21 10:10:08]没有设备，请选择！

[2022-04-21 10:21:10]串口:COM99打开故障

[2022-04-21 10:21:10]led屏串口打开失败！

[2022-04-21 10:21:11]串口:COM7打开故障

[2022-04-21 10:21:12]设备被启动！

[2022-04-21 10:21:12]与服务器连接成功！

[2022-04-21 10:21:12]相机索引错误

[2022-04-21 10:21:12]相机索引错误

[2022-04-21 10:21:13]相机索引错误

[2022-04-21 10:29:41]串口:COM99打开故障

[2022-04-21 10:29:41]led屏串口打开失败！

[2022-04-21 10:29:42]串口:COM7打开故障

[2022-04-21 10:29:42]设备被启动！

[2022-04-21 10:29:42]与服务器连接成功！

[2022-04-21 10:29:42]相机索引错误

[2022-04-21 10:29:43]相机索引错误

[2022-04-21 10:29:43]相机索引错误

[2022-04-21 10:30:23]串口:COM1打开故障

[2022-04-21 10:30:24]相机索引错误

[2022-04-21 10:30:24]没有设备，请选择！

[2022-04-21 10:30:24]相机索引错误

[2022-04-21 10:30:24]没有设备，请选择！

[2022-04-21 10:30:25]相机索引错误

[2022-04-21 10:30:25]没有设备，请选择！

[2022-04-21 10:33:26]串口:COM99打开故障

[2022-04-21 10:33:26]led屏串口打开失败！

[2022-04-21 10:33:28]串口:COM7打开故障

[2022-04-21 10:33:28]设备被启动！

[2022-04-21 10:33:28]与服务器连接成功！

[2022-04-21 10:33:28]相机索引错误

[2022-04-21 10:33:29]相机索引错误

[2022-04-21 10:33:29]相机索引错误

[2022-04-21 10:33:33]串口:COM1打开故障

[2022-04-21 10:33:33]相机索引错误

[2022-04-21 10:33:33]没有设备，请选择！

[2022-04-21 10:33:33]相机索引错误

[2022-04-21 10:33:33]没有设备，请选择！

[2022-04-21 10:33:34]相机索引错误

[2022-04-21 10:33:34]没有设备，请选择！

[2022-04-21 10:35:46]串口:COM99打开故障

[2022-04-21 10:35:46]led屏串口打开失败！

[2022-04-21 10:35:47]串口:COM7打开故障

[2022-04-21 10:35:47]设备被启动！

[2022-04-21 10:35:47]与服务器连接成功！

[2022-04-21 10:35:48]相机索引错误

[2022-04-21 10:35:48]相机索引错误

[2022-04-21 10:35:48]相机索引错误

[2022-04-21 10:35:54]串口:COM1打开故障

[2022-04-21 10:35:54]相机索引错误

[2022-04-21 10:35:54]没有设备，请选择！

[2022-04-21 10:35:54]相机索引错误

[2022-04-21 10:35:54]没有设备，请选择！

[2022-04-21 10:35:55]相机索引错误

[2022-04-21 10:35:55]没有设备，请选择！

[2022-04-21 10:40:28]串口:COM99打开故障

[2022-04-21 10:40:28]led屏串口打开失败！

[2022-04-21 10:40:29]串口:COM7打开故障

[2022-04-21 10:40:29]设备被启动！

[2022-04-21 10:40:29]与服务器连接成功！

[2022-04-21 10:40:30]相机索引错误

[2022-04-21 10:40:30]相机索引错误

[2022-04-21 10:40:30]相机索引错误

[2022-04-21 10:42:47]串口:COM99打开故障

[2022-04-21 10:42:47]led屏串口打开失败！

[2022-04-21 10:42:48]串口:COM7打开故障

[2022-04-21 10:42:48]设备被启动！

[2022-04-21 10:42:48]与服务器连接成功！

[2022-04-21 10:42:49]相机索引错误

[2022-04-21 10:42:49]相机索引错误

[2022-04-21 10:42:49]相机索引错误

[2022-04-21 10:43:22]CQ12串口打开成功！

[2022-04-21 10:43:23]相机索引错误

[2022-04-21 10:43:23]没有设备，请选择！

[2022-04-21 10:43:24]相机索引错误

[2022-04-21 10:43:24]没有设备，请选择！

[2022-04-21 10:43:24]相机索引错误

[2022-04-21 10:43:24]没有设备，请选择！

[2022-04-21 10:48:34]串口:COM99打开故障

[2022-04-21 10:48:34]led屏串口打开失败！

[2022-04-21 10:48:36]串口:COM7打开故障

[2022-04-21 10:48:36]设备被启动！

[2022-04-21 10:48:36]与服务器连接成功！

[2022-04-21 10:48:36]相机索引错误

[2022-04-21 10:48:37]相机索引错误

[2022-04-21 10:48:37]相机索引错误

[2022-04-21 10:48:43]CQ12串口打开成功！

[2022-04-21 10:48:43]相机索引错误

[2022-04-21 10:48:43]没有设备，请选择！

[2022-04-21 10:48:43]相机索引错误

[2022-04-21 10:48:43]没有设备，请选择！

[2022-04-21 10:48:43]相机索引错误

[2022-04-21 10:48:43]没有设备，请选择！

[2022-04-21 10:50:08]串口:COM99打开故障

[2022-04-21 10:50:08]led屏串口打开失败！

[2022-04-21 10:50:09]串口:COM7打开故障

[2022-04-21 10:50:09]设备被启动！

[2022-04-21 10:50:09]与服务器连接成功！

[2022-04-21 10:50:10]相机索引错误

[2022-04-21 10:50:10]相机索引错误

[2022-04-21 10:50:10]相机索引错误

[2022-04-21 10:50:21]CQ12串口打开成功！

[2022-04-21 10:50:45]相机索引错误

[2022-04-21 10:50:45]没有设备，请选择！

[2022-04-21 10:50:46]相机索引错误

[2022-04-21 10:50:46]没有设备，请选择！

[2022-04-21 10:50:46]相机索引错误

[2022-04-21 10:50:46]没有设备，请选择！

[2022-04-21 10:56:19]串口:COM99打开故障

[2022-04-21 10:56:19]led屏串口打开失败！

[2022-04-21 10:56:21]串口:COM7打开故障

[2022-04-21 10:56:21]设备被启动！

[2022-04-21 10:56:21]与服务器连接成功！

[2022-04-21 10:56:21]相机索引错误

[2022-04-21 10:56:21]相机索引错误

[2022-04-21 10:56:22]相机索引错误

[2022-04-21 10:56:25]CQ12串口打开成功！

[2022-04-21 10:56:42]相机索引错误

[2022-04-21 10:57:12]串口:COM99打开故障

[2022-04-21 10:57:12]led屏串口打开失败！

[2022-04-21 10:57:13]串口:COM7打开故障

[2022-04-21 10:57:13]设备被启动！

[2022-04-21 10:57:13]与服务器连接成功！

[2022-04-21 10:57:14]相机索引错误

[2022-04-21 10:57:14]相机索引错误

[2022-04-21 10:57:14]相机索引错误

[2022-04-21 10:57:14]CQ12串口打开成功！

[2022-04-21 10:59:20]串口:COM99打开故障

[2022-04-21 10:59:20]led屏串口打开失败！

[2022-04-21 10:59:21]串口:COM7打开故障

[2022-04-21 10:59:21]设备被启动！

[2022-04-21 10:59:21]与服务器连接成功！

[2022-04-21 10:59:22]相机索引错误

[2022-04-21 10:59:22]相机索引错误

[2022-04-21 10:59:22]相机索引错误

[2022-04-21 10:59:22]CQ12串口打开成功！

[2022-04-21 10:59:28]相机索引错误

[2022-04-21 10:59:28]没有设备，请选择！

[2022-04-21 10:59:28]相机索引错误

[2022-04-21 10:59:28]没有设备，请选择！

[2022-04-21 10:59:33]相机索引错误

[2022-04-21 10:59:33]没有设备，请选择！

[2022-04-21 11:05:01]串口:COM99打开故障

[2022-04-21 11:05:01]led屏串口打开失败！

[2022-04-21 11:05:04]串口:COM7打开故障

[2022-04-21 11:05:04]设备被启动！

[2022-04-21 11:05:04]与服务器连接成功！

[2022-04-21 11:05:05]相机索引错误

[2022-04-21 11:05:05]相机索引错误

[2022-04-21 11:05:05]相机索引错误

[2022-04-21 11:05:05]CQ12串口打开成功！

[2022-04-21 11:05:14]相机索引错误

[2022-04-21 11:05:14]没有设备，请选择！

[2022-04-21 11:05:15]相机索引错误

[2022-04-21 11:05:15]没有设备，请选择！

[2022-04-21 11:05:15]相机索引错误

[2022-04-21 11:05:15]没有设备，请选择！

[2022-04-21 11:10:59]串口:COM99打开故障

[2022-04-21 11:10:59]led屏串口打开失败！

[2022-04-21 11:11:01]串口:COM7打开故障

[2022-04-21 11:11:02]设备被启动！

[2022-04-21 11:11:02]与服务器连接成功！

[2022-04-21 11:11:02]相机索引错误

[2022-04-21 11:11:02]相机索引错误

[2022-04-21 11:11:03]相机索引错误

[2022-04-21 11:11:03]CQ12串口打开成功！

[2022-04-21 11:11:03]相机索引错误

[2022-04-21 11:11:03]没有设备，请选择！

[2022-04-21 11:11:03]相机索引错误

[2022-04-21 11:11:03]没有设备，请选择！

[2022-04-21 11:11:04]相机索引错误

[2022-04-21 11:11:04]没有设备，请选择！

[2022-04-21 11:15:21]串口:COM99打开故障

[2022-04-21 11:15:21]led屏串口打开失败！

[2022-04-21 11:15:23]串口:COM7打开故障

[2022-04-21 11:15:23]设备被启动！

[2022-04-21 11:15:23]与服务器连接成功！

[2022-04-21 11:15:23]相机索引错误

[2022-04-21 11:15:24]相机索引错误

[2022-04-21 11:15:24]相机索引错误

[2022-04-21 11:15:24]CQ12串口打开成功！

[2022-04-21 11:15:24]相机索引错误

[2022-04-21 11:15:24]没有设备，请选择！

[2022-04-21 11:15:25]相机索引错误

[2022-04-21 11:15:25]没有设备，请选择！

[2022-04-21 11:15:25]相机索引错误

[2022-04-21 11:15:25]没有设备，请选择！

[2022-04-21 11:16:43]串口:COM99打开故障

[2022-04-21 11:16:43]led屏串口打开失败！

[2022-04-21 11:16:44]串口:COM7打开故障

[2022-04-21 11:16:44]设备被启动！

[2022-04-21 11:16:44]与服务器连接成功！

[2022-04-21 11:16:44]相机索引错误

[2022-04-21 11:16:44]相机索引错误

[2022-04-21 11:16:45]相机索引错误

[2022-04-21 11:16:45]CQ12串口打开成功！

[2022-04-21 11:16:45]相机索引错误

[2022-04-21 11:16:45]没有设备，请选择！

[2022-04-21 11:16:45]相机索引错误

[2022-04-21 11:16:45]没有设备，请选择！

[2022-04-21 11:16:46]相机索引错误

[2022-04-21 11:16:46]没有设备，请选择！

[2022-04-21 11:25:33]串口:COM99打开故障

[2022-04-21 11:25:33]led屏串口打开失败！

[2022-04-21 11:25:40]串口:COM7打开故障

[2022-04-21 11:26:28]设备被启动！

[2022-04-21 11:26:28]与服务器连接成功！

[2022-04-21 11:26:28]相机索引错误

[2022-04-21 11:26:28]相机索引错误

[2022-04-21 11:26:29]相机索引错误

[2022-04-21 11:26:32]CQ12串口打开成功！

[2022-04-21 11:26:32]相机索引错误

[2022-04-21 11:26:32]没有设备，请选择！

[2022-04-21 11:26:32]相机索引错误

[2022-04-21 11:26:32]没有设备，请选择！

[2022-04-21 11:26:32]相机索引错误

[2022-04-21 11:26:32]没有设备，请选择！

[2022-04-21 11:49:31]串口:COM99打开故障

[2022-04-21 11:49:31]led屏串口打开失败！

[2022-04-21 11:49:47]串口:COM7打开故障

[2022-04-21 11:53:23]设备被启动！

[2022-04-21 11:53:23]与服务器连接成功！

[2022-04-21 11:53:23]相机索引错误

[2022-04-21 11:53:23]相机索引错误

[2022-04-21 11:53:24]相机索引错误

[2022-04-21 11:53:24]CQ12串口打开成功！

[2022-04-21 11:53:24]相机索引错误

[2022-04-21 11:53:24]没有设备，请选择！

[2022-04-21 11:53:24]相机索引错误

[2022-04-21 11:53:24]没有设备，请选择！

[2022-04-21 11:53:25]相机索引错误

[2022-04-21 11:53:25]没有设备，请选择！

[2022-04-21 11:54:29]串口:COM99打开故障

[2022-04-21 11:54:29]led屏串口打开失败！

[2022-04-21 11:54:36]串口:COM7打开故障

[2022-04-21 11:54:39]串口:COM7打开故障

[2022-04-21 11:54:39]设备被启动！

[2022-04-21 11:54:39]与服务器连接成功！

[2022-04-21 11:54:39]相机索引错误

[2022-04-21 11:54:40]相机索引错误

[2022-04-21 11:54:40]相机索引错误

[2022-04-21 11:54:40]CQ12串口打开成功！

[2022-04-21 11:54:40]相机索引错误

[2022-04-21 11:54:40]没有设备，请选择！

[2022-04-21 11:54:41]相机索引错误

[2022-04-21 11:54:41]没有设备，请选择！

[2022-04-21 11:54:41]相机索引错误

[2022-04-21 11:54:41]没有设备，请选择！

[2022-04-21 11:58:22]串口:COM99打开故障

[2022-04-21 11:58:22]led屏串口打开失败！

[2022-04-21 11:58:27]串口:COM7打开故障

[2022-04-21 11:58:28]设备被启动！

[2022-04-21 11:58:28]与服务器连接成功！

[2022-04-21 11:58:29]相机索引错误

[2022-04-21 11:58:29]相机索引错误

[2022-04-21 11:58:29]相机索引错误

[2022-04-21 11:58:29]CQ12串口打开成功！

[2022-04-21 11:58:30]相机索引错误

[2022-04-21 11:58:30]没有设备，请选择！

[2022-04-21 11:58:30]相机索引错误

[2022-04-21 11:58:30]没有设备，请选择！

[2022-04-21 11:58:30]相机索引错误

[2022-04-21 11:58:30]没有设备，请选择！

[2022-04-21 13:14:42]串口:COM99打开故障

[2022-04-21 13:14:42]led屏串口打开失败！

[2022-04-21 13:14:49]串口:COM7打开故障

[2022-04-21 13:14:50]设备被启动！

[2022-04-21 13:14:50]与服务器连接成功！

[2022-04-21 13:14:51]相机索引错误

[2022-04-21 13:14:51]相机索引错误

[2022-04-21 13:14:51]相机索引错误

[2022-04-21 13:14:51]CQ12串口打开成功！

[2022-04-21 13:14:52]相机索引错误

[2022-04-21 13:14:52]没有设备，请选择！

[2022-04-21 13:14:52]相机索引错误

[2022-04-21 13:14:52]没有设备，请选择！

[2022-04-21 13:14:52]相机索引错误

[2022-04-21 13:14:52]没有设备，请选择！

[2022-04-21 13:16:38]区域1 标题：祥符区八里湾基地

[2022-04-21 13:16:38]区域2 内容：温度:29.7℃ 湿度:82%

[2022-04-21 13:16:38]区域3 内容：大气压:97.81Kpa

[2022-04-21 13:16:38]区域4 内容：二氧化碳:447ppm

[2022-04-21 13:16:38]区域5 内容：风向:西北 风速:1m/s

[2022-04-21 13:16:39]Get token md5 Str：sendmsg={"cmd":{"delete":{"del_all":1}},"ids_dev":"1214120042","sno":1}&ts=1650518199&type=pkts_program&user=zzokq&key=a269bba5b48f588e4456b12200d82e0b

[2022-04-21 13:16:39]发送清屏指令：{"user":"zzokq","ts":"1650518199","sendmsg":"{\"cmd\":{\"delete\":{\"del_all\":1}},\"ids_dev\":\"1214120042\",\"sno\":1}","type":"pkts_program","token":"1AB9F179D6E440BA8B2664FF7E448C03"}

[2022-04-21 13:16:39]收到：{"sno":1248422322}

[2022-04-21 13:16:39]Get token md5 Str：sendmsg={"pkts_program":{"property_pro":{"width":80,"height":160},"list_region":[{"info_pos":{"x":0,"y":0,"w":160,"h":16},"list_item":[{"info_animate":{"model_continue":null,"speed":null},"type_item":"text","text":"祥符区八里湾基地"}]},{"info_pos":{"x":0,"y":16,"w":160,"h":16},"list_item":[{"info_animate":{"model_continue":null,"speed":null},"type_item":"text","text":"温度:29.7℃ 湿度:82%"}]},{"info_pos":{"x":0,"y":32,"w":160,"h":16},"list_item":[{"info_animate":{"model_continue":null,"speed":null},"type_item":"text","text":"大气压:97.81Kpa"}]},{"info_pos":{"x":0,"y":48,"w":160,"h":16},"list_item":[{"info_animate":{"model_continue":null,"speed":null},"type_item":"text","text":"二氧化碳:447ppm"}]},{"info_pos":{"x":0,"y":64,"w":160,"h":16},"list_item":[{"info_animate":{"model_continue":null,"speed":null},"type_item":"text","text":"风向:西北 风速:1m/s"}]}],"id_pro":1},"ids_dev":"1214120042","sno":1}&ts=1650518199&type=pkts_program&user=zzokq&key=a269bba5b48f588e4456b12200d82e0b

[2022-04-21 13:16:39]发送展示数据指令：{"user":"zzokq","ts":"1650518199","sendmsg":"{\"pkts_program\":{\"property_pro\":{\"width\":80,\"height\":160},\"list_region\":[{\"info_pos\":{\"x\":0,\"y\":0,\"w\":160,\"h\":16},\"list_item\":[{\"info_animate\":{\"model_continue\":null,\"speed\":null},\"type_item\":\"text\",\"text\":\"祥符区八里湾基地\"}]},{\"info_pos\":{\"x\":0,\"y\":16,\"w\":160,\"h\":16},\"list_item\":[{\"info_animate\":{\"model_continue\":null,\"speed\":null},\"type_item\":\"text\",\"text\":\"温度:29.7℃ 湿度:82%\"}]},{\"info_pos\":{\"x\":0,\"y\":32,\"w\":160,\"h\":16},\"list_item\":[{\"info_animate\":{\"model_continue\":null,\"speed\":null},\"type_item\":\"text\",\"text\":\"大气压:97.81Kpa\"}]},{\"info_pos\":{\"x\":0,\"y\":48,\"w\":160,\"h\":16},\"list_item\":[{\"info_animate\":{\"model_continue\":null,\"speed\":null},\"type_item\":\"text\",\"text\":\"二氧化碳:447ppm\"}]},{\"info_pos\":{\"x\":0,\"y\":64,\"w\":160,\"h\":16},\"list_item\":[{\"info_animate\":{\"model_continue\":null,\"speed\":null},\"type_item\":\"text\",\"text\":\"风向:西北 风速:1m/s\"}]}],\"id_pro\":1},\"ids_dev\":\"1214120042\",\"sno\":1}","type":"pkts_program","token":"79A3C4E30CB3451720A5277CF8A15A3F"}

[2022-04-21 13:16:39]收到：{"sno":1248422326}

[2022-04-21 13:22:39]串口:COM99打开故障

[2022-04-21 13:22:39]led屏串口打开失败！

[2022-04-21 13:26:13]串口:COM99打开故障

[2022-04-21 13:26:13]led屏串口打开失败！

[2022-04-21 13:26:14]串口:COM7打开故障

[2022-04-21 13:26:17]设备被启动！

[2022-04-21 13:26:17]与服务器连接成功！

[2022-04-21 13:26:18]相机索引错误

[2022-04-21 13:26:18]相机索引错误

[2022-04-21 13:26:18]相机索引错误

[2022-04-21 13:26:18]CQ12串口打开成功！

[2022-04-21 13:26:19]相机索引错误

[2022-04-21 13:26:19]没有设备，请选择！

[2022-04-21 13:26:19]相机索引错误

[2022-04-21 13:26:19]没有设备，请选择！

[2022-04-21 13:26:19]相机索引错误

[2022-04-21 13:26:19]没有设备，请选择！

[2022-04-21 13:31:58]串口:COM99打开故障

[2022-04-21 13:31:58]led屏串口打开失败！

[2022-04-21 13:32:00]串口:COM7打开故障

[2022-04-21 13:32:05]设备被启动！

[2022-04-21 13:32:05]与服务器连接成功！

[2022-04-21 13:32:05]相机索引错误

[2022-04-21 13:32:05]相机索引错误

[2022-04-21 13:32:05]相机索引错误

[2022-04-21 13:32:06]CQ12串口打开成功！

[2022-04-21 13:32:06]相机索引错误

[2022-04-21 13:32:06]没有设备，请选择！

[2022-04-21 13:32:06]相机索引错误

[2022-04-21 13:32:06]没有设备，请选择！

[2022-04-21 13:32:06]相机索引错误

[2022-04-21 13:32:06]没有设备，请选择！

[2022-04-21 13:41:45]串口:COM99打开故障

[2022-04-21 13:41:45]led屏串口打开失败！

[2022-04-21 13:41:47]串口:COM7打开故障

[2022-04-21 13:41:48]设备被启动！

[2022-04-21 13:41:48]与服务器连接成功！

[2022-04-21 13:41:48]相机索引错误

[2022-04-21 13:41:48]相机索引错误

[2022-04-21 13:41:49]相机索引错误

[2022-04-21 13:41:49]CQ12串口打开成功！

[2022-04-21 13:41:49]相机索引错误

[2022-04-21 13:41:49]没有设备，请选择！

[2022-04-21 13:41:49]相机索引错误

[2022-04-21 13:41:49]没有设备，请选择！

[2022-04-21 13:41:50]相机索引错误

[2022-04-21 13:41:50]没有设备，请选择！

[2022-04-21 13:42:32]串口:COM99打开故障

[2022-04-21 13:42:32]led屏串口打开失败！

[2022-04-21 13:42:34]串口:COM7打开故障

[2022-04-21 13:42:34]设备被启动！

[2022-04-21 13:42:34]与服务器连接成功！

[2022-04-21 13:42:34]相机索引错误

[2022-04-21 13:42:35]相机索引错误

[2022-04-21 13:42:35]相机索引错误

[2022-04-21 13:42:35]CQ12串口打开成功！

[2022-04-21 13:42:35]相机索引错误

[2022-04-21 13:42:35]没有设备，请选择！

[2022-04-21 13:42:36]相机索引错误

[2022-04-21 13:42:36]没有设备，请选择！

[2022-04-21 13:42:36]相机索引错误

[2022-04-21 13:42:36]没有设备，请选择！

[2022-04-21 13:44:10]串口:COM99打开故障

[2022-04-21 13:44:10]led屏串口打开失败！

[2022-04-21 13:44:12]串口:COM7打开故障

[2022-04-21 13:44:12]设备被启动！

[2022-04-21 13:44:12]与服务器连接成功！

[2022-04-21 13:44:13]相机索引错误

[2022-04-21 13:44:13]相机索引错误

[2022-04-21 13:44:13]相机索引错误

[2022-04-21 13:44:13]CQ12串口打开成功！

[2022-04-21 13:44:13]相机索引错误

[2022-04-21 13:44:13]没有设备，请选择！

[2022-04-21 13:44:14]相机索引错误

[2022-04-21 13:44:14]没有设备，请选择！

[2022-04-21 13:44:14]相机索引错误

[2022-04-21 13:44:14]没有设备，请选择！

[2022-04-21 13:44:35]串口:COM99打开故障

[2022-04-21 13:44:35]led屏串口打开失败！

[2022-04-21 13:44:37]串口:COM7打开故障

[2022-04-21 13:44:37]设备被启动！

[2022-04-21 13:44:37]与服务器连接成功！

[2022-04-21 13:44:37]相机索引错误

[2022-04-21 13:44:37]相机索引错误

[2022-04-21 13:44:38]相机索引错误

[2022-04-21 13:44:38]CQ12串口打开成功！

[2022-04-21 13:44:38]相机索引错误

[2022-04-21 13:44:38]没有设备，请选择！

[2022-04-21 13:44:38]相机索引错误

[2022-04-21 13:44:38]没有设备，请选择！

[2022-04-21 13:44:39]相机索引错误

[2022-04-21 13:44:39]没有设备，请选择！

[2022-04-21 14:02:39]串口:COM99打开故障

[2022-04-21 14:02:39]led屏串口打开失败！

[2022-04-21 14:02:42]串口:COM7打开故障

[2022-04-21 14:02:42]设备被启动！

[2022-04-21 14:02:42]与服务器连接成功！

[2022-04-21 14:02:42]相机索引错误

[2022-04-21 14:02:43]相机索引错误

[2022-04-21 14:02:43]相机索引错误

[2022-04-21 14:02:43]CQ12串口打开成功！

[2022-04-21 14:02:43]相机索引错误

[2022-04-21 14:02:43]没有设备，请选择！

[2022-04-21 14:02:43]相机索引错误

[2022-04-21 14:02:44]没有设备，请选择！

[2022-04-21 14:02:44]相机索引错误

[2022-04-21 14:02:44]没有设备，请选择！

[2022-04-21 14:04:11]串口:COM99打开故障

[2022-04-21 14:04:11]led屏串口打开失败！

[2022-04-21 14:04:12]串口:COM7打开故障

[2022-04-21 14:04:13]设备被启动！

[2022-04-21 14:04:13]与服务器连接成功！

[2022-04-21 14:04:13]相机索引错误

[2022-04-21 14:04:13]相机索引错误

[2022-04-21 14:04:14]相机索引错误

[2022-04-21 14:04:14]CQ12串口打开成功！

[2022-04-21 14:04:14]相机索引错误

[2022-04-21 14:04:14]没有设备，请选择！

[2022-04-21 14:04:14]相机索引错误

[2022-04-21 14:04:14]没有设备，请选择！

[2022-04-21 14:04:14]相机索引错误

[2022-04-21 14:04:14]没有设备，请选择！

[2022-04-21 14:06:45]串口:COM99打开故障

[2022-04-21 14:06:45]led屏串口打开失败！

[2022-04-21 14:06:47]串口:COM7打开故障

[2022-04-21 14:06:47]设备被启动！

[2022-04-21 14:06:47]与服务器连接成功！

[2022-04-21 14:06:47]相机索引错误

[2022-04-21 14:06:47]相机索引错误

[2022-04-21 14:06:48]相机索引错误

[2022-04-21 14:06:48]CQ12串口打开成功！

[2022-04-21 14:06:48]相机索引错误

[2022-04-21 14:06:48]没有设备，请选择！

[2022-04-21 14:06:48]相机索引错误

[2022-04-21 14:06:48]没有设备，请选择！

[2022-04-21 14:06:49]相机索引错误

[2022-04-21 14:06:49]没有设备，请选择！

[2022-04-21 14:14:11]串口:COM99打开故障

[2022-04-21 14:14:11]led屏串口打开失败！

[2022-04-21 14:14:12]串口:COM7打开故障

[2022-04-21 14:14:13]设备被启动！

[2022-04-21 14:14:13]与服务器连接成功！

[2022-04-21 14:14:13]相机索引错误

[2022-04-21 14:14:13]相机索引错误

[2022-04-21 14:14:14]相机索引错误

[2022-04-21 14:14:14]CQ12串口打开成功！

[2022-04-21 14:14:14]相机索引错误

[2022-04-21 14:14:14]没有设备，请选择！

[2022-04-21 14:14:14]相机索引错误

[2022-04-21 14:14:14]没有设备，请选择！

[2022-04-21 14:14:15]相机索引错误

[2022-04-21 14:14:15]没有设备，请选择！

[2022-04-21 14:16:54]串口:COM99打开故障

[2022-04-21 14:16:54]led屏串口打开失败！

[2022-04-21 14:16:56]串口:COM7打开故障

[2022-04-21 14:16:56]设备被启动！

[2022-04-21 14:16:56]与服务器连接成功！

[2022-04-21 14:16:56]相机索引错误

[2022-04-21 14:16:57]相机索引错误

[2022-04-21 14:16:57]相机索引错误

[2022-04-21 14:16:57]CQ12串口打开成功！

[2022-04-21 14:16:57]相机索引错误

[2022-04-21 14:16:57]没有设备，请选择！

[2022-04-21 14:16:58]相机索引错误

[2022-04-21 14:16:58]没有设备，请选择！

[2022-04-21 14:16:58]相机索引错误

[2022-04-21 14:16:58]没有设备，请选择！

[2022-04-21 14:18:08]串口:COM99打开故障

[2022-04-21 14:18:08]led屏串口打开失败！

[2022-04-21 14:18:11]串口:COM7打开故障

[2022-04-21 14:18:11]设备被启动！

[2022-04-21 14:18:11]与服务器连接成功！

[2022-04-21 14:18:11]相机索引错误

[2022-04-21 14:18:12]相机索引错误

[2022-04-21 14:18:12]相机索引错误

[2022-04-21 14:18:12]CQ12串口打开成功！

[2022-04-21 14:18:12]相机索引错误

[2022-04-21 14:18:12]没有设备，请选择！

[2022-04-21 14:18:13]相机索引错误

[2022-04-21 14:18:13]没有设备，请选择！

[2022-04-21 14:18:13]相机索引错误

[2022-04-21 14:18:13]没有设备，请选择！

[2022-04-21 14:20:39]串口:COM99打开故障

[2022-04-21 14:20:39]led屏串口打开失败！

[2022-04-21 14:20:57]串口:COM7打开故障

[2022-04-21 14:21:31]小气候串口打开成功！

[2022-04-21 14:21:31]设备被启动！

[2022-04-21 14:21:31]与服务器连接成功！

[2022-04-21 14:21:32]相机索引错误

[2022-04-21 14:21:32]相机索引错误

[2022-04-21 14:21:32]相机索引错误

[2022-04-21 14:21:32]CQ12串口打开成功！

[2022-04-21 14:21:33]相机索引错误

[2022-04-21 14:21:33]没有设备，请选择！

[2022-04-21 14:21:33]相机索引错误

[2022-04-21 14:21:33]没有设备，请选择！

[2022-04-21 14:21:33]相机索引错误

[2022-04-21 14:21:33]没有设备，请选择！

[2022-04-21 14:27:26]串口:COM99打开故障

[2022-04-21 14:27:27]led屏串口打开失败！

[2022-04-21 14:27:30]串口:COM7打开故障

[2022-04-21 14:27:31]设备被启动！

[2022-04-21 14:27:31]与服务器连接成功！

[2022-04-21 14:27:31]相机索引错误

[2022-04-21 14:27:31]相机索引错误

[2022-04-21 14:27:31]相机索引错误

[2022-04-21 14:27:32]CQ12串口打开成功！

[2022-04-21 14:27:32]相机索引错误

[2022-04-21 14:27:32]没有设备，请选择！

[2022-04-21 14:27:32]相机索引错误

[2022-04-21 14:27:32]没有设备，请选择！

[2022-04-21 14:27:32]相机索引错误

[2022-04-21 14:27:32]没有设备，请选择！

[2022-04-21 14:46:12]串口:COM99打开故障

[2022-04-21 14:46:12]led屏串口打开失败！

[2022-04-21 14:46:19]串口:COM7打开故障

[2022-04-21 14:47:01]设备被启动！

[2022-04-21 14:47:01]与服务器连接成功！

[2022-04-21 14:47:01]相机索引错误

[2022-04-21 14:47:01]相机索引错误

[2022-04-21 14:47:02]相机索引错误

[2022-04-21 14:47:02]CQ12串口打开成功！

[2022-04-21 14:47:02]相机索引错误

[2022-04-21 14:47:02]没有设备，请选择！

[2022-04-21 14:47:02]相机索引错误

[2022-04-21 14:47:02]没有设备，请选择！

[2022-04-21 14:47:03]相机索引错误

[2022-04-21 14:47:03]没有设备，请选择！

[2022-04-21 14:47:28]串口:COM99打开故障

[2022-04-21 14:47:28]led屏串口打开失败！

[2022-04-21 14:47:36]串口:COM7打开故障

[2022-04-21 14:48:00]设备被启动！

[2022-04-21 14:48:00]与服务器连接成功！

[2022-04-21 14:48:01]相机索引错误

[2022-04-21 14:48:01]相机索引错误

[2022-04-21 14:48:01]相机索引错误

[2022-04-21 14:48:01]CQ12串口打开成功！

[2022-04-21 14:48:02]相机索引错误

[2022-04-21 14:48:02]没有设备，请选择！

[2022-04-21 14:48:02]相机索引错误

[2022-04-21 14:48:02]没有设备，请选择！

[2022-04-21 14:48:02]相机索引错误

[2022-04-21 14:48:02]没有设备，请选择！

[2022-04-21 14:48:17]串口:COM99打开故障

[2022-04-21 14:48:17]led屏串口打开失败！

[2022-04-21 14:48:21]串口:COM7打开故障

[2022-04-21 14:48:31]设备被启动！

[2022-04-21 14:48:31]与服务器连接成功！

[2022-04-21 14:48:31]相机索引错误

[2022-04-21 14:48:31]相机索引错误

[2022-04-21 14:48:32]相机索引错误

[2022-04-21 14:48:32]CQ12串口打开成功！

[2022-04-21 14:48:32]相机索引错误

[2022-04-21 14:48:32]没有设备，请选择！

[2022-04-21 14:48:32]相机索引错误

[2022-04-21 14:48:32]没有设备，请选择！

[2022-04-21 14:48:33]相机索引错误

[2022-04-21 14:48:33]没有设备，请选择！

[2022-04-21 14:48:51]串口:COM99打开故障

[2022-04-21 14:48:51]led屏串口打开失败！

[2022-04-21 14:48:57]串口:COM7打开故障

[2022-04-21 14:50:00]设备被启动！

[2022-04-21 14:50:00]与服务器连接成功！

[2022-04-21 14:50:00]程序运行磁盘剩余空间：237.0704 GB

[2022-04-21 14:50:00]相机索引错误

[2022-04-21 14:50:00]相机索引错误

[2022-04-21 14:50:01]相机索引错误

[2022-04-21 14:50:01]CQ12串口打开成功！

[2022-04-21 14:50:01]相机索引错误

[2022-04-21 14:50:01]没有设备，请选择！

[2022-04-21 14:50:01]相机索引错误

[2022-04-21 14:50:01]没有设备，请选择！

[2022-04-21 14:57:12]串口:COM99打开故障

[2022-04-21 14:57:12]led屏串口打开失败！

[2022-04-21 14:57:19]串口:COM7打开故障

[2022-04-21 14:59:22]串口:COM99打开故障

[2022-04-21 14:59:22]led屏串口打开失败！

[2022-04-21 14:59:24]串口:COM7打开故障

[2022-04-21 14:59:29]设备被启动！

[2022-04-21 14:59:29]与服务器连接成功！

[2022-04-21 14:59:30]相机索引错误

[2022-04-21 14:59:30]相机索引错误

[2022-04-21 14:59:30]相机索引错误

[2022-04-21 14:59:30]CQ12串口打开成功！

[2022-04-21 14:59:31]相机索引错误

[2022-04-21 14:59:31]没有设备，请选择！

[2022-04-21 14:59:31]相机索引错误

[2022-04-21 14:59:31]没有设备，请选择！

[2022-04-21 14:59:31]相机索引错误

[2022-04-21 14:59:31]没有设备，请选择！

[2022-04-21 15:18:31]串口:COM99打开故障

[2022-04-21 15:18:31]led屏串口打开失败！

[2022-04-21 15:18:33]串口:COM7打开故障

[2022-04-21 15:18:36]设备被启动！

[2022-04-21 15:18:36]与服务器连接成功！

[2022-04-21 15:18:37]相机索引错误

[2022-04-21 15:18:37]相机索引错误

[2022-04-21 15:18:37]相机索引错误

[2022-04-21 15:18:37]CQ12串口打开成功！

[2022-04-21 15:18:38]相机索引错误

[2022-04-21 15:18:38]没有设备，请选择！

[2022-04-21 15:18:38]相机索引错误

[2022-04-21 15:18:38]没有设备，请选择！

[2022-04-21 15:18:38]相机索引错误

[2022-04-21 15:18:38]没有设备，请选择！

[2022-04-21 15:21:52]串口:COM99打开故障

[2022-04-21 15:21:52]led屏串口打开失败！

[2022-04-21 15:21:54]串口:COM7打开故障

[2022-04-21 15:21:56]设备被启动！

[2022-04-21 15:21:56]与服务器连接成功！

[2022-04-21 15:21:57]相机索引错误

[2022-04-21 15:21:57]相机索引错误

[2022-04-21 15:21:57]相机索引错误

[2022-04-21 15:21:57]CQ12串口打开成功！

[2022-04-21 15:21:58]相机索引错误

[2022-04-21 15:21:58]没有设备，请选择！

[2022-04-21 15:21:58]相机索引错误

[2022-04-21 15:21:58]没有设备，请选择！

[2022-04-21 15:21:58]相机索引错误

[2022-04-21 15:21:58]没有设备，请选择！

[2022-04-21 15:22:48]串口:COM99打开故障

[2022-04-21 15:22:48]led屏串口打开失败！

[2022-04-21 15:22:50]串口:COM7打开故障

[2022-04-21 15:22:52]设备被启动！

[2022-04-21 15:22:52]与服务器连接成功！

[2022-04-21 15:22:53]相机索引错误

[2022-04-21 15:22:53]相机索引错误

[2022-04-21 15:22:53]相机索引错误

[2022-04-21 15:22:54]CQ12串口打开成功！

[2022-04-21 15:22:54]相机索引错误

[2022-04-21 15:22:54]没有设备，请选择！

[2022-04-21 15:22:54]相机索引错误

[2022-04-21 15:22:54]没有设备，请选择！

[2022-04-21 15:22:54]相机索引错误

[2022-04-21 15:22:54]没有设备，请选择！

[2022-04-21 15:23:32]串口:COM99打开故障

[2022-04-21 15:23:32]led屏串口打开失败！

[2022-04-21 15:23:34]串口:COM7打开故障

[2022-04-21 15:23:36]设备被启动！

[2022-04-21 15:23:36]与服务器连接成功！

[2022-04-21 15:23:37]相机索引错误

[2022-04-21 15:23:37]相机索引错误

[2022-04-21 15:23:37]相机索引错误

[2022-04-21 15:23:37]CQ12串口打开成功！

[2022-04-21 15:23:37]相机索引错误

[2022-04-21 15:23:37]没有设备，请选择！

[2022-04-21 15:23:38]相机索引错误

[2022-04-21 15:23:38]没有设备，请选择！

[2022-04-21 15:23:38]相机索引错误

[2022-04-21 15:23:38]没有设备，请选择！

[2022-04-21 15:28:39]串口:COM99打开故障

[2022-04-21 15:28:39]led屏串口打开失败！

[2022-04-21 15:28:42]串口:COM7打开故障

[2022-04-21 15:28:48]设备被启动！

[2022-04-21 15:28:48]与服务器连接成功！

[2022-04-21 15:28:49]相机索引错误

[2022-04-21 15:28:49]相机索引错误

[2022-04-21 15:28:49]相机索引错误

[2022-04-21 15:28:49]CQ12串口打开成功！

[2022-04-21 15:28:50]相机索引错误

[2022-04-21 15:28:50]没有设备，请选择！

[2022-04-21 15:28:50]相机索引错误

[2022-04-21 15:28:50]没有设备，请选择！

[2022-04-21 15:28:50]相机索引错误

[2022-04-21 15:28:50]没有设备，请选择！

[2022-04-21 15:54:00]串口:COM99打开故障

[2022-04-21 15:54:01]led屏串口打开失败！

[2022-04-21 15:54:02]串口:COM7打开故障

[2022-04-21 15:54:07]设备被启动！

[2022-04-21 15:54:07]与服务器连接成功！

[2022-04-21 15:54:08]相机索引错误

[2022-04-21 15:54:08]相机索引错误

[2022-04-21 15:54:08]相机索引错误

[2022-04-21 15:54:08]CQ12串口打开成功！

[2022-04-21 15:54:08]相机索引错误

[2022-04-21 15:54:08]没有设备，请选择！

[2022-04-21 15:54:09]相机索引错误

[2022-04-21 15:54:09]没有设备，请选择！

[2022-04-21 15:54:09]相机索引错误

[2022-04-21 15:54:09]没有设备，请选择！

[2022-04-21 16:05:23]串口:COM99打开故障

[2022-04-21 16:05:23]led屏串口打开失败！

[2022-04-21 16:05:25]串口:COM7打开故障

[2022-04-21 16:05:25]设备被启动！

[2022-04-21 16:05:25]与服务器连接成功！

[2022-04-21 16:05:25]相机索引错误

[2022-04-21 16:05:26]相机索引错误

[2022-04-21 16:05:26]相机索引错误

[2022-04-21 16:05:26]CQ12串口打开成功！

[2022-04-21 16:05:26]相机索引错误

[2022-04-21 16:05:26]没有设备，请选择！

[2022-04-21 16:05:26]相机索引错误

[2022-04-21 16:05:26]没有设备，请选择！

[2022-04-21 16:05:27]相机索引错误

[2022-04-21 16:05:27]没有设备，请选择！

[2022-04-21 16:11:12]串口:COM99打开故障

[2022-04-21 16:11:12]led屏串口打开失败！

[2022-04-21 16:11:13]串口:COM7打开故障

[2022-04-21 16:11:14]设备被启动！

[2022-04-21 16:11:14]与服务器连接成功！

[2022-04-21 16:11:14]相机索引错误

[2022-04-21 16:11:15]相机索引错误

[2022-04-21 16:11:15]相机索引错误

[2022-04-21 16:11:15]CQ12串口打开成功！

[2022-04-21 16:11:15]相机索引错误

[2022-04-21 16:11:15]没有设备，请选择！

[2022-04-21 16:11:16]相机索引错误

[2022-04-21 16:11:16]没有设备，请选择！

[2022-04-21 16:11:16]相机索引错误

[2022-04-21 16:11:16]没有设备，请选择！

[2022-04-21 16:13:13]串口:COM99打开故障

[2022-04-21 16:13:13]led屏串口打开失败！

[2022-04-21 16:13:14]串口:COM7打开故障

[2022-04-21 16:13:15]设备被启动！

[2022-04-21 16:13:15]与服务器连接成功！

[2022-04-21 16:13:15]相机索引错误

[2022-04-21 16:13:15]相机索引错误

[2022-04-21 16:13:15]相机索引错误

[2022-04-21 16:13:16]CQ12串口打开成功！

[2022-04-21 16:13:16]相机索引错误

[2022-04-21 16:13:16]没有设备，请选择！

[2022-04-21 16:13:16]相机索引错误

[2022-04-21 16:13:16]没有设备，请选择！

[2022-04-21 16:13:16]相机索引错误

[2022-04-21 16:13:16]没有设备，请选择！

[2022-04-21 16:14:30]串口:COM99打开故障

[2022-04-21 16:14:30]led屏串口打开失败！

[2022-04-21 16:14:31]串口:COM7打开故障

[2022-04-21 16:14:31]设备被启动！

[2022-04-21 16:14:32]与服务器连接成功！

[2022-04-21 16:14:32]相机索引错误

[2022-04-21 16:14:32]相机索引错误

[2022-04-21 16:14:32]相机索引错误

[2022-04-21 16:14:32]CQ12串口打开成功！

[2022-04-21 16:14:33]相机索引错误

[2022-04-21 16:14:33]没有设备，请选择！

[2022-04-21 16:14:33]相机索引错误

[2022-04-21 16:14:33]没有设备，请选择！

[2022-04-21 16:14:33]相机索引错误

[2022-04-21 16:14:33]没有设备，请选择！

[2022-04-21 16:17:51]串口:COM99打开故障

[2022-04-21 16:17:51]led屏串口打开失败！

[2022-04-21 16:17:53]串口:COM7打开故障

[2022-04-21 16:17:54]设备被启动！

[2022-04-21 16:17:54]与服务器连接成功！

[2022-04-21 16:17:54]相机索引错误

[2022-04-21 16:17:54]相机索引错误

[2022-04-21 16:17:54]相机索引错误

[2022-04-21 16:17:55]CQ12串口打开成功！

[2022-04-21 16:17:55]相机索引错误

[2022-04-21 16:17:55]没有设备，请选择！

[2022-04-21 16:17:55]相机索引错误

[2022-04-21 16:17:55]没有设备，请选择！

[2022-04-21 16:17:55]相机索引错误

[2022-04-21 16:17:55]没有设备，请选择！

[2022-04-21 16:18:24]串口:COM99打开故障

[2022-04-21 16:18:24]led屏串口打开失败！

[2022-04-21 16:18:25]串口:COM7打开故障

[2022-04-21 16:18:25]设备被启动！

[2022-04-21 16:18:25]与服务器连接成功！

[2022-04-21 16:18:26]相机索引错误

[2022-04-21 16:18:26]相机索引错误

[2022-04-21 16:18:26]相机索引错误

[2022-04-21 16:18:26]CQ12串口打开成功！

[2022-04-21 16:18:26]相机索引错误

[2022-04-21 16:18:26]没有设备，请选择！

[2022-04-21 16:18:27]相机索引错误

[2022-04-21 16:18:27]没有设备，请选择！

[2022-04-21 16:18:27]相机索引错误

[2022-04-21 16:18:27]没有设备，请选择！

[2022-04-21 16:19:57]串口:COM99打开故障

[2022-04-21 16:19:57]led屏串口打开失败！

[2022-04-21 16:19:58]串口:COM7打开故障

[2022-04-21 16:19:58]设备被启动！

[2022-04-21 16:19:58]与服务器连接成功！

[2022-04-21 16:19:59]相机索引错误

[2022-04-21 16:19:59]相机索引错误

[2022-04-21 16:19:59]相机索引错误

[2022-04-21 16:19:59]CQ12串口打开成功！

[2022-04-21 16:20:00]相机索引错误

[2022-04-21 16:20:00]没有设备，请选择！

[2022-04-21 16:20:00]相机索引错误

[2022-04-21 16:20:00]没有设备，请选择！

[2022-04-21 16:20:00]相机索引错误

[2022-04-21 16:20:00]没有设备，请选择！

[2022-04-21 16:20:21]串口:COM99打开故障

[2022-04-21 16:20:21]led屏串口打开失败！

[2022-04-21 16:20:22]串口:COM7打开故障

[2022-04-21 16:20:22]设备被启动！

[2022-04-21 16:20:22]与服务器连接成功！

[2022-04-21 16:20:22]相机索引错误

[2022-04-21 16:20:23]相机索引错误

[2022-04-21 16:20:23]相机索引错误

[2022-04-21 16:20:23]CQ12串口打开成功！

[2022-04-21 16:20:23]相机索引错误

[2022-04-21 16:20:23]没有设备，请选择！

[2022-04-21 16:20:24]相机索引错误

[2022-04-21 16:20:24]没有设备，请选择！

[2022-04-21 16:20:24]相机索引错误

[2022-04-21 16:20:24]没有设备，请选择！

[2022-04-21 16:26:44]串口:COM99打开故障

[2022-04-21 16:26:44]led屏串口打开失败！

[2022-04-21 16:26:46]串口:COM7打开故障

[2022-04-21 16:26:46]设备被启动！

[2022-04-21 16:26:46]与服务器连接成功！

[2022-04-21 16:26:46]相机索引错误

[2022-04-21 16:26:46]相机索引错误

[2022-04-21 16:26:47]相机索引错误

[2022-04-21 16:26:47]CQ12串口打开成功！

[2022-04-21 16:26:47]相机索引错误

[2022-04-21 16:26:47]没有设备，请选择！

[2022-04-21 16:26:47]相机索引错误

[2022-04-21 16:26:47]没有设备，请选择！

[2022-04-21 16:26:48]相机索引错误

[2022-04-21 16:26:48]没有设备，请选择！

[2022-04-21 16:27:26]串口:COM99打开故障

[2022-04-21 16:27:26]led屏串口打开失败！

[2022-04-21 16:27:28]串口:COM7打开故障

[2022-04-21 16:27:28]设备被启动！

[2022-04-21 16:27:28]与服务器连接成功！

[2022-04-21 16:27:28]相机索引错误

[2022-04-21 16:27:28]相机索引错误

[2022-04-21 16:27:29]相机索引错误

[2022-04-21 16:27:29]CQ12串口打开成功！

[2022-04-21 16:27:29]相机索引错误

[2022-04-21 16:27:29]没有设备，请选择！

[2022-04-21 16:27:29]相机索引错误

[2022-04-21 16:27:29]没有设备，请选择！

[2022-04-21 16:27:30]相机索引错误

[2022-04-21 16:27:30]没有设备，请选择！

[2022-04-21 16:28:42]串口:COM99打开故障

[2022-04-21 16:28:42]led屏串口打开失败！

[2022-04-21 16:28:44]串口:COM7打开故障

[2022-04-21 16:28:44]设备被启动！

[2022-04-21 16:28:45]与服务器连接成功！

[2022-04-21 16:28:45]相机索引错误

[2022-04-21 16:28:45]相机索引错误

[2022-04-21 16:28:45]相机索引错误

[2022-04-21 16:28:46]CQ12串口打开成功！

[2022-04-21 16:28:46]相机索引错误

[2022-04-21 16:28:46]没有设备，请选择！

[2022-04-21 16:28:46]相机索引错误

[2022-04-21 16:28:46]没有设备，请选择！

[2022-04-21 16:28:46]相机索引错误

[2022-04-21 16:28:46]没有设备，请选择！
