
[2022-05-16 15:14:07]串口:COM99打开故障

[2022-05-16 15:14:07]led屏串口打开失败！

[2022-05-16 15:14:10]串口:COM7打开故障

[2022-05-16 15:14:10]设备被启动！

[2022-05-16 15:14:11]与服务器连接成功！

[2022-05-16 15:14:11]相机索引错误

[2022-05-16 15:14:12]相机索引错误

[2022-05-16 15:14:12]相机索引错误

[2022-05-16 15:14:12]CQ12串口打开成功！

[2022-05-16 15:14:13]相机索引错误

[2022-05-16 15:14:13]没有设备，请选择！

[2022-05-16 15:14:13]相机索引错误

[2022-05-16 15:14:13]没有设备，请选择！

[2022-05-16 15:14:13]相机索引错误

[2022-05-16 15:14:13]没有设备，请选择！

[2022-05-16 15:25:34]串口:COM99打开故障

[2022-05-16 15:25:34]led屏串口打开失败！

[2022-05-16 15:25:36]串口:COM7打开故障

[2022-05-16 15:25:36]设备被启动！

[2022-05-16 15:25:36]与服务器连接成功！

[2022-05-16 15:25:36]相机索引错误

[2022-05-16 15:25:37]相机索引错误

[2022-05-16 15:25:37]相机索引错误

[2022-05-16 15:25:37]CQ12串口打开成功！

[2022-05-16 15:25:37]相机索引错误

[2022-05-16 15:25:37]没有设备，请选择！

[2022-05-16 15:25:38]相机索引错误

[2022-05-16 15:25:38]没有设备，请选择！

[2022-05-16 15:25:38]相机索引错误

[2022-05-16 15:25:38]没有设备，请选择！

[2022-05-16 15:26:59]串口:COM99打开故障

[2022-05-16 15:26:59]led屏串口打开失败！

[2022-05-16 15:27:01]串口:COM7打开故障

[2022-05-16 15:27:01]设备被启动！

[2022-05-16 15:27:01]与服务器连接成功！

[2022-05-16 15:27:01]相机索引错误

[2022-05-16 15:27:02]相机索引错误

[2022-05-16 15:27:02]相机索引错误

[2022-05-16 15:27:02]CQ12串口打开成功！

[2022-05-16 15:27:02]相机索引错误

[2022-05-16 15:27:02]没有设备，请选择！

[2022-05-16 15:27:03]相机索引错误

[2022-05-16 15:27:03]没有设备，请选择！

[2022-05-16 15:27:03]相机索引错误

[2022-05-16 15:27:03]没有设备，请选择！

[2022-05-16 15:27:44]串口:COM99打开故障

[2022-05-16 15:27:44]led屏串口打开失败！

[2022-05-16 15:27:50]串口:COM7打开故障

[2022-05-16 15:27:50]设备被启动！

[2022-05-16 15:27:50]与服务器连接成功！

[2022-05-16 15:27:51]相机索引错误

[2022-05-16 15:27:51]相机索引错误

[2022-05-16 15:27:51]相机索引错误

[2022-05-16 15:27:51]CQ12串口打开成功！

[2022-05-16 15:27:52]相机索引错误

[2022-05-16 15:27:52]没有设备，请选择！

[2022-05-16 15:27:52]相机索引错误

[2022-05-16 15:27:52]没有设备，请选择！

[2022-05-16 15:27:52]相机索引错误

[2022-05-16 15:27:52]没有设备，请选择！

[2022-05-16 15:29:24]串口:COM99打开故障

[2022-05-16 15:29:24]led屏串口打开失败！

[2022-05-16 15:29:37]串口:COM7打开故障

[2022-05-16 15:30:24]设备被启动！

[2022-05-16 15:30:24]与服务器连接成功！

[2022-05-16 15:30:25]相机索引错误

[2022-05-16 15:30:25]相机索引错误

[2022-05-16 15:30:25]相机索引错误

[2022-05-16 15:30:25]CQ12串口打开成功！

[2022-05-16 15:30:25]相机索引错误

[2022-05-16 15:30:25]没有设备，请选择！

[2022-05-16 15:30:26]相机索引错误

[2022-05-16 15:30:26]没有设备，请选择！

[2022-05-16 15:30:26]相机索引错误

[2022-05-16 15:30:26]没有设备，请选择！

[2022-05-16 15:50:17]串口:COM99打开故障

[2022-05-16 15:50:17]led屏串口打开失败！

[2022-05-16 15:50:23]串口:COM7打开故障

[2022-05-16 15:50:26]设备被启动！

[2022-05-16 15:50:26]与服务器连接成功！

[2022-05-16 15:50:26]相机索引错误

[2022-05-16 15:50:26]相机索引错误

[2022-05-16 15:50:26]相机索引错误

[2022-05-16 15:50:27]CQ12串口打开成功！

[2022-05-16 15:50:27]相机索引错误

[2022-05-16 15:50:27]没有设备，请选择！

[2022-05-16 15:50:27]相机索引错误

[2022-05-16 15:50:27]没有设备，请选择！

[2022-05-16 15:50:27]相机索引错误

[2022-05-16 15:50:27]没有设备，请选择！

[2022-05-16 16:31:02]串口:COM99打开故障

[2022-05-16 16:31:02]led屏串口打开失败！

[2022-05-16 16:31:04]串口:COM7打开故障

[2022-05-16 16:31:04]设备被启动！

[2022-05-16 16:31:04]与服务器连接成功！

[2022-05-16 16:31:04]相机索引错误

[2022-05-16 16:31:04]相机索引错误

[2022-05-16 16:31:05]相机索引错误

[2022-05-16 16:31:05]CQ12串口打开成功！

[2022-05-16 16:31:05]相机索引错误

[2022-05-16 16:31:05]没有设备，请选择！

[2022-05-16 16:31:05]相机索引错误

[2022-05-16 16:31:05]没有设备，请选择！

[2022-05-16 16:31:06]相机索引错误

[2022-05-16 16:31:06]没有设备，请选择！

[2022-05-16 16:32:03]串口:COM99打开故障

[2022-05-16 16:32:03]led屏串口打开失败！

[2022-05-16 16:32:06]串口:COM7打开故障

[2022-05-16 16:32:06]设备被启动！

[2022-05-16 16:32:06]与服务器连接成功！

[2022-05-16 16:32:06]相机索引错误

[2022-05-16 16:32:07]相机索引错误

[2022-05-16 16:32:07]相机索引错误

[2022-05-16 16:32:07]CQ12串口打开成功！

[2022-05-16 16:32:07]相机索引错误

[2022-05-16 16:32:07]没有设备，请选择！

[2022-05-16 16:32:08]相机索引错误

[2022-05-16 16:32:08]没有设备，请选择！

[2022-05-16 16:32:08]相机索引错误

[2022-05-16 16:32:08]没有设备，请选择！

[2022-05-16 16:34:29]串口:COM99打开故障

[2022-05-16 16:34:29]led屏串口打开失败！

[2022-05-16 16:34:29]串口:COM7打开故障

[2022-05-16 16:34:30]设备被启动！

[2022-05-16 16:34:30]与服务器连接成功！

[2022-05-16 16:34:30]相机索引错误

[2022-05-16 16:34:30]相机索引错误

[2022-05-16 16:34:31]相机索引错误

[2022-05-16 16:34:31]CQ12串口打开成功！

[2022-05-16 16:34:31]相机索引错误

[2022-05-16 16:34:31]没有设备，请选择！

[2022-05-16 16:34:31]相机索引错误

[2022-05-16 16:34:31]没有设备，请选择！

[2022-05-16 16:34:31]相机索引错误

[2022-05-16 16:34:31]没有设备，请选择！

[2022-05-16 16:40:14]串口:COM99打开故障

[2022-05-16 16:40:14]led屏串口打开失败！

[2022-05-16 16:40:14]串口:COM7打开故障

[2022-05-16 16:40:14]设备被启动！

[2022-05-16 16:40:14]与服务器连接成功！

[2022-05-16 16:40:15]相机索引错误

[2022-05-16 16:40:15]相机索引错误

[2022-05-16 16:40:15]相机索引错误

[2022-05-16 16:40:15]CQ12串口打开成功！

[2022-05-16 16:40:16]相机索引错误

[2022-05-16 16:40:16]没有设备，请选择！

[2022-05-16 16:40:16]相机索引错误

[2022-05-16 16:40:16]没有设备，请选择！

[2022-05-16 16:40:16]相机索引错误

[2022-05-16 16:40:16]没有设备，请选择！
