
[2022-05-26 09:29:05]串口:COM99打开故障

[2022-05-26 09:29:05]led屏串口打开失败！

[2022-05-26 09:29:14]串口:COM7打开故障

[2022-05-26 09:29:16]设备被启动！

[2022-05-26 09:29:16]与服务器连接成功！

[2022-05-26 09:29:17]相机索引错误

[2022-05-26 09:29:17]相机索引错误

[2022-05-26 09:29:18]相机索引错误

[2022-05-26 09:29:18]CQ12串口打开成功！

[2022-05-26 09:29:18]相机索引错误

[2022-05-26 09:29:18]没有设备，请选择！

[2022-05-26 09:29:18]相机索引错误

[2022-05-26 09:29:18]没有设备，请选择！

[2022-05-26 09:29:19]相机索引错误

[2022-05-26 09:29:19]没有设备，请选择！

[2022-05-26 09:30:16]串口:COM99打开故障

[2022-05-26 09:30:16]led屏串口打开失败！

[2022-05-26 09:30:18]串口:COM7打开故障

[2022-05-26 09:30:18]设备被启动！

[2022-05-26 09:30:18]与服务器连接成功！

[2022-05-26 09:30:18]相机索引错误

[2022-05-26 09:30:19]相机索引错误

[2022-05-26 09:30:19]相机索引错误

[2022-05-26 09:30:19]CQ12串口打开成功！

[2022-05-26 09:30:19]相机索引错误

[2022-05-26 09:30:19]没有设备，请选择！

[2022-05-26 09:30:19]相机索引错误

[2022-05-26 09:30:19]没有设备，请选择！

[2022-05-26 09:30:20]相机索引错误

[2022-05-26 09:30:20]没有设备，请选择！

[2022-05-26 09:30:52]Socket事件_发送成功:{"devId":"okq20201106301","err":"","func":100,"message":"keep-alive"}

[2022-05-26 09:31:16]串口:COM99打开故障

[2022-05-26 09:31:16]led屏串口打开失败！

[2022-05-26 09:31:17]串口:COM7打开故障

[2022-05-26 09:31:17]设备被启动！

[2022-05-26 09:31:17]与服务器连接成功！

[2022-05-26 09:31:18]相机索引错误

[2022-05-26 09:31:18]相机索引错误

[2022-05-26 09:31:18]相机索引错误

[2022-05-26 09:31:18]CQ12串口打开成功！

[2022-05-26 09:31:19]相机索引错误

[2022-05-26 09:31:19]没有设备，请选择！

[2022-05-26 09:31:19]相机索引错误

[2022-05-26 09:31:19]没有设备，请选择！

[2022-05-26 09:31:19]相机索引错误

[2022-05-26 09:31:19]没有设备，请选择！

[2022-05-26 09:31:47]Socket事件_发送成功:{"devId":"okq20201106301","err":"","func":100,"message":"keep-alive"}

[2022-05-26 09:31:52]区域1 标题：祥符区八里湾基地

[2022-05-26 09:31:52]区域2 内容：温度:31.5℃ 湿度:46%

[2022-05-26 09:31:52]区域3 内容：大气压:103.18Kpa

[2022-05-26 09:31:52]区域4 内容：二氧化碳:392ppm

[2022-05-26 09:31:52]区域5 内容：风向:西南 风速:1m/s

[2022-05-26 09:31:52]Get token md5 Str：sendmsg={"cmd":{"delete":{"del_all":1}},"ids_dev":"1214120042","sno":1}&ts=1653528713&type=pkts_program&user=zzokq&key=f34e3c6f97da60aca76b307bd271bb5f

[2022-05-26 09:31:52]发送清屏指令：{"user":"zzokq","ts":"1653528713","sendmsg":"{\"cmd\":{\"delete\":{\"del_all\":1}},\"ids_dev\":\"1214120042\",\"sno\":1}","type":"pkts_program","token":"1A9031BCE3A9616A6B30ACED7B4B3B5A"}

[2022-05-26 09:31:52]收到：{"sno":1313299672}

[2022-05-26 09:31:52]Get token md5 Str：sendmsg={"pkts_program":{"property_pro":{"width":80,"height":160},"list_region":[{"info_pos":{"x":0,"y":0,"w":160,"h":16},"list_item":[{"info_animate":{"model_continue":null,"speed":null},"type_item":"text","text":"祥符区八里湾基地"}]},{"info_pos":{"x":0,"y":16,"w":160,"h":16},"list_item":[{"info_animate":{"model_continue":null,"speed":null},"type_item":"text","text":"温度:31.5℃ 湿度:46%"}]},{"info_pos":{"x":0,"y":32,"w":160,"h":16},"list_item":[{"info_animate":{"model_continue":null,"speed":null},"type_item":"text","text":"大气压:103.18Kpa"}]},{"info_pos":{"x":0,"y":48,"w":160,"h":16},"list_item":[{"info_animate":{"model_continue":null,"speed":null},"type_item":"text","text":"二氧化碳:392ppm"}]},{"info_pos":{"x":0,"y":64,"w":160,"h":16},"list_item":[{"info_animate":{"model_continue":null,"speed":null},"type_item":"text","text":"风向:西南 风速:1m/s"}]}],"id_pro":1},"ids_dev":"1214120042","sno":1}&ts=1653528713&type=pkts_program&user=zzokq&key=f34e3c6f97da60aca76b307bd271bb5f

[2022-05-26 09:31:52]发送展示数据指令：{"user":"zzokq","ts":"1653528713","sendmsg":"{\"pkts_program\":{\"property_pro\":{\"width\":80,\"height\":160},\"list_region\":[{\"info_pos\":{\"x\":0,\"y\":0,\"w\":160,\"h\":16},\"list_item\":[{\"info_animate\":{\"model_continue\":null,\"speed\":null},\"type_item\":\"text\",\"text\":\"祥符区八里湾基地\"}]},{\"info_pos\":{\"x\":0,\"y\":16,\"w\":160,\"h\":16},\"list_item\":[{\"info_animate\":{\"model_continue\":null,\"speed\":null},\"type_item\":\"text\",\"text\":\"温度:31.5℃ 湿度:46%\"}]},{\"info_pos\":{\"x\":0,\"y\":32,\"w\":160,\"h\":16},\"list_item\":[{\"info_animate\":{\"model_continue\":null,\"speed\":null},\"type_item\":\"text\",\"text\":\"大气压:103.18Kpa\"}]},{\"info_pos\":{\"x\":0,\"y\":48,\"w\":160,\"h\":16},\"list_item\":[{\"info_animate\":{\"model_continue\":null,\"speed\":null},\"type_item\":\"text\",\"text\":\"二氧化碳:392ppm\"}]},{\"info_pos\":{\"x\":0,\"y\":64,\"w\":160,\"h\":16},\"list_item\":[{\"info_animate\":{\"model_continue\":null,\"speed\":null},\"type_item\":\"text\",\"text\":\"风向:西南 风速:1m/s\"}]}],\"id_pro\":1},\"ids_dev\":\"1214120042\",\"sno\":1}","type":"pkts_program","token":"42E74AF7D77B51454286BA2A5C3FE869"}

[2022-05-26 09:31:52]收到：{"sno":1313299674}

[2022-05-26 09:32:17]Socket事件_发送成功:{"devId":"okq20201106301","err":"","func":100,"message":"keep-alive"}

[2022-05-26 09:32:47]Socket事件_发送成功:{"devId":"okq20201106301","err":"","func":100,"message":"keep-alive"}

[2022-05-26 09:33:17]Socket事件_发送成功:{"devId":"okq20201106301","err":"","func":100,"message":"keep-alive"}

[2022-05-26 09:33:47]Socket事件_发送成功:{"devId":"okq20201106301","err":"","func":100,"message":"keep-alive"}

[2022-05-26 09:34:17]Socket事件_发送成功:{"devId":"okq20201106301","err":"","func":100,"message":"keep-alive"}

[2022-05-26 09:34:47]Socket事件_发送成功:{"devId":"okq20201106301","err":"","func":100,"message":"keep-alive"}

[2022-05-26 09:35:17]Socket事件_发送成功:{"devId":"okq20201106301","err":"","func":100,"message":"keep-alive"}

[2022-05-26 09:35:47]Socket事件_发送成功:{"devId":"okq20201106301","err":"","func":100,"message":"keep-alive"}

[2022-05-26 09:36:17]Socket事件_发送成功:{"devId":"okq20201106301","err":"","func":100,"message":"keep-alive"}

[2022-05-26 09:36:47]Socket事件_发送成功:{"devId":"okq20201106301","err":"","func":100,"message":"keep-alive"}

[2022-05-26 09:37:17]Socket事件_发送成功:{"devId":"okq20201106301","err":"","func":100,"message":"keep-alive"}

[2022-05-26 09:37:47]Socket事件_发送成功:{"devId":"okq20201106301","err":"","func":100,"message":"keep-alive"}

[2022-05-26 09:38:17]Socket事件_发送成功:{"devId":"okq20201106301","err":"","func":100,"message":"keep-alive"}

[2022-05-26 09:39:58]串口:COM99打开故障

[2022-05-26 09:39:58]led屏串口打开失败！

[2022-05-26 09:40:00]串口:COM7打开故障

[2022-05-26 09:40:00]设备被启动！

[2022-05-26 09:40:00]与服务器连接成功！

[2022-05-26 09:40:00]相机索引错误

[2022-05-26 09:40:01]相机索引错误

[2022-05-26 09:40:01]相机索引错误

[2022-05-26 09:40:01]CQ12串口打开成功！

[2022-05-26 09:40:01]相机索引错误

[2022-05-26 09:40:01]没有设备，请选择！

[2022-05-26 09:40:02]相机索引错误

[2022-05-26 09:40:02]没有设备，请选择！

[2022-05-26 09:40:02]相机索引错误

[2022-05-26 09:40:02]没有设备，请选择！

[2022-05-26 09:40:16]区域1 标题：祥符区八里湾基地

[2022-05-26 09:40:16]区域2 内容：温度:31.5℃ 湿度:46%

[2022-05-26 09:40:16]区域3 内容：大气压:103.18Kpa

[2022-05-26 09:40:16]区域4 内容：二氧化碳:392ppm

[2022-05-26 09:40:16]区域5 内容：风向:西南 风速:1m/s

[2022-05-26 09:40:16]Get token md5 Str：sendmsg={"cmd":{"delete":{"del_all":1}},"ids_dev":"1214120042","sno":1}&ts=1653529217&type=pkts_program&user=zzokq&key=f34e3c6f97da60aca76b307bd271bb5f

[2022-05-26 09:40:16]发送清屏指令：{"user":"zzokq","ts":"1653529217","sendmsg":"{\"cmd\":{\"delete\":{\"del_all\":1}},\"ids_dev\":\"1214120042\",\"sno\":1}","type":"pkts_program","token":"E80A649ACD1943BD802E8664E793E329"}

[2022-05-26 09:40:16]收到：{"sno":1313308764}

[2022-05-26 09:40:16]Get token md5 Str：sendmsg={"pkts_program":{"property_pro":{"width":80,"height":160},"list_region":[{"info_pos":{"x":0,"y":0,"w":160,"h":16},"list_item":[{"info_animate":{"model_continue":null,"speed":null},"type_item":"text","text":"祥符区八里湾基地"}]},{"info_pos":{"x":0,"y":16,"w":160,"h":16},"list_item":[{"info_animate":{"model_continue":null,"speed":null},"type_item":"text","text":"温度:31.5℃ 湿度:46%"}]},{"info_pos":{"x":0,"y":32,"w":160,"h":16},"list_item":[{"info_animate":{"model_continue":null,"speed":null},"type_item":"text","text":"大气压:103.18Kpa"}]},{"info_pos":{"x":0,"y":48,"w":160,"h":16},"list_item":[{"info_animate":{"model_continue":null,"speed":null},"type_item":"text","text":"二氧化碳:392ppm"}]},{"info_pos":{"x":0,"y":64,"w":160,"h":16},"list_item":[{"info_animate":{"model_continue":null,"speed":null},"type_item":"text","text":"风向:西南 风速:1m/s"}]}],"id_pro":1},"ids_dev":"1214120042","sno":1}&ts=1653529217&type=pkts_program&user=zzokq&key=f34e3c6f97da60aca76b307bd271bb5f

[2022-05-26 09:40:16]发送展示数据指令：{"user":"zzokq","ts":"1653529217","sendmsg":"{\"pkts_program\":{\"property_pro\":{\"width\":80,\"height\":160},\"list_region\":[{\"info_pos\":{\"x\":0,\"y\":0,\"w\":160,\"h\":16},\"list_item\":[{\"info_animate\":{\"model_continue\":null,\"speed\":null},\"type_item\":\"text\",\"text\":\"祥符区八里湾基地\"}]},{\"info_pos\":{\"x\":0,\"y\":16,\"w\":160,\"h\":16},\"list_item\":[{\"info_animate\":{\"model_continue\":null,\"speed\":null},\"type_item\":\"text\",\"text\":\"温度:31.5℃ 湿度:46%\"}]},{\"info_pos\":{\"x\":0,\"y\":32,\"w\":160,\"h\":16},\"list_item\":[{\"info_animate\":{\"model_continue\":null,\"speed\":null},\"type_item\":\"text\",\"text\":\"大气压:103.18Kpa\"}]},{\"info_pos\":{\"x\":0,\"y\":48,\"w\":160,\"h\":16},\"list_item\":[{\"info_animate\":{\"model_continue\":null,\"speed\":null},\"type_item\":\"text\",\"text\":\"二氧化碳:392ppm\"}]},{\"info_pos\":{\"x\":0,\"y\":64,\"w\":160,\"h\":16},\"list_item\":[{\"info_animate\":{\"model_continue\":null,\"speed\":null},\"type_item\":\"text\",\"text\":\"风向:西南 风速:1m/s\"}]}],\"id_pro\":1},\"ids_dev\":\"1214120042\",\"sno\":1}","type":"pkts_program","token":"F87F7E6A45D5C2063000DB4E4D8D9960"}

[2022-05-26 09:40:16]收到：{"sno":1313308768}

[2022-05-26 09:40:30]Socket事件_发送成功:{"devId":"okq20201106301","err":"","func":100,"message":"keep-alive"}

[2022-05-26 09:41:00]Socket事件_发送成功:{"devId":"okq20201106301","err":"","func":100,"message":"keep-alive"}

[2022-05-26 09:41:30]Socket事件_发送成功:{"devId":"okq20201106301","err":"","func":100,"message":"keep-alive"}

[2022-05-26 09:42:00]Socket事件_发送成功:{"devId":"okq20201106301","err":"","func":100,"message":"keep-alive"}

[2022-05-26 09:42:30]Socket事件_发送成功:{"devId":"okq20201106301","err":"","func":100,"message":"keep-alive"}

[2022-05-26 09:43:00]Socket事件_发送成功:{"devId":"okq20201106301","err":"","func":100,"message":"keep-alive"}

[2022-05-26 09:43:30]Socket事件_发送成功:{"devId":"okq20201106301","err":"","func":100,"message":"keep-alive"}

[2022-05-26 09:44:00]Socket事件_发送成功:{"devId":"okq20201106301","err":"","func":100,"message":"keep-alive"}

[2022-05-26 09:44:30]Socket事件_发送成功:{"devId":"okq20201106301","err":"","func":100,"message":"keep-alive"}

[2022-05-26 09:45:00]Socket事件_发送成功:{"devId":"okq20201106301","err":"","func":100,"message":"keep-alive"}

[2022-05-26 09:45:30]Socket事件_发送成功:{"devId":"okq20201106301","err":"","func":100,"message":"keep-alive"}

[2022-05-26 09:46:00]Socket事件_发送成功:{"devId":"okq20201106301","err":"","func":100,"message":"keep-alive"}

[2022-05-26 09:46:30]Socket事件_发送成功:{"devId":"okq20201106301","err":"","func":100,"message":"keep-alive"}

[2022-05-26 09:47:00]Socket事件_发送成功:{"devId":"okq20201106301","err":"","func":100,"message":"keep-alive"}

[2022-05-26 09:47:30]Socket事件_发送成功:{"devId":"okq20201106301","err":"","func":100,"message":"keep-alive"}

[2022-05-26 09:48:00]Socket事件_发送成功:{"devId":"okq20201106301","err":"","func":100,"message":"keep-alive"}

[2022-05-26 09:48:30]Socket事件_发送成功:{"devId":"okq20201106301","err":"","func":100,"message":"keep-alive"}

[2022-05-26 09:49:00]Socket事件_发送成功:{"devId":"okq20201106301","err":"","func":100,"message":"keep-alive"}

[2022-05-26 09:49:30]Socket事件_发送成功:{"devId":"okq20201106301","err":"","func":100,"message":"keep-alive"}

[2022-05-26 09:54:38]串口:COM99打开故障

[2022-05-26 09:54:38]led屏串口打开失败！

[2022-05-26 09:54:40]串口:COM7打开故障

[2022-05-26 09:54:40]设备被启动！

[2022-05-26 09:54:40]与服务器连接成功！

[2022-05-26 09:54:40]相机索引错误

[2022-05-26 09:54:40]相机索引错误

[2022-05-26 09:54:41]相机索引错误

[2022-05-26 09:54:41]CQ12串口打开成功！

[2022-05-26 09:54:41]相机索引错误

[2022-05-26 09:54:41]没有设备，请选择！

[2022-05-26 09:54:41]相机索引错误

[2022-05-26 09:54:41]没有设备，请选择！

[2022-05-26 09:54:42]相机索引错误

[2022-05-26 09:54:42]没有设备，请选择！

[2022-05-26 09:54:59]区域1 标题：祥符区八里湾基地

[2022-05-26 09:54:59]区域2 内容：温度:31.5℃ 湿度:46%

[2022-05-26 09:54:59]区域3 内容：大气压:103.18Kpa

[2022-05-26 09:55:00]区域4 内容：二氧化碳:392ppm

[2022-05-26 09:55:00]区域5 内容：风向:西南 风速:1m/s

[2022-05-26 09:55:00]Get token md5 Str：sendmsg={"cmd":{"delete":{"del_all":1}},"ids_dev":"1214120042","sno":1}&ts=1653530100&type=pkts_program&user=zzokq&key=f34e3c6f97da60aca76b307bd271bb5f

[2022-05-26 09:55:00]发送清屏指令：{"user":"zzokq","ts":"1653530100","sendmsg":"{\"cmd\":{\"delete\":{\"del_all\":1}},\"ids_dev\":\"1214120042\",\"sno\":1}","type":"pkts_program","token":"6648101AFA5908CCAD3542C37C70A13A"}

[2022-05-26 09:55:00]收到：{"sno":1313324988}

[2022-05-26 09:55:00]Get token md5 Str：sendmsg={"pkts_program":{"property_pro":{"width":80,"height":160},"list_region":[{"info_pos":{"x":0,"y":0,"w":160,"h":16},"list_item":[{"info_animate":{"model_continue":null,"speed":null},"type_item":"text","text":"祥符区八里湾基地"}]},{"info_pos":{"x":0,"y":16,"w":160,"h":16},"list_item":[{"info_animate":{"model_continue":null,"speed":null},"type_item":"text","text":"温度:31.5℃ 湿度:46%"}]},{"info_pos":{"x":0,"y":32,"w":160,"h":16},"list_item":[{"info_animate":{"model_continue":null,"speed":null},"type_item":"text","text":"大气压:103.18Kpa"}]},{"info_pos":{"x":0,"y":48,"w":160,"h":16},"list_item":[{"info_animate":{"model_continue":null,"speed":null},"type_item":"text","text":"二氧化碳:392ppm"}]},{"info_pos":{"x":0,"y":64,"w":160,"h":16},"list_item":[{"info_animate":{"model_continue":null,"speed":null},"type_item":"text","text":"风向:西南 风速:1m/s"}]}],"id_pro":1},"ids_dev":"1214120042","sno":1}&ts=1653530101&type=pkts_program&user=zzokq&key=f34e3c6f97da60aca76b307bd271bb5f

[2022-05-26 09:55:00]发送展示数据指令：{"user":"zzokq","ts":"1653530100","sendmsg":"{\"pkts_program\":{\"property_pro\":{\"width\":80,\"height\":160},\"list_region\":[{\"info_pos\":{\"x\":0,\"y\":0,\"w\":160,\"h\":16},\"list_item\":[{\"info_animate\":{\"model_continue\":null,\"speed\":null},\"type_item\":\"text\",\"text\":\"祥符区八里湾基地\"}]},{\"info_pos\":{\"x\":0,\"y\":16,\"w\":160,\"h\":16},\"list_item\":[{\"info_animate\":{\"model_continue\":null,\"speed\":null},\"type_item\":\"text\",\"text\":\"温度:31.5℃ 湿度:46%\"}]},{\"info_pos\":{\"x\":0,\"y\":32,\"w\":160,\"h\":16},\"list_item\":[{\"info_animate\":{\"model_continue\":null,\"speed\":null},\"type_item\":\"text\",\"text\":\"大气压:103.18Kpa\"}]},{\"info_pos\":{\"x\":0,\"y\":48,\"w\":160,\"h\":16},\"list_item\":[{\"info_animate\":{\"model_continue\":null,\"speed\":null},\"type_item\":\"text\",\"text\":\"二氧化碳:392ppm\"}]},{\"info_pos\":{\"x\":0,\"y\":64,\"w\":160,\"h\":16},\"list_item\":[{\"info_animate\":{\"model_continue\":null,\"speed\":null},\"type_item\":\"text\",\"text\":\"风向:西南 风速:1m/s\"}]}],\"id_pro\":1},\"ids_dev\":\"1214120042\",\"sno\":1}","type":"pkts_program","token":"ADF7F87EF243572390528EDAAFF51021"}

[2022-05-26 09:55:00]收到：{"err":"token_error"}

[2022-05-26 09:55:00]发送展示数据指令返回token错误!

[2022-05-26 09:55:00]Get token md5 Str：sendmsg={"cmd":{"delete":{"del_all":1}},"ids_dev":"1214120042","sno":1}&ts=1653530101&type=pkts_program&user=zzokq&key=f34e3c6f97da60aca76b307bd271bb5f

[2022-05-26 09:55:00]发送清屏指令：{"user":"zzokq","ts":"1653530101","sendmsg":"{\"cmd\":{\"delete\":{\"del_all\":1}},\"ids_dev\":\"1214120042\",\"sno\":1}","type":"pkts_program","token":"E0D5125C7CA3BF135044ABED32948730"}

[2022-05-26 09:55:00]收到：{"sno":1313325000}

[2022-05-26 09:55:00]Get token md5 Str：sendmsg={"pkts_program":{"property_pro":{"width":80,"height":160},"list_region":[{"info_pos":{"x":0,"y":0,"w":160,"h":16},"list_item":[{"info_animate":{"model_continue":null,"speed":null},"type_item":"text","text":"祥符区八里湾基地"}]},{"info_pos":{"x":0,"y":16,"w":160,"h":16},"list_item":[{"info_animate":{"model_continue":null,"speed":null},"type_item":"text","text":"温度:31.5℃ 湿度:46%"}]},{"info_pos":{"x":0,"y":32,"w":160,"h":16},"list_item":[{"info_animate":{"model_continue":null,"speed":null},"type_item":"text","text":"大气压:103.18Kpa"}]},{"info_pos":{"x":0,"y":48,"w":160,"h":16},"list_item":[{"info_animate":{"model_continue":null,"speed":null},"type_item":"text","text":"二氧化碳:392ppm"}]},{"info_pos":{"x":0,"y":64,"w":160,"h":16},"list_item":[{"info_animate":{"model_continue":null,"speed":null},"type_item":"text","text":"风向:西南 风速:1m/s"}]}],"id_pro":1},"ids_dev":"1214120042","sno":1}&ts=1653530101&type=pkts_program&user=zzokq&key=f34e3c6f97da60aca76b307bd271bb5f

[2022-05-26 09:55:00]发送展示数据指令：{"user":"zzokq","ts":"1653530101","sendmsg":"{\"pkts_program\":{\"property_pro\":{\"width\":80,\"height\":160},\"list_region\":[{\"info_pos\":{\"x\":0,\"y\":0,\"w\":160,\"h\":16},\"list_item\":[{\"info_animate\":{\"model_continue\":null,\"speed\":null},\"type_item\":\"text\",\"text\":\"祥符区八里湾基地\"}]},{\"info_pos\":{\"x\":0,\"y\":16,\"w\":160,\"h\":16},\"list_item\":[{\"info_animate\":{\"model_continue\":null,\"speed\":null},\"type_item\":\"text\",\"text\":\"温度:31.5℃ 湿度:46%\"}]},{\"info_pos\":{\"x\":0,\"y\":32,\"w\":160,\"h\":16},\"list_item\":[{\"info_animate\":{\"model_continue\":null,\"speed\":null},\"type_item\":\"text\",\"text\":\"大气压:103.18Kpa\"}]},{\"info_pos\":{\"x\":0,\"y\":48,\"w\":160,\"h\":16},\"list_item\":[{\"info_animate\":{\"model_continue\":null,\"speed\":null},\"type_item\":\"text\",\"text\":\"二氧化碳:392ppm\"}]},{\"info_pos\":{\"x\":0,\"y\":64,\"w\":160,\"h\":16},\"list_item\":[{\"info_animate\":{\"model_continue\":null,\"speed\":null},\"type_item\":\"text\",\"text\":\"风向:西南 风速:1m/s\"}]}],\"id_pro\":1},\"ids_dev\":\"1214120042\",\"sno\":1}","type":"pkts_program","token":"ADF7F87EF243572390528EDAAFF51021"}

[2022-05-26 09:55:00]收到：{"sno":1313325010}

[2022-05-26 09:55:10]Socket事件_发送成功:{"devId":"okq20201106301","err":"","func":100,"message":"keep-alive"}

[2022-05-26 09:59:07]串口:COM99打开故障

[2022-05-26 09:59:07]led屏串口打开失败！

[2022-05-26 09:59:08]串口:COM7打开故障

[2022-05-26 09:59:09]设备被启动！

[2022-05-26 09:59:09]与服务器连接成功！

[2022-05-26 09:59:09]相机索引错误

[2022-05-26 09:59:09]相机索引错误

[2022-05-26 09:59:09]相机索引错误

[2022-05-26 09:59:09]CQ12串口打开成功！

[2022-05-26 09:59:10]相机索引错误

[2022-05-26 09:59:10]没有设备，请选择！

[2022-05-26 09:59:10]相机索引错误

[2022-05-26 09:59:10]没有设备，请选择！

[2022-05-26 09:59:10]相机索引错误

[2022-05-26 09:59:10]没有设备，请选择！

[2022-05-26 09:59:39]Socket事件_发送成功:{"devId":"okq20201106301","err":"","func":100,"message":"keep-alive"}

[2022-05-26 10:00:22]串口:COM99打开故障

[2022-05-26 10:00:22]led屏串口打开失败！

[2022-05-26 10:00:24]串口:COM7打开故障

[2022-05-26 10:00:24]设备被启动！

[2022-05-26 10:00:24]与服务器连接成功！

[2022-05-26 10:00:25]相机索引错误

[2022-05-26 10:00:25]相机索引错误

[2022-05-26 10:00:25]相机索引错误

[2022-05-26 10:00:25]CQ12串口打开成功！

[2022-05-26 10:00:25]相机索引错误

[2022-05-26 10:00:25]没有设备，请选择！

[2022-05-26 10:00:26]相机索引错误

[2022-05-26 10:00:26]没有设备，请选择！

[2022-05-26 10:00:26]相机索引错误

[2022-05-26 10:00:26]没有设备，请选择！

[2022-05-26 10:00:49]区域1 标题：祥符区八里湾基地

[2022-05-26 10:00:49]区域2 内容：温度:31.5℃ 湿度:46%

[2022-05-26 10:00:49]区域3 内容：大气压:103.18Kpa

[2022-05-26 10:00:49]区域4 内容：二氧化碳:392ppm

[2022-05-26 10:00:49]区域5 内容：风向:西南 风速:1m/s

[2022-05-26 10:00:50]Get token md5 Str：sendmsg={"cmd":{"delete":{"del_all":1}},"ids_dev":"1214120042","sno":1}&ts=1653530450&type=pkts_program&user=zzokq&key=f34e3c6f97da60aca76b307bd271bb5f

[2022-05-26 10:00:50]发送清屏指令：{"user":"zzokq","ts":"1653530450","sendmsg":"{\"cmd\":{\"delete\":{\"del_all\":1}},\"ids_dev\":\"1214120042\",\"sno\":1}","type":"pkts_program","token":"C134E1E9D95688DD7EDAE1217DE375F2"}

[2022-05-26 10:00:50]收到：{"sno":1313332378}

[2022-05-26 10:00:50]Get token md5 Str：sendmsg={"pkts_program":{"property_pro":{"width":80,"height":160},"list_region":[{"info_pos":{"x":0,"y":0,"w":160,"h":16},"list_item":[{"info_animate":{"model_continue":null,"speed":null},"type_item":"text","text":"祥符区八里湾基地"}]},{"info_pos":{"x":0,"y":16,"w":160,"h":16},"list_item":[{"info_animate":{"model_continue":null,"speed":null},"type_item":"text","text":"温度:31.5℃ 湿度:46%"}]},{"info_pos":{"x":0,"y":32,"w":160,"h":16},"list_item":[{"info_animate":{"model_continue":null,"speed":null},"type_item":"text","text":"大气压:103.18Kpa"}]},{"info_pos":{"x":0,"y":48,"w":160,"h":16},"list_item":[{"info_animate":{"model_continue":null,"speed":null},"type_item":"text","text":"二氧化碳:392ppm"}]},{"info_pos":{"x":0,"y":64,"w":160,"h":16},"list_item":[{"info_animate":{"model_continue":null,"speed":null},"type_item":"text","text":"风向:西南 风速:1m/s"}]}],"id_pro":1},"ids_dev":"1214120042","sno":1}&ts=1653530450&type=pkts_program&user=zzokq&key=f34e3c6f97da60aca76b307bd271bb5f

[2022-05-26 10:00:50]发送展示数据指令：{"user":"zzokq","ts":"1653530450","sendmsg":"{\"pkts_program\":{\"property_pro\":{\"width\":80,\"height\":160},\"list_region\":[{\"info_pos\":{\"x\":0,\"y\":0,\"w\":160,\"h\":16},\"list_item\":[{\"info_animate\":{\"model_continue\":null,\"speed\":null},\"type_item\":\"text\",\"text\":\"祥符区八里湾基地\"}]},{\"info_pos\":{\"x\":0,\"y\":16,\"w\":160,\"h\":16},\"list_item\":[{\"info_animate\":{\"model_continue\":null,\"speed\":null},\"type_item\":\"text\",\"text\":\"温度:31.5℃ 湿度:46%\"}]},{\"info_pos\":{\"x\":0,\"y\":32,\"w\":160,\"h\":16},\"list_item\":[{\"info_animate\":{\"model_continue\":null,\"speed\":null},\"type_item\":\"text\",\"text\":\"大气压:103.18Kpa\"}]},{\"info_pos\":{\"x\":0,\"y\":48,\"w\":160,\"h\":16},\"list_item\":[{\"info_animate\":{\"model_continue\":null,\"speed\":null},\"type_item\":\"text\",\"text\":\"二氧化碳:392ppm\"}]},{\"info_pos\":{\"x\":0,\"y\":64,\"w\":160,\"h\":16},\"list_item\":[{\"info_animate\":{\"model_continue\":null,\"speed\":null},\"type_item\":\"text\",\"text\":\"风向:西南 风速:1m/s\"}]}],\"id_pro\":1},\"ids_dev\":\"1214120042\",\"sno\":1}","type":"pkts_program","token":"C265269A9945FD4687F9DC30057FACC0"}

[2022-05-26 10:00:50]收到：{"sno":1313332380}

[2022-05-26 10:00:54]Socket事件_发送成功:{"devId":"okq20201106301","err":"","func":100,"message":"keep-alive"}

[2022-05-26 10:01:24]Socket事件_发送成功:{"devId":"okq20201106301","err":"","func":100,"message":"keep-alive"}

[2022-05-26 10:01:54]Socket事件_发送成功:{"devId":"okq20201106301","err":"","func":100,"message":"keep-alive"}

[2022-05-26 10:02:24]Socket事件_发送成功:{"devId":"okq20201106301","err":"","func":100,"message":"keep-alive"}

[2022-05-26 10:03:06]Socket事件_发送成功:{"devId":"okq20201106301","err":"","func":100,"message":"keep-alive"}

[2022-05-26 10:03:36]Socket事件_发送成功:{"devId":"okq20201106301","err":"","func":100,"message":"keep-alive"}

[2022-05-26 10:04:06]Socket事件_发送成功:{"devId":"okq20201106301","err":"","func":100,"message":"keep-alive"}

[2022-05-26 10:04:40]Socket事件_发送成功:{"devId":"okq20201106301","err":"","func":100,"message":"keep-alive"}

[2022-05-26 10:04:41]区域1 标题：祥符区八里湾基地

[2022-05-26 10:04:43]区域2 内容：温度:31.5℃ 湿度:46%

[2022-05-26 10:04:46]区域3 内容：大气压:103.18Kpa

[2022-05-26 10:04:49]区域4 内容：二氧化碳:392ppm

[2022-05-26 10:04:50]区域5 内容：风向:西南 风速:1m/s

[2022-05-26 10:04:51]Get token md5 Str：sendmsg={"cmd":{"delete":{"del_all":1}},"ids_dev":"1214120042","sno":1}&ts=1653530691&type=pkts_program&user=zzokq&key=f34e3c6f97da60aca76b307bd271bb5f

[2022-05-26 10:04:51]发送清屏指令：{"user":"zzokq","ts":"1653530691","sendmsg":"{\"cmd\":{\"delete\":{\"del_all\":1}},\"ids_dev\":\"1214120042\",\"sno\":1}","type":"pkts_program","token":"D0C283E905377BBB5F5D7CE70111EAB6"}

[2022-05-26 10:04:51]收到：{"sno":1313336910}

[2022-05-26 10:04:51]Get token md5 Str：sendmsg={"pkts_program":{"property_pro":{"width":80,"height":160},"list_region":[{"info_pos":{"x":0,"y":0,"w":160,"h":16},"list_item":[{"info_animate":{"model_continue":null,"speed":null},"type_item":"text","text":"祥符区八里湾基地"}]},{"info_pos":{"x":0,"y":16,"w":160,"h":16},"list_item":[{"info_animate":{"model_continue":null,"speed":null},"type_item":"text","text":"温度:31.5℃ 湿度:46%"}]},{"info_pos":{"x":0,"y":32,"w":160,"h":16},"list_item":[{"info_animate":{"model_continue":null,"speed":null},"type_item":"text","text":"大气压:103.18Kpa"}]},{"info_pos":{"x":0,"y":48,"w":160,"h":16},"list_item":[{"info_animate":{"model_continue":null,"speed":null},"type_item":"text","text":"二氧化碳:392ppm"}]},{"info_pos":{"x":0,"y":64,"w":160,"h":16},"list_item":[{"info_animate":{"model_continue":null,"speed":null},"type_item":"text","text":"风向:西南 风速:1m/s"}]}],"id_pro":1},"ids_dev":"1214120042","sno":1}&ts=1653530691&type=pkts_program&user=zzokq&key=f34e3c6f97da60aca76b307bd271bb5f

[2022-05-26 10:04:51]发送展示数据指令：{"user":"zzokq","ts":"1653530691","sendmsg":"{\"pkts_program\":{\"property_pro\":{\"width\":80,\"height\":160},\"list_region\":[{\"info_pos\":{\"x\":0,\"y\":0,\"w\":160,\"h\":16},\"list_item\":[{\"info_animate\":{\"model_continue\":null,\"speed\":null},\"type_item\":\"text\",\"text\":\"祥符区八里湾基地\"}]},{\"info_pos\":{\"x\":0,\"y\":16,\"w\":160,\"h\":16},\"list_item\":[{\"info_animate\":{\"model_continue\":null,\"speed\":null},\"type_item\":\"text\",\"text\":\"温度:31.5℃ 湿度:46%\"}]},{\"info_pos\":{\"x\":0,\"y\":32,\"w\":160,\"h\":16},\"list_item\":[{\"info_animate\":{\"model_continue\":null,\"speed\":null},\"type_item\":\"text\",\"text\":\"大气压:103.18Kpa\"}]},{\"info_pos\":{\"x\":0,\"y\":48,\"w\":160,\"h\":16},\"list_item\":[{\"info_animate\":{\"model_continue\":null,\"speed\":null},\"type_item\":\"text\",\"text\":\"二氧化碳:392ppm\"}]},{\"info_pos\":{\"x\":0,\"y\":64,\"w\":160,\"h\":16},\"list_item\":[{\"info_animate\":{\"model_continue\":null,\"speed\":null},\"type_item\":\"text\",\"text\":\"风向:西南 风速:1m/s\"}]}],\"id_pro\":1},\"ids_dev\":\"1214120042\",\"sno\":1}","type":"pkts_program","token":"A37BF29E78E92F89C5B11B8737FBE3C4"}

[2022-05-26 10:04:51]收到：{"sno":1313336912}

[2022-05-26 10:05:10]Socket事件_发送成功:{"devId":"okq20201106301","err":"","func":100,"message":"keep-alive"}

[2022-05-26 10:05:40]Socket事件_发送成功:{"devId":"okq20201106301","err":"","func":100,"message":"keep-alive"}

[2022-05-26 10:06:10]Socket事件_发送成功:{"devId":"okq20201106301","err":"","func":100,"message":"keep-alive"}

[2022-05-26 10:06:53]串口:COM99打开故障

[2022-05-26 10:06:53]led屏串口打开失败！

[2022-05-26 10:06:55]串口:COM7打开故障

[2022-05-26 10:06:56]设备被启动！

[2022-05-26 10:06:56]与服务器连接成功！

[2022-05-26 10:06:56]相机索引错误

[2022-05-26 10:06:56]相机索引错误

[2022-05-26 10:06:56]相机索引错误

[2022-05-26 10:06:57]CQ12串口打开成功！

[2022-05-26 10:06:57]相机索引错误

[2022-05-26 10:06:57]没有设备，请选择！

[2022-05-26 10:06:57]相机索引错误

[2022-05-26 10:06:57]没有设备，请选择！

[2022-05-26 10:06:57]相机索引错误

[2022-05-26 10:06:57]没有设备，请选择！

[2022-05-26 10:07:14]区域1 标题：祥符区八里湾基地

[2022-05-26 10:07:14]区域2 内容：温度:31.5℃ 湿度:46%

[2022-05-26 10:07:14]区域3 内容：大气压:103.18Kpa

[2022-05-26 10:07:14]区域4 内容：二氧化碳:392ppm

[2022-05-26 10:07:14]区域5 内容：风向:西南 风速:1m/s

[2022-05-26 10:07:15]Get token md5 Str：sendmsg={"cmd":{"delete":{"del_all":1}},"ids_dev":"1214120042","sno":1}&ts=1653530835&type=pkts_program&user=zzokq&key=f34e3c6f97da60aca76b307bd271bb5f

[2022-05-26 10:07:15]发送清屏指令：{"user":"zzokq","ts":"1653530835","sendmsg":"{\"cmd\":{\"delete\":{\"del_all\":1}},\"ids_dev\":\"1214120042\",\"sno\":1}","type":"pkts_program","token":"25737FF75DCADC31BD61ABDE9E675CD9"}

[2022-05-26 10:07:15]收到：{"sno":1313339746}

[2022-05-26 10:07:15]Get token md5 Str：sendmsg={"pkts_program":{"property_pro":{"width":80,"height":160},"list_region":[{"info_pos":{"x":0,"y":0,"w":160,"h":16},"list_item":[{"info_animate":{"model_continue":null,"speed":null},"type_item":"text","text":"祥符区八里湾基地"}]},{"info_pos":{"x":0,"y":16,"w":160,"h":16},"list_item":[{"info_animate":{"model_continue":null,"speed":null},"type_item":"text","text":"温度:31.5℃ 湿度:46%"}]},{"info_pos":{"x":0,"y":32,"w":160,"h":16},"list_item":[{"info_animate":{"model_continue":null,"speed":null},"type_item":"text","text":"大气压:103.18Kpa"}]},{"info_pos":{"x":0,"y":48,"w":160,"h":16},"list_item":[{"info_animate":{"model_continue":null,"speed":null},"type_item":"text","text":"二氧化碳:392ppm"}]},{"info_pos":{"x":0,"y":64,"w":160,"h":16},"list_item":[{"info_animate":{"model_continue":null,"speed":null},"type_item":"text","text":"风向:西南 风速:1m/s"}]}],"id_pro":1},"ids_dev":"1214120042","sno":1}&ts=1653530835&type=pkts_program&user=zzokq&key=f34e3c6f97da60aca76b307bd271bb5f

[2022-05-26 10:07:15]发送展示数据指令：{"user":"zzokq","ts":"1653530835","sendmsg":"{\"pkts_program\":{\"property_pro\":{\"width\":80,\"height\":160},\"list_region\":[{\"info_pos\":{\"x\":0,\"y\":0,\"w\":160,\"h\":16},\"list_item\":[{\"info_animate\":{\"model_continue\":null,\"speed\":null},\"type_item\":\"text\",\"text\":\"祥符区八里湾基地\"}]},{\"info_pos\":{\"x\":0,\"y\":16,\"w\":160,\"h\":16},\"list_item\":[{\"info_animate\":{\"model_continue\":null,\"speed\":null},\"type_item\":\"text\",\"text\":\"温度:31.5℃ 湿度:46%\"}]},{\"info_pos\":{\"x\":0,\"y\":32,\"w\":160,\"h\":16},\"list_item\":[{\"info_animate\":{\"model_continue\":null,\"speed\":null},\"type_item\":\"text\",\"text\":\"大气压:103.18Kpa\"}]},{\"info_pos\":{\"x\":0,\"y\":48,\"w\":160,\"h\":16},\"list_item\":[{\"info_animate\":{\"model_continue\":null,\"speed\":null},\"type_item\":\"text\",\"text\":\"二氧化碳:392ppm\"}]},{\"info_pos\":{\"x\":0,\"y\":64,\"w\":160,\"h\":16},\"list_item\":[{\"info_animate\":{\"model_continue\":null,\"speed\":null},\"type_item\":\"text\",\"text\":\"风向:西南 风速:1m/s\"}]}],\"id_pro\":1},\"ids_dev\":\"1214120042\",\"sno\":1}","type":"pkts_program","token":"D43B21FBDBE236816D8DB73F2E58A767"}

[2022-05-26 10:07:15]收到：{"sno":1313339748}

[2022-05-26 10:07:26]Socket事件_发送成功:{"devId":"okq20201106301","err":"","func":100,"message":"keep-alive"}

[2022-05-26 10:07:58]串口:COM99打开故障

[2022-05-26 10:07:58]led屏串口打开失败！

[2022-05-26 10:07:59]串口:COM7打开故障

[2022-05-26 10:07:59]设备被启动！

[2022-05-26 10:07:59]与服务器连接成功！

[2022-05-26 10:08:00]相机索引错误

[2022-05-26 10:08:00]相机索引错误

[2022-05-26 10:08:00]相机索引错误

[2022-05-26 10:08:00]CQ12串口打开成功！

[2022-05-26 10:08:01]相机索引错误

[2022-05-26 10:08:01]没有设备，请选择！

[2022-05-26 10:08:01]相机索引错误

[2022-05-26 10:08:01]没有设备，请选择！

[2022-05-26 10:08:01]相机索引错误

[2022-05-26 10:08:01]没有设备，请选择！

[2022-05-26 10:12:08]串口:COM99打开故障

[2022-05-26 10:12:08]led屏串口打开失败！

[2022-05-26 10:12:10]串口:COM7打开故障

[2022-05-26 10:12:10]设备被启动！

[2022-05-26 10:12:10]与服务器连接成功！

[2022-05-26 10:12:10]相机索引错误

[2022-05-26 10:12:11]相机索引错误

[2022-05-26 10:12:11]相机索引错误

[2022-05-26 10:12:11]CQ12串口打开成功！

[2022-05-26 10:12:11]相机索引错误

[2022-05-26 10:12:11]没有设备，请选择！

[2022-05-26 10:12:12]相机索引错误

[2022-05-26 10:12:12]没有设备，请选择！

[2022-05-26 10:12:12]相机索引错误

[2022-05-26 10:12:12]没有设备，请选择！

[2022-05-26 10:12:42]Socket事件_发送成功:{"devId":"okq20201106301","err":"","func":100,"message":"keep-alive"}

[2022-05-26 10:22:34]串口:COM99打开故障

[2022-05-26 10:22:34]led屏串口打开失败！

[2022-05-26 10:22:36]串口:COM7打开故障

[2022-05-26 10:22:36]设备被启动！

[2022-05-26 10:22:36]与服务器连接成功！

[2022-05-26 10:22:36]相机索引错误

[2022-05-26 10:22:36]相机索引错误

[2022-05-26 10:22:37]相机索引错误

[2022-05-26 10:22:37]CQ12串口打开成功！

[2022-05-26 10:22:37]相机索引错误

[2022-05-26 10:22:37]没有设备，请选择！

[2022-05-26 10:22:37]相机索引错误

[2022-05-26 10:22:37]没有设备，请选择！

[2022-05-26 10:22:38]相机索引错误

[2022-05-26 10:22:38]没有设备，请选择！

[2022-05-26 11:33:01]串口:COM99打开故障

[2022-05-26 11:33:01]led屏串口打开失败！

[2022-05-26 11:33:03]串口:COM7打开故障

[2022-05-26 11:33:03]设备被启动！

[2022-05-26 11:33:03]与服务器连接成功！

[2022-05-26 11:33:04]相机索引错误

[2022-05-26 11:33:04]相机索引错误

[2022-05-26 11:33:04]相机索引错误

[2022-05-26 11:33:04]CQ12串口打开成功！

[2022-05-26 11:33:04]相机索引错误

[2022-05-26 11:33:04]没有设备，请选择！

[2022-05-26 11:33:05]相机索引错误

[2022-05-26 11:33:05]没有设备，请选择！

[2022-05-26 11:33:05]相机索引错误

[2022-05-26 11:33:05]没有设备，请选择！

[2022-05-26 11:37:30]串口:COM99打开故障

[2022-05-26 11:37:30]led屏串口打开失败！

[2022-05-26 11:37:32]串口:COM7打开故障

[2022-05-26 11:37:32]设备被启动！

[2022-05-26 11:37:32]与服务器连接成功！

[2022-05-26 11:37:33]相机索引错误

[2022-05-26 11:37:33]相机索引错误

[2022-05-26 11:37:33]相机索引错误

[2022-05-26 11:37:33]CQ12串口打开成功！

[2022-05-26 11:37:34]相机索引错误

[2022-05-26 11:37:34]没有设备，请选择！

[2022-05-26 11:37:34]相机索引错误

[2022-05-26 11:37:34]没有设备，请选择！

[2022-05-26 11:37:34]相机索引错误

[2022-05-26 11:37:34]没有设备，请选择！

[2022-05-26 11:38:02]Socket事件_发送成功:{"devId":"okq20201106301","err":"","func":100,"message":"keep-alive"}

[2022-05-26 11:38:32]Socket事件_发送成功:{"devId":"okq20201106301","err":"","func":100,"message":"keep-alive"}

[2022-05-26 11:39:02]Socket事件_发送成功:{"devId":"okq20201106301","err":"","func":100,"message":"keep-alive"}

[2022-05-26 11:39:32]Socket事件_发送成功:{"devId":"okq20201106301","err":"","func":100,"message":"keep-alive"}

[2022-05-26 11:40:02]Socket事件_发送成功:{"devId":"okq20201106301","err":"","func":100,"message":"keep-alive"}

[2022-05-26 11:41:12]串口:COM99打开故障

[2022-05-26 11:41:12]led屏串口打开失败！

[2022-05-26 11:41:13]串口:COM7打开故障

[2022-05-26 11:41:13]设备被启动！

[2022-05-26 11:41:13]与服务器连接成功！

[2022-05-26 11:41:14]相机索引错误

[2022-05-26 11:41:14]相机索引错误

[2022-05-26 11:41:14]相机索引错误

[2022-05-26 11:41:14]CQ12串口打开成功！

[2022-05-26 11:41:15]相机索引错误

[2022-05-26 11:41:15]没有设备，请选择！

[2022-05-26 11:41:15]相机索引错误

[2022-05-26 11:41:15]没有设备，请选择！

[2022-05-26 11:41:15]相机索引错误

[2022-05-26 11:41:15]没有设备，请选择！

[2022-05-26 11:41:47]Socket事件_发送成功:{"devId":"okq20201106301","err":"","func":100,"message":"keep-alive"}

[2022-05-26 11:42:19]Socket事件_发送成功:{"devId":"okq20201106301","err":"","func":100,"message":"keep-alive"}

[2022-05-26 11:43:19]连接已断开，正在重新连接...
