
[2022-05-25 08:43:47]串口:COM99打开故障

[2022-05-25 08:43:47]led屏串口打开失败！

[2022-05-25 08:46:26]串口:COM99打开故障

[2022-05-25 08:46:26]led屏串口打开失败！

[2022-05-25 08:46:41]串口:COM7打开故障

[2022-05-25 08:46:49]设备被启动！

[2022-05-25 08:46:49]与服务器连接成功！

[2022-05-25 08:46:49]相机索引错误

[2022-05-25 08:46:50]相机索引错误

[2022-05-25 08:46:50]相机索引错误

[2022-05-25 08:46:50]CQ12串口打开成功！

[2022-05-25 08:46:50]相机索引错误

[2022-05-25 08:46:50]没有设备，请选择！

[2022-05-25 08:46:51]相机索引错误

[2022-05-25 08:46:51]没有设备，请选择！

[2022-05-25 08:46:51]相机索引错误

[2022-05-25 08:46:51]没有设备，请选择！

[2022-05-25 08:47:26]Socket事件_发送成功:{"devId":"okq20201106301","err":"","func":100,"message":"keep-alive"}

[2022-05-25 08:48:15]Socket事件_发送成功:{"devId":"okq20201106301","err":"","func":100,"message":"keep-alive"}

[2022-05-25 08:51:01]串口:COM99打开故障

[2022-05-25 08:51:02]led屏串口打开失败！

[2022-05-25 08:51:07]串口:COM7打开故障

[2022-05-25 08:51:08]设备被启动！

[2022-05-25 08:51:08]与服务器连接成功！

[2022-05-25 08:51:09]相机索引错误

[2022-05-25 08:51:09]相机索引错误

[2022-05-25 08:51:09]相机索引错误

[2022-05-25 08:51:09]CQ12串口打开成功！

[2022-05-25 08:51:10]相机索引错误

[2022-05-25 08:51:10]没有设备，请选择！

[2022-05-25 08:51:10]相机索引错误

[2022-05-25 08:51:10]没有设备，请选择！

[2022-05-25 08:51:10]相机索引错误

[2022-05-25 08:51:10]没有设备，请选择！

[2022-05-25 08:51:53]Socket事件_发送成功:{"devId":"okq20201106301","err":"","func":100,"message":"keep-alive"}

[2022-05-25 08:52:14]Socket事件_发送成功:{"devId":"okq20201106301","err":"","func":100,"message":"keep-alive"}

[2022-05-25 08:55:59]串口:COM99打开故障

[2022-05-25 08:55:59]led屏串口打开失败！

[2022-05-25 08:56:04]串口:COM7打开故障

[2022-05-25 08:56:05]设备被启动！

[2022-05-25 08:56:05]与服务器连接成功！

[2022-05-25 08:56:05]相机索引错误

[2022-05-25 08:56:05]相机索引错误

[2022-05-25 08:56:05]相机索引错误

[2022-05-25 08:56:10]CQ12串口打开成功！

[2022-05-25 08:56:12]相机索引错误

[2022-05-25 08:56:12]没有设备，请选择！

[2022-05-25 08:56:13]相机索引错误

[2022-05-25 08:56:14]没有设备，请选择！

[2022-05-25 08:56:15]Socket事件_发送成功:{"func":101,"err":"","devId":"okq20201106301","devtype":1,"message":{"collectTime":"2022-05-24 09:01:07","environments":[{"name":"\u6E29\u5EA6","value":"28.2"},{"name":"\u6E7F\u5EA6","value":"54.7"},{"name":"\u9732\u70B9","value":"19.1"},{"name":"\u5149\u7167\u5EA6","value":"2119"},{"name":"\u5927\u6C14\u538B","value":"101.5"},{"name":"\u4E8C\u6C27\u5316\u78B3","value":"406"},{"name":"\u98CE\u5411","value":"246"},{"name":"\u98CE\u901F","value":"1.7"},{"name":"\u96E8\u91CF","value":"0"}]}}

[2022-05-25 08:56:15]相机索引错误

[2022-05-25 08:56:15]没有设备，请选择！

[2022-05-25 08:56:35]Socket事件_发送成功:{"func":101,"err":"","devId":"okq20201106301","devtype":1,"message":{"collectTime":"2022-05-24 10:01:11","environments":[{"name":"\u6E29\u5EA6","value":"31.5"},{"name":"\u6E7F\u5EA6","value":"45.7"},{"name":"\u9732\u70B9","value":"20.5"},{"name":"\u5149\u7167\u5EA6","value":"2785"},{"name":"\u5927\u6C14\u538B","value":"103.18"},{"name":"\u4E8C\u6C27\u5316\u78B3","value":"392"},{"name":"\u98CE\u5411","value":"226"},{"name":"\u98CE\u901F","value":"1.4"},{"name":"\u96E8\u91CF","value":"0"}]}}

[2022-05-25 10:49:57]串口:COM99打开故障

[2022-05-25 10:49:57]led屏串口打开失败！

[2022-05-25 10:50:12]串口:COM7打开故障

[2022-05-25 10:50:12]设备被启动！

[2022-05-25 10:50:13]与服务器连接成功！

[2022-05-25 10:50:13]相机索引错误

[2022-05-25 10:50:13]相机索引错误

[2022-05-25 10:50:13]相机索引错误

[2022-05-25 10:50:14]CQ12串口打开成功！

[2022-05-25 10:50:14]相机索引错误

[2022-05-25 10:50:14]没有设备，请选择！

[2022-05-25 10:50:14]相机索引错误

[2022-05-25 10:50:14]没有设备，请选择！

[2022-05-25 10:50:14]相机索引错误

[2022-05-25 10:50:14]没有设备，请选择！

[2022-05-25 10:50:46]Socket事件_发送成功:{"devId":"okq20201106301","err":"","func":100,"message":"keep-alive"}
