
[2022-04-22 08:49:34]串口:COM99打开故障

[2022-04-22 08:49:34]led屏串口打开失败！

[2022-04-22 08:49:36]串口:COM7打开故障

[2022-04-22 08:49:36]设备被启动！

[2022-04-22 08:49:36]与服务器连接成功！

[2022-04-22 08:49:37]相机索引错误

[2022-04-22 08:49:37]相机索引错误

[2022-04-22 08:49:37]相机索引错误

[2022-04-22 08:49:37]CQ12串口打开成功！

[2022-04-22 08:49:38]相机索引错误

[2022-04-22 08:49:38]没有设备，请选择！

[2022-04-22 08:49:38]相机索引错误

[2022-04-22 08:49:38]没有设备，请选择！

[2022-04-22 08:49:38]相机索引错误

[2022-04-22 08:49:38]没有设备，请选择！

[2022-04-22 08:50:54]串口:COM99打开故障

[2022-04-22 08:50:54]led屏串口打开失败！

[2022-04-22 08:50:56]串口:COM7打开故障

[2022-04-22 08:50:56]设备被启动！

[2022-04-22 08:50:56]与服务器连接成功！

[2022-04-22 08:50:56]相机索引错误

[2022-04-22 08:50:57]相机索引错误

[2022-04-22 08:50:57]相机索引错误

[2022-04-22 08:50:57]CQ12串口打开成功！

[2022-04-22 08:50:57]相机索引错误

[2022-04-22 08:50:57]没有设备，请选择！

[2022-04-22 08:50:58]相机索引错误

[2022-04-22 08:50:58]没有设备，请选择！

[2022-04-22 08:50:58]相机索引错误

[2022-04-22 08:50:58]没有设备，请选择！

[2022-04-22 09:08:54]串口:COM99打开故障

[2022-04-22 09:08:54]led屏串口打开失败！

[2022-04-22 09:08:57]串口:COM7打开故障

[2022-04-22 09:08:57]设备被启动！

[2022-04-22 09:08:57]与服务器连接成功！

[2022-04-22 09:08:57]相机索引错误

[2022-04-22 09:08:57]相机索引错误

[2022-04-22 09:08:58]相机索引错误

[2022-04-22 09:08:58]CQ12串口打开成功！

[2022-04-22 09:08:58]相机索引错误

[2022-04-22 09:08:58]没有设备，请选择！

[2022-04-22 09:08:58]相机索引错误

[2022-04-22 09:08:58]没有设备，请选择！

[2022-04-22 09:08:58]相机索引错误

[2022-04-22 09:08:59]没有设备，请选择！

[2022-04-22 09:11:11]串口:COM99打开故障

[2022-04-22 09:11:11]led屏串口打开失败！

[2022-04-22 09:11:12]串口:COM7打开故障

[2022-04-22 09:11:12]设备被启动！

[2022-04-22 09:11:12]与服务器连接成功！

[2022-04-22 09:11:12]相机索引错误

[2022-04-22 09:11:13]相机索引错误

[2022-04-22 09:11:13]相机索引错误

[2022-04-22 09:11:13]CQ12串口打开成功！

[2022-04-22 09:11:13]相机索引错误

[2022-04-22 09:11:13]没有设备，请选择！

[2022-04-22 09:11:14]相机索引错误

[2022-04-22 09:11:14]没有设备，请选择！

[2022-04-22 09:11:14]相机索引错误

[2022-04-22 09:11:14]没有设备，请选择！

[2022-04-22 09:11:58]串口:COM99打开故障

[2022-04-22 09:11:58]led屏串口打开失败！

[2022-04-22 09:11:59]串口:COM7打开故障

[2022-04-22 09:11:59]设备被启动！

[2022-04-22 09:11:59]与服务器连接成功！

[2022-04-22 09:11:59]相机索引错误

[2022-04-22 09:11:59]相机索引错误

[2022-04-22 09:12:00]相机索引错误

[2022-04-22 09:12:00]CQ12串口打开成功！

[2022-04-22 09:12:00]相机索引错误

[2022-04-22 09:12:00]没有设备，请选择！

[2022-04-22 09:12:00]相机索引错误

[2022-04-22 09:12:00]没有设备，请选择！

[2022-04-22 09:12:01]相机索引错误

[2022-04-22 09:12:01]没有设备，请选择！

[2022-04-22 09:12:56]串口:COM99打开故障

[2022-04-22 09:12:56]led屏串口打开失败！

[2022-04-22 09:12:57]串口:COM7打开故障

[2022-04-22 09:12:57]设备被启动！

[2022-04-22 09:12:57]与服务器连接成功！

[2022-04-22 09:12:58]相机索引错误

[2022-04-22 09:12:58]相机索引错误

[2022-04-22 09:12:58]相机索引错误

[2022-04-22 09:12:58]CQ12串口打开成功！

[2022-04-22 09:12:59]相机索引错误

[2022-04-22 09:12:59]没有设备，请选择！

[2022-04-22 09:12:59]相机索引错误

[2022-04-22 09:12:59]没有设备，请选择！

[2022-04-22 09:12:59]相机索引错误

[2022-04-22 09:12:59]没有设备，请选择！

[2022-04-22 09:17:00]连接已断开，正在重新连接...

[2022-04-22 09:17:14]串口:COM99打开故障

[2022-04-22 09:17:14]led屏串口打开失败！

[2022-04-22 09:17:15]串口:COM7打开故障

[2022-04-22 09:17:15]设备被启动！

[2022-04-22 09:17:15]与服务器连接成功！

[2022-04-22 09:17:15]相机索引错误

[2022-04-22 09:17:16]相机索引错误

[2022-04-22 09:17:16]相机索引错误

[2022-04-22 09:17:16]CQ12串口打开成功！

[2022-04-22 09:17:16]相机索引错误

[2022-04-22 09:17:16]没有设备，请选择！

[2022-04-22 09:17:17]相机索引错误

[2022-04-22 09:17:17]没有设备，请选择！

[2022-04-22 09:17:17]相机索引错误

[2022-04-22 09:17:17]没有设备，请选择！

[2022-04-22 09:17:24]串口:COM99打开故障

[2022-04-22 09:17:24]led屏串口打开失败！

[2022-04-22 09:17:26]串口:COM7打开故障

[2022-04-22 09:17:26]设备被启动！

[2022-04-22 09:17:26]与服务器连接成功！

[2022-04-22 09:17:26]相机索引错误

[2022-04-22 09:17:26]相机索引错误

[2022-04-22 09:17:27]相机索引错误

[2022-04-22 09:17:27]CQ12串口打开成功！

[2022-04-22 09:17:27]相机索引错误

[2022-04-22 09:17:27]没有设备，请选择！

[2022-04-22 09:17:27]相机索引错误

[2022-04-22 09:17:27]没有设备，请选择！

[2022-04-22 09:17:27]相机索引错误

[2022-04-22 09:17:27]没有设备，请选择！

[2022-04-22 09:17:54]串口:COM99打开故障

[2022-04-22 09:17:54]led屏串口打开失败！

[2022-04-22 09:17:55]串口:COM7打开故障

[2022-04-22 09:17:55]设备被启动！

[2022-04-22 09:17:55]与服务器连接成功！

[2022-04-22 09:17:55]相机索引错误

[2022-04-22 09:17:55]相机索引错误

[2022-04-22 09:17:55]相机索引错误

[2022-04-22 09:17:56]CQ12串口打开成功！

[2022-04-22 09:17:56]相机索引错误

[2022-04-22 09:17:56]没有设备，请选择！

[2022-04-22 09:17:56]相机索引错误

[2022-04-22 09:17:56]没有设备，请选择！

[2022-04-22 09:17:56]相机索引错误

[2022-04-22 09:17:56]没有设备，请选择！

[2022-04-22 09:25:55]串口:COM99打开故障

[2022-04-22 09:25:55]led屏串口打开失败！

[2022-04-22 09:25:56]串口:COM7打开故障

[2022-04-22 09:25:57]设备被启动！

[2022-04-22 09:25:57]与服务器连接成功！

[2022-04-22 09:25:57]相机索引错误

[2022-04-22 09:25:57]相机索引错误

[2022-04-22 09:25:57]相机索引错误

[2022-04-22 09:25:58]CQ12串口打开成功！

[2022-04-22 09:25:58]相机索引错误

[2022-04-22 09:25:58]没有设备，请选择！

[2022-04-22 09:25:58]相机索引错误

[2022-04-22 09:25:58]没有设备，请选择！

[2022-04-22 09:25:58]相机索引错误

[2022-04-22 09:25:58]没有设备，请选择！

[2022-04-22 09:27:46]串口:COM99打开故障

[2022-04-22 09:27:46]led屏串口打开失败！

[2022-04-22 09:27:47]串口:COM7打开故障

[2022-04-22 09:27:47]设备被启动！

[2022-04-22 09:27:47]与服务器连接成功！

[2022-04-22 09:27:47]相机索引错误

[2022-04-22 09:27:47]相机索引错误

[2022-04-22 09:27:48]相机索引错误

[2022-04-22 09:27:48]CQ12串口打开成功！

[2022-04-22 09:27:48]相机索引错误

[2022-04-22 09:27:48]没有设备，请选择！

[2022-04-22 09:27:48]相机索引错误

[2022-04-22 09:27:48]没有设备，请选择！

[2022-04-22 09:27:49]相机索引错误

[2022-04-22 09:27:49]没有设备，请选择！

[2022-04-22 10:03:45]串口:COM99打开故障

[2022-04-22 10:03:45]led屏串口打开失败！

[2022-04-22 10:03:48]串口:COM7打开故障

[2022-04-22 10:03:48]设备被启动！

[2022-04-22 10:03:48]与服务器连接成功！

[2022-04-22 10:03:48]相机索引错误

[2022-04-22 10:03:48]相机索引错误

[2022-04-22 10:03:49]相机索引错误

[2022-04-22 10:03:49]CQ12串口打开成功！

[2022-04-22 10:03:49]相机索引错误

[2022-04-22 10:03:49]没有设备，请选择！

[2022-04-22 10:03:49]相机索引错误

[2022-04-22 10:03:49]没有设备，请选择！

[2022-04-22 10:03:50]相机索引错误

[2022-04-22 10:03:50]没有设备，请选择！

[2022-04-22 11:13:55]串口:COM99打开故障

[2022-04-22 11:13:55]led屏串口打开失败！

[2022-04-22 11:13:57]串口:COM7打开故障

[2022-04-22 11:13:57]设备被启动！

[2022-04-22 11:13:57]与服务器连接成功！

[2022-04-22 11:13:58]相机索引错误

[2022-04-22 11:13:58]相机索引错误

[2022-04-22 11:13:58]相机索引错误

[2022-04-22 11:13:59]相机索引错误

[2022-04-22 11:13:59]没有设备，请选择！

[2022-04-22 11:13:59]相机索引错误

[2022-04-22 11:13:59]没有设备，请选择！

[2022-04-22 11:13:59]相机索引错误

[2022-04-22 11:13:59]没有设备，请选择！

[2022-04-22 13:53:04]串口:COM99打开故障

[2022-04-22 13:53:04]led屏串口打开失败！

[2022-04-22 13:53:06]串口:COM7打开故障

[2022-04-22 13:53:07]设备被启动！

[2022-04-22 13:53:07]与服务器连接成功！

[2022-04-22 13:53:07]相机索引错误

[2022-04-22 13:53:07]相机索引错误

[2022-04-22 13:53:07]相机索引错误

[2022-04-22 13:53:08]相机索引错误

[2022-04-22 13:53:08]没有设备，请选择！

[2022-04-22 13:53:09]相机索引错误

[2022-04-22 13:53:09]没有设备，请选择！

[2022-04-22 13:53:09]相机索引错误

[2022-04-22 13:53:09]没有设备，请选择！
