
[2022-06-20 09:11:43]串口:COM99打开故障

[2022-06-20 09:11:43]led屏串口打开失败！

[2022-06-20 09:11:45]串口:COM4打开故障

[2022-06-20 09:11:45]设备被启动！

[2022-06-20 09:11:45]与服务器连接成功！

[2022-06-20 09:11:46]CQ12串口打开成功！

[2022-06-20 09:11:46]没有设备，请选择！

[2022-06-20 09:11:47]没有设备，请选择！

[2022-06-20 09:11:47]没有设备，请选择！

[2022-06-20 09:14:06]串口:COM99打开故障

[2022-06-20 09:14:06]led屏串口打开失败！

[2022-06-20 09:14:08]串口:COM4打开故障

[2022-06-20 09:14:08]设备被启动！

[2022-06-20 09:14:08]与服务器连接成功！

[2022-06-20 09:14:09]CQ12串口打开成功！

[2022-06-20 09:14:10]没有设备，请选择！

[2022-06-20 09:14:10]没有设备，请选择！

[2022-06-20 09:14:10]没有设备，请选择！

[2022-06-20 09:17:09]串口:COM99打开故障

[2022-06-20 09:17:09]led屏串口打开失败！

[2022-06-20 09:17:11]串口:COM4打开故障

[2022-06-20 09:17:11]设备被启动！

[2022-06-20 09:17:11]与服务器连接成功！

[2022-06-20 09:17:12]CQ12串口打开成功！

[2022-06-20 09:17:12]没有设备，请选择！

[2022-06-20 09:17:13]没有设备，请选择！

[2022-06-20 09:17:13]没有设备，请选择！

[2022-06-20 09:17:41]Socket事件_发送成功:{"devId":"okq20201106301","err":"","func":100,"message":"keep-alive"}

[2022-06-20 09:18:11]Socket事件_发送成功:{"devId":"okq20201106301","err":"","func":100,"message":"keep-alive"}

[2022-06-20 09:18:41]Socket事件_发送成功:{"devId":"okq20201106301","err":"","func":100,"message":"keep-alive"}

[2022-06-20 09:19:11]Socket事件_发送成功:{"devId":"okq20201106301","err":"","func":100,"message":"keep-alive"}

[2022-06-20 09:20:35]串口:COM99打开故障

[2022-06-20 09:20:35]led屏串口打开失败！

[2022-06-20 09:20:37]串口:COM4打开故障

[2022-06-20 09:20:37]设备被启动！

[2022-06-20 09:20:37]与服务器连接成功！

[2022-06-20 09:20:38]CQ12串口打开成功！

[2022-06-20 09:20:38]没有设备，请选择！

[2022-06-20 09:20:38]没有设备，请选择！

[2022-06-20 09:20:38]没有设备，请选择！

[2022-06-20 09:20:53]串口:COM99打开故障

[2022-06-20 09:20:53]led屏串口打开失败！

[2022-06-20 09:20:55]串口:COM4打开故障

[2022-06-20 09:20:55]设备被启动！

[2022-06-20 09:20:55]与服务器连接成功！

[2022-06-20 09:20:56]CQ12串口打开成功！

[2022-06-20 09:20:56]没有设备，请选择！

[2022-06-20 09:20:57]没有设备，请选择！

[2022-06-20 09:20:57]没有设备，请选择！

[2022-06-20 09:22:05]串口:COM99打开故障

[2022-06-20 09:22:05]led屏串口打开失败！

[2022-06-20 09:22:06]串口:COM4打开故障

[2022-06-20 09:22:07]设备被启动！

[2022-06-20 09:22:07]与服务器连接成功！

[2022-06-20 09:22:08]CQ12串口打开成功！

[2022-06-20 09:22:08]没有设备，请选择！

[2022-06-20 09:22:08]没有设备，请选择！

[2022-06-20 09:22:08]没有设备，请选择！

[2022-06-20 09:22:37]Socket事件_发送成功:{"devId":"okq20201106301","err":"","func":100,"message":"keep-alive"}

[2022-06-20 09:23:30]串口:COM99打开故障

[2022-06-20 09:23:30]led屏串口打开失败！

[2022-06-20 09:23:32]串口:COM4打开故障

[2022-06-20 09:23:32]设备被启动！

[2022-06-20 09:23:32]与服务器连接成功！

[2022-06-20 09:23:33]CQ12串口打开成功！

[2022-06-20 09:23:34]没有设备，请选择！

[2022-06-20 09:23:34]没有设备，请选择！

[2022-06-20 09:23:34]没有设备，请选择！

[2022-06-20 09:24:20]Socket事件_发送成功:{"devId":"okq20201106301","err":"","func":100,"message":"keep-alive"}

[2022-06-20 09:24:49]Socket事件_发送成功:{"devId":"okq20201106301","err":"","func":100,"message":"keep-alive"}

[2022-06-20 09:25:19]Socket事件_发送成功:{"devId":"okq20201106301","err":"","func":100,"message":"keep-alive"}

[2022-06-20 09:29:04]串口:COM99打开故障

[2022-06-20 09:29:04]led屏串口打开失败！

[2022-06-20 09:29:06]串口:COM4打开故障

[2022-06-20 09:29:07]设备被启动！

[2022-06-20 09:29:07]与服务器连接成功！

[2022-06-20 09:29:08]CQ12串口打开成功！

[2022-06-20 09:29:08]没有设备，请选择！

[2022-06-20 09:29:08]没有设备，请选择！

[2022-06-20 09:29:09]没有设备，请选择！

[2022-06-20 09:29:37]Socket事件_发送成功:{"devId":"okq20201106301","err":"","func":100,"message":"keep-alive"}

[2022-06-20 09:30:07]Socket事件_发送成功:{"devId":"okq20201106301","err":"","func":100,"message":"keep-alive"}

[2022-06-20 09:31:22]串口:COM99打开故障

[2022-06-20 09:31:22]led屏串口打开失败！

[2022-06-20 09:31:24]串口:COM4打开故障

[2022-06-20 09:31:24]设备被启动！

[2022-06-20 09:31:24]与服务器连接成功！

[2022-06-20 09:31:25]CQ12串口打开成功！

[2022-06-20 09:31:25]没有设备，请选择！

[2022-06-20 09:31:26]没有设备，请选择！

[2022-06-20 09:31:26]没有设备，请选择！

[2022-06-20 09:33:07]Socket事件_发送成功:{"devId":"okq20201106301","err":"","func":100,"message":"keep-alive"}

[2022-06-20 09:33:21]区域1 标题：祥符区八里湾基地

[2022-06-20 09:33:21]区域2 内容：土壤湿度:0%RH

[2022-06-20 09:33:21]区域3 内容：土壤温度:27.3℃

[2022-06-20 09:33:21]区域4 内容：土壤PH:7pH

[2022-06-20 09:33:21]区域5 内容：土壤EC:25411us/cm

[2022-06-20 09:33:22]Get token md5 Str：sendmsg={"cmd":{"delete":{"del_all":1}},"ids_dev":"1214120042","sno":1}&ts=1655688802&type=pkts_program&user=zzokq&key=0c907f2dd316696e5f5dc8e3a7849edd

[2022-06-20 09:33:22]发送清屏指令：{"user":"zzokq","ts":"1655688802","sendmsg":"{\"cmd\":{\"delete\":{\"del_all\":1}},\"ids_dev\":\"1214120042\",\"sno\":1}","type":"pkts_program","token":"9E7F1272A89B563E9D2622F04F0A9656"}

[2022-06-20 09:33:22]收到：{"sno":1357428742}

[2022-06-20 09:33:22]Get token md5 Str：sendmsg={"pkts_program":{"property_pro":{"width":80,"height":160},"list_region":[{"info_pos":{"x":0,"y":0,"w":160,"h":16},"list_item":[{"info_animate":{"model_continue":null,"speed":null},"type_item":"text","text":"祥符区八里湾基地"}]},{"info_pos":{"x":0,"y":16,"w":160,"h":16},"list_item":[{"info_animate":{"model_continue":null,"speed":null},"type_item":"text","text":"土壤湿度:0%RH"}]},{"info_pos":{"x":0,"y":32,"w":160,"h":16},"list_item":[{"info_animate":{"model_continue":null,"speed":null},"type_item":"text","text":"土壤温度:27.3℃"}]},{"info_pos":{"x":0,"y":48,"w":160,"h":16},"list_item":[{"info_animate":{"model_continue":null,"speed":null},"type_item":"text","text":"土壤PH:7pH"}]},{"info_pos":{"x":0,"y":64,"w":160,"h":16},"list_item":[{"info_animate":{"model_continue":null,"speed":null},"type_item":"text","text":"土壤EC:25411us/cm"}]}],"id_pro":1},"ids_dev":"1214120042","sno":1}&ts=1655688802&type=pkts_program&user=zzokq&key=0c907f2dd316696e5f5dc8e3a7849edd

[2022-06-20 09:33:22]发送展示数据指令：{"user":"zzokq","ts":"1655688802","sendmsg":"{\"pkts_program\":{\"property_pro\":{\"width\":80,\"height\":160},\"list_region\":[{\"info_pos\":{\"x\":0,\"y\":0,\"w\":160,\"h\":16},\"list_item\":[{\"info_animate\":{\"model_continue\":null,\"speed\":null},\"type_item\":\"text\",\"text\":\"祥符区八里湾基地\"}]},{\"info_pos\":{\"x\":0,\"y\":16,\"w\":160,\"h\":16},\"list_item\":[{\"info_animate\":{\"model_continue\":null,\"speed\":null},\"type_item\":\"text\",\"text\":\"土壤湿度:0%RH\"}]},{\"info_pos\":{\"x\":0,\"y\":32,\"w\":160,\"h\":16},\"list_item\":[{\"info_animate\":{\"model_continue\":null,\"speed\":null},\"type_item\":\"text\",\"text\":\"土壤温度:27.3℃\"}]},{\"info_pos\":{\"x\":0,\"y\":48,\"w\":160,\"h\":16},\"list_item\":[{\"info_animate\":{\"model_continue\":null,\"speed\":null},\"type_item\":\"text\",\"text\":\"土壤PH:7pH\"}]},{\"info_pos\":{\"x\":0,\"y\":64,\"w\":160,\"h\":16},\"list_item\":[{\"info_animate\":{\"model_continue\":null,\"speed\":null},\"type_item\":\"text\",\"text\":\"土壤EC:25411us/cm\"}]}],\"id_pro\":1},\"ids_dev\":\"1214120042\",\"sno\":1}","type":"pkts_program","token":"FC2997524F2ACFA3AFF54A7BD6DA7D65"}

[2022-06-20 09:33:22]收到：{"sno":1357428744}

[2022-06-20 09:33:37]Socket事件_发送成功:{"devId":"okq20201106301","err":"","func":100,"message":"keep-alive"}

[2022-06-20 09:34:10]串口:COM99打开故障

[2022-06-20 09:34:10]led屏串口打开失败！

[2022-06-20 09:34:12]串口:COM4打开故障

[2022-06-20 09:34:12]设备被启动！

[2022-06-20 09:34:12]与服务器连接成功！

[2022-06-20 09:34:13]CQ12串口打开成功！

[2022-06-20 09:34:14]没有设备，请选择！

[2022-06-20 09:34:14]没有设备，请选择！

[2022-06-20 09:34:14]没有设备，请选择！

[2022-06-20 09:34:21]区域1 标题：祥符区八里湾基地

[2022-06-20 09:34:21]区域2 内容：土壤湿度:0%RH

[2022-06-20 09:34:21]区域3 内容：土壤温度:27.3℃

[2022-06-20 09:34:21]区域4 内容：土壤PH:7pH

[2022-06-20 09:34:21]区域5 内容：土壤EC:25411us/cm

[2022-06-20 09:34:21]Get token md5 Str：sendmsg={"cmd":{"delete":{"del_all":1}},"ids_dev":"1214120042","sno":1}&ts=1655688862&type=pkts_program&user=zzokq&key=0c907f2dd316696e5f5dc8e3a7849edd

[2022-06-20 09:34:21]发送清屏指令：{"user":"zzokq","ts":"1655688862","sendmsg":"{\"cmd\":{\"delete\":{\"del_all\":1}},\"ids_dev\":\"1214120042\",\"sno\":1}","type":"pkts_program","token":"2903B34DE79973AFE9FC1935B523ED5B"}

[2022-06-20 09:34:22]收到：{"sno":1357429890}

[2022-06-20 09:34:22]Get token md5 Str：sendmsg={"pkts_program":{"property_pro":{"width":80,"height":160},"list_region":[{"info_pos":{"x":0,"y":0,"w":160,"h":16},"list_item":[{"info_animate":{"model_continue":null,"speed":null},"type_item":"text","text":"祥符区八里湾基地"}]},{"info_pos":{"x":0,"y":16,"w":160,"h":16},"list_item":[{"info_animate":{"model_continue":null,"speed":null},"type_item":"text","text":"土壤湿度:0%RH"}]},{"info_pos":{"x":0,"y":32,"w":160,"h":16},"list_item":[{"info_animate":{"model_continue":null,"speed":null},"type_item":"text","text":"土壤温度:27.3℃"}]},{"info_pos":{"x":0,"y":48,"w":160,"h":16},"list_item":[{"info_animate":{"model_continue":null,"speed":null},"type_item":"text","text":"土壤PH:7pH"}]},{"info_pos":{"x":0,"y":64,"w":160,"h":16},"list_item":[{"info_animate":{"model_continue":null,"speed":null},"type_item":"text","text":"土壤EC:25411us/cm"}]}],"id_pro":1},"ids_dev":"1214120042","sno":1}&ts=1655688862&type=pkts_program&user=zzokq&key=0c907f2dd316696e5f5dc8e3a7849edd

[2022-06-20 09:34:22]发送展示数据指令：{"user":"zzokq","ts":"1655688862","sendmsg":"{\"pkts_program\":{\"property_pro\":{\"width\":80,\"height\":160},\"list_region\":[{\"info_pos\":{\"x\":0,\"y\":0,\"w\":160,\"h\":16},\"list_item\":[{\"info_animate\":{\"model_continue\":null,\"speed\":null},\"type_item\":\"text\",\"text\":\"祥符区八里湾基地\"}]},{\"info_pos\":{\"x\":0,\"y\":16,\"w\":160,\"h\":16},\"list_item\":[{\"info_animate\":{\"model_continue\":null,\"speed\":null},\"type_item\":\"text\",\"text\":\"土壤湿度:0%RH\"}]},{\"info_pos\":{\"x\":0,\"y\":32,\"w\":160,\"h\":16},\"list_item\":[{\"info_animate\":{\"model_continue\":null,\"speed\":null},\"type_item\":\"text\",\"text\":\"土壤温度:27.3℃\"}]},{\"info_pos\":{\"x\":0,\"y\":48,\"w\":160,\"h\":16},\"list_item\":[{\"info_animate\":{\"model_continue\":null,\"speed\":null},\"type_item\":\"text\",\"text\":\"土壤PH:7pH\"}]},{\"info_pos\":{\"x\":0,\"y\":64,\"w\":160,\"h\":16},\"list_item\":[{\"info_animate\":{\"model_continue\":null,\"speed\":null},\"type_item\":\"text\",\"text\":\"土壤EC:25411us/cm\"}]}],\"id_pro\":1},\"ids_dev\":\"1214120042\",\"sno\":1}","type":"pkts_program","token":"27F746E71868B7F27A2584AB652FD0C0"}

[2022-06-20 09:34:22]收到：{"sno":1357429892}

[2022-06-20 09:34:52]串口:COM99打开故障

[2022-06-20 09:34:52]led屏串口打开失败！

[2022-06-20 09:34:54]串口:COM4打开故障

[2022-06-20 09:34:54]设备被启动！

[2022-06-20 09:34:54]与服务器连接成功！

[2022-06-20 09:34:55]CQ12串口打开成功！

[2022-06-20 09:34:55]没有设备，请选择！

[2022-06-20 09:34:56]没有设备，请选择！

[2022-06-20 09:34:56]没有设备，请选择！

[2022-06-20 09:35:07]区域1 标题：祥符区八里湾基地

[2022-06-20 09:35:07]区域2 内容：土壤湿度:0%RH

[2022-06-20 09:35:07]区域3 内容：土壤温度:27.3℃

[2022-06-20 09:35:07]区域4 内容：土壤PH:7pH

[2022-06-20 09:35:07]区域5 内容：土壤EC:25411us/cm

[2022-06-20 09:35:07]Get token md5 Str：sendmsg={"cmd":{"delete":{"del_all":1}},"ids_dev":"1214120042","sno":1}&ts=1655688908&type=pkts_program&user=zzokq&key=0c907f2dd316696e5f5dc8e3a7849edd

[2022-06-20 09:35:07]发送清屏指令：{"user":"zzokq","ts":"1655688908","sendmsg":"{\"cmd\":{\"delete\":{\"del_all\":1}},\"ids_dev\":\"1214120042\",\"sno\":1}","type":"pkts_program","token":"10A1886DD4A54EA535E12E6126E50C01"}

[2022-06-20 09:35:07]收到：{"sno":1357430676}

[2022-06-20 09:35:07]Get token md5 Str：sendmsg={"pkts_program":{"property_pro":{"width":80,"height":160},"list_region":[{"info_pos":{"x":0,"y":0,"w":160,"h":16},"list_item":[{"info_animate":{"model_continue":null,"speed":null},"type_item":"text","text":"祥符区八里湾基地"}]},{"info_pos":{"x":0,"y":16,"w":160,"h":16},"list_item":[{"info_animate":{"model_continue":null,"speed":null},"type_item":"text","text":"土壤湿度:0%RH"}]},{"info_pos":{"x":0,"y":32,"w":160,"h":16},"list_item":[{"info_animate":{"model_continue":null,"speed":null},"type_item":"text","text":"土壤温度:27.3℃"}]},{"info_pos":{"x":0,"y":48,"w":160,"h":16},"list_item":[{"info_animate":{"model_continue":null,"speed":null},"type_item":"text","text":"土壤PH:7pH"}]},{"info_pos":{"x":0,"y":64,"w":160,"h":16},"list_item":[{"info_animate":{"model_continue":null,"speed":null},"type_item":"text","text":"土壤EC:25411us/cm"}]}],"id_pro":1},"ids_dev":"1214120042","sno":1}&ts=1655688908&type=pkts_program&user=zzokq&key=0c907f2dd316696e5f5dc8e3a7849edd

[2022-06-20 09:35:07]发送展示数据指令：{"user":"zzokq","ts":"1655688908","sendmsg":"{\"pkts_program\":{\"property_pro\":{\"width\":80,\"height\":160},\"list_region\":[{\"info_pos\":{\"x\":0,\"y\":0,\"w\":160,\"h\":16},\"list_item\":[{\"info_animate\":{\"model_continue\":null,\"speed\":null},\"type_item\":\"text\",\"text\":\"祥符区八里湾基地\"}]},{\"info_pos\":{\"x\":0,\"y\":16,\"w\":160,\"h\":16},\"list_item\":[{\"info_animate\":{\"model_continue\":null,\"speed\":null},\"type_item\":\"text\",\"text\":\"土壤湿度:0%RH\"}]},{\"info_pos\":{\"x\":0,\"y\":32,\"w\":160,\"h\":16},\"list_item\":[{\"info_animate\":{\"model_continue\":null,\"speed\":null},\"type_item\":\"text\",\"text\":\"土壤温度:27.3℃\"}]},{\"info_pos\":{\"x\":0,\"y\":48,\"w\":160,\"h\":16},\"list_item\":[{\"info_animate\":{\"model_continue\":null,\"speed\":null},\"type_item\":\"text\",\"text\":\"土壤PH:7pH\"}]},{\"info_pos\":{\"x\":0,\"y\":64,\"w\":160,\"h\":16},\"list_item\":[{\"info_animate\":{\"model_continue\":null,\"speed\":null},\"type_item\":\"text\",\"text\":\"土壤EC:25411us/cm\"}]}],\"id_pro\":1},\"ids_dev\":\"1214120042\",\"sno\":1}","type":"pkts_program","token":"349F7142C43BF70EF0EFF01ED9BE4A92"}

[2022-06-20 09:35:07]收到：{"sno":1357430694}

[2022-06-20 09:35:34]串口:COM99打开故障

[2022-06-20 09:35:34]led屏串口打开失败！

[2022-06-20 09:35:36]串口:COM4打开故障

[2022-06-20 09:35:36]设备被启动！

[2022-06-20 09:35:36]与服务器连接成功！

[2022-06-20 09:35:37]CQ12串口打开成功！

[2022-06-20 09:35:37]没有设备，请选择！

[2022-06-20 09:35:38]没有设备，请选择！

[2022-06-20 09:35:38]没有设备，请选择！

[2022-06-20 09:35:42]区域1 标题：祥符区八里湾基地

[2022-06-20 09:35:42]区域2 内容：土壤湿度:0%RH

[2022-06-20 09:35:42]区域3 内容：土壤温度:27.3℃

[2022-06-20 09:35:42]区域4 内容：土壤PH:7pH

[2022-06-20 09:35:42]区域5 内容：土壤EC:25411us/cm

[2022-06-20 09:35:43]Get token md5 Str：sendmsg={"cmd":{"delete":{"del_all":1}},"ids_dev":"1214120042","sno":1}&ts=1655688943&type=pkts_program&user=zzokq&key=0c907f2dd316696e5f5dc8e3a7849edd

[2022-06-20 09:35:43]发送清屏指令：{"user":"zzokq","ts":"1655688943","sendmsg":"{\"cmd\":{\"delete\":{\"del_all\":1}},\"ids_dev\":\"1214120042\",\"sno\":1}","type":"pkts_program","token":"B6ECAEA8BA0A55B5A59D0FFBC5B5A074"}

[2022-06-20 09:35:43]收到：{"sno":1357431404}

[2022-06-20 09:35:43]Get token md5 Str：sendmsg={"pkts_program":{"property_pro":{"width":80,"height":160},"list_region":[{"info_pos":{"x":0,"y":0,"w":160,"h":16},"list_item":[{"info_animate":{"model_continue":null,"speed":null},"type_item":"text","text":"祥符区八里湾基地"}]},{"info_pos":{"x":0,"y":16,"w":160,"h":16},"list_item":[{"info_animate":{"model_continue":null,"speed":null},"type_item":"text","text":"土壤湿度:0%RH"}]},{"info_pos":{"x":0,"y":32,"w":160,"h":16},"list_item":[{"info_animate":{"model_continue":null,"speed":null},"type_item":"text","text":"土壤温度:27.3℃"}]},{"info_pos":{"x":0,"y":48,"w":160,"h":16},"list_item":[{"info_animate":{"model_continue":null,"speed":null},"type_item":"text","text":"土壤PH:7pH"}]},{"info_pos":{"x":0,"y":64,"w":160,"h":16},"list_item":[{"info_animate":{"model_continue":null,"speed":null},"type_item":"text","text":"土壤EC:25411us/cm"}]}],"id_pro":1},"ids_dev":"1214120042","sno":1}&ts=1655688943&type=pkts_program&user=zzokq&key=0c907f2dd316696e5f5dc8e3a7849edd

[2022-06-20 09:35:43]发送展示数据指令：{"user":"zzokq","ts":"1655688943","sendmsg":"{\"pkts_program\":{\"property_pro\":{\"width\":80,\"height\":160},\"list_region\":[{\"info_pos\":{\"x\":0,\"y\":0,\"w\":160,\"h\":16},\"list_item\":[{\"info_animate\":{\"model_continue\":null,\"speed\":null},\"type_item\":\"text\",\"text\":\"祥符区八里湾基地\"}]},{\"info_pos\":{\"x\":0,\"y\":16,\"w\":160,\"h\":16},\"list_item\":[{\"info_animate\":{\"model_continue\":null,\"speed\":null},\"type_item\":\"text\",\"text\":\"土壤湿度:0%RH\"}]},{\"info_pos\":{\"x\":0,\"y\":32,\"w\":160,\"h\":16},\"list_item\":[{\"info_animate\":{\"model_continue\":null,\"speed\":null},\"type_item\":\"text\",\"text\":\"土壤温度:27.3℃\"}]},{\"info_pos\":{\"x\":0,\"y\":48,\"w\":160,\"h\":16},\"list_item\":[{\"info_animate\":{\"model_continue\":null,\"speed\":null},\"type_item\":\"text\",\"text\":\"土壤PH:7pH\"}]},{\"info_pos\":{\"x\":0,\"y\":64,\"w\":160,\"h\":16},\"list_item\":[{\"info_animate\":{\"model_continue\":null,\"speed\":null},\"type_item\":\"text\",\"text\":\"土壤EC:25411us/cm\"}]}],\"id_pro\":1},\"ids_dev\":\"1214120042\",\"sno\":1}","type":"pkts_program","token":"D6C9AEB446D84D19991816ED8C91BA03"}

[2022-06-20 09:35:43]收到：{"sno":1357431406}

[2022-06-20 09:36:09]串口:COM99打开故障

[2022-06-20 09:36:09]led屏串口打开失败！

[2022-06-20 09:36:11]串口:COM4打开故障

[2022-06-20 09:36:11]设备被启动！

[2022-06-20 09:36:11]与服务器连接成功！

[2022-06-20 09:36:12]CQ12串口打开成功！

[2022-06-20 09:36:12]没有设备，请选择！

[2022-06-20 09:36:12]没有设备，请选择！

[2022-06-20 09:36:13]没有设备，请选择！

[2022-06-20 09:36:41]Socket事件_发送成功:{"devId":"okq20201106301","err":"","func":100,"message":"keep-alive"}

[2022-06-20 09:37:44]串口:COM99打开故障

[2022-06-20 09:37:44]led屏串口打开失败！

[2022-06-20 09:37:45]串口:COM4打开故障

[2022-06-20 09:37:46]设备被启动！

[2022-06-20 09:37:46]与服务器连接成功！

[2022-06-20 09:37:47]CQ12串口打开成功！

[2022-06-20 09:37:47]没有设备，请选择！

[2022-06-20 09:37:47]没有设备，请选择！

[2022-06-20 09:37:48]没有设备，请选择！

[2022-06-20 09:38:43]串口:COM99打开故障

[2022-06-20 09:38:43]led屏串口打开失败！

[2022-06-20 09:38:45]串口:COM4打开故障

[2022-06-20 09:38:45]设备被启动！

[2022-06-20 09:38:45]与服务器连接成功！

[2022-06-20 09:38:46]CQ12串口打开成功！

[2022-06-20 09:38:46]没有设备，请选择！

[2022-06-20 09:38:46]没有设备，请选择！

[2022-06-20 09:38:47]没有设备，请选择！
