
[2022-07-22 09:13:16]CQ12串口打开成功！

[2022-07-22 09:13:17]CQ12客户端连接成功

[2022-07-22 09:13:23]设备打开失败!

[2022-07-22 09:13:23]触发失败!

[2022-07-22 09:13:24]发送指令:AB 5A 04 20 00 01 5A AF

[2022-07-22 09:13:25]发送指令:AB 5A 04 20 00 02 5A AF

[2022-07-22 09:13:26]发送指令:AB 5A 04 20 00 03 5A AF

[2022-07-22 09:13:29]发送指令:AB 5A 04 20 00 01 5A AF

[2022-07-22 09:13:29]发送指令:AB 5A 04 20 00 02 5A AF

[2022-07-22 09:13:30]发送指令:AB 5A 04 20 00 03 5A AF

[2022-07-22 09:13:32]发送指令:AB 5A 04 20 00 01 5A AF

[2022-07-22 09:13:33]发送指令:AB 5A 04 20 00 02 5A AF

[2022-07-22 09:13:33]发送指令:AB 5A 04 20 00 03 5A AF

[2022-07-22 09:13:37]发送指令:AB 5A 04 20 00 01 5A AF

[2022-07-22 09:13:38]发送指令:AB 5A 04 20 00 02 5A AF

[2022-07-22 09:13:38]发送指令:AB 5A 04 20 00 03 5A AF

[2022-07-22 09:13:42]发送指令:AB 5A 04 20 00 01 5A AF

[2022-07-22 09:13:43]发送指令:AB 5A 04 20 00 02 5A AF

[2022-07-22 09:13:43]发送指令:AB 5A 04 20 00 03 5A AF

[2022-07-22 09:14:53]CQ12串口打开成功！

[2022-07-22 09:14:53]CQ12客户端连接成功

[2022-07-22 09:14:57]设备打开失败!

[2022-07-22 09:14:57]触发失败!

[2022-07-22 09:19:47]CQ12串口打开成功！

[2022-07-22 09:19:47]CQ12客户端连接成功

[2022-07-22 10:12:02]CQ12客户端连接成功

[2022-07-22 10:14:17]CQ12客户端连接成功

[2022-07-22 10:14:45]CQ12串口打开成功！

[2022-07-22 10:14:45]CQ12客户端连接成功

[2022-07-22 10:31:07]CQ12串口打开成功！

[2022-07-22 10:31:07]CQ12客户端连接成功

[2022-07-22 10:31:53]CQ12串口打开成功！

[2022-07-22 10:31:53]CQ12客户端连接成功

[2022-07-22 10:39:18]CQ12串口打开成功！

[2022-07-22 10:39:18]CQ12客户端连接成功

[2022-07-22 10:39:19]设备打开失败!

[2022-07-22 10:39:19]触发失败!

[2022-07-22 10:39:42]程序运行磁盘剩余空间：234.6163 GB

[2022-07-22 10:39:52]设备打开失败!

[2022-07-22 10:39:52]触发失败!

[2022-07-22 10:39:52]获取PayloadSize失败，nRet：-2147483648

[2022-07-22 11:06:11]CQ12串口打开成功！

[2022-07-22 11:06:12]CQ12客户端连接成功

[2022-07-22 11:06:13]设备打开失败!

[2022-07-22 11:06:13]触发失败!

[2022-07-22 11:10:13]CQ12断开连接

[2022-07-22 11:10:13]连接已断开，正在重新连接...

[2022-07-22 11:13:25]CQ12串口打开成功！

[2022-07-22 11:13:25]CQ12客户端连接成功

[2022-07-22 11:13:26]设备打开失败!

[2022-07-22 11:13:26]触发失败!

[2022-07-22 11:18:07]CQ12串口打开成功！

[2022-07-22 11:18:07]CQ12客户端连接成功

[2022-07-22 11:18:08]设备打开失败!

[2022-07-22 11:18:08]触发失败!

[2022-07-22 11:20:04]CQ12串口打开成功！

[2022-07-22 11:20:04]CQ12客户端连接成功

[2022-07-22 11:20:05]设备打开失败!

[2022-07-22 11:20:05]触发失败!

[2022-07-22 11:20:22]CQ12串口打开成功！

[2022-07-22 11:20:22]CQ12客户端连接成功

[2022-07-22 11:20:23]设备打开失败!

[2022-07-22 11:20:23]触发失败!
