
[2022-07-15 14:11:36]串口:COM99打开故障

[2022-07-15 14:11:36]led屏串口打开失败！

[2022-07-15 14:11:42]串口:COM4打开故障

[2022-07-15 14:11:42]设备被启动！

[2022-07-15 14:11:43]与服务器连接成功！

[2022-07-15 14:11:44]串口:COM6打开故障

[2022-07-15 14:11:44]没有设备，请选择！

[2022-07-15 14:11:44]没有设备，请选择！

[2022-07-15 14:11:44]没有设备，请选择！

[2022-07-15 14:12:12]Socket事件_发送成功:{"devId":"okq20201106301","err":"","func":100,"message":"keep-alive"}

[2022-07-15 15:01:31]串口:COM99打开故障

[2022-07-15 15:01:31]led屏串口打开失败！

[2022-07-15 15:01:34]串口:COM4打开故障

[2022-07-15 15:01:34]设备被启动！

[2022-07-15 15:01:34]与服务器连接成功！

[2022-07-15 15:01:35]串口:COM6打开故障

[2022-07-15 15:01:36]没有设备，请选择！

[2022-07-15 15:01:36]没有设备，请选择！

[2022-07-15 15:01:37]没有设备，请选择！

[2022-07-15 15:08:52]串口:COM99打开故障

[2022-07-15 15:08:52]led屏串口打开失败！

[2022-07-15 15:08:53]串口:COM4打开故障

[2022-07-15 15:08:53]设备被启动！

[2022-07-15 15:08:53]与服务器连接成功！

[2022-07-15 15:08:54]串口:COM6打开故障

[2022-07-15 15:08:55]没有设备，请选择！

[2022-07-15 15:08:55]没有设备，请选择！

[2022-07-15 15:08:55]没有设备，请选择！

[2022-07-15 15:10:24]串口:COM99打开故障

[2022-07-15 15:10:24]led屏串口打开失败！

[2022-07-15 15:10:26]串口:COM4打开故障

[2022-07-15 15:10:26]设备被启动！

[2022-07-15 15:10:26]与服务器连接成功！

[2022-07-15 15:10:27]串口:COM6打开故障

[2022-07-15 15:10:27]没有设备，请选择！

[2022-07-15 15:10:28]没有设备，请选择！

[2022-07-15 15:10:28]没有设备，请选择！

[2022-07-15 15:13:24]串口:COM99打开故障

[2022-07-15 15:13:24]led屏串口打开失败！

[2022-07-15 15:13:26]串口:COM4打开故障

[2022-07-15 15:13:26]设备被启动！

[2022-07-15 15:13:26]与服务器连接成功！

[2022-07-15 15:13:27]串口:COM6打开故障

[2022-07-15 15:13:27]没有设备，请选择！

[2022-07-15 15:13:27]没有设备，请选择！

[2022-07-15 15:13:28]没有设备，请选择！

[2022-07-15 15:18:10]串口:COM6打开故障

[2022-07-15 15:18:26]串口:COM6打开故障

[2022-07-15 15:18:30]没有设备，请选择！

[2022-07-15 15:18:30]没有设备，请选择！

[2022-07-15 15:18:30]没有设备，请选择！

[2022-07-15 15:21:04]串口:COM6打开故障

[2022-07-15 15:21:53]串口:COM6打开故障

[2022-07-15 15:22:24]串口:COM6打开故障

[2022-07-15 15:22:24]没有设备，请选择！

[2022-07-15 15:22:24]没有设备，请选择！

[2022-07-15 15:22:25]没有设备，请选择！

[2022-07-15 15:22:43]串口:COM6打开故障

[2022-07-15 15:22:43]没有设备，请选择！

[2022-07-15 15:22:43]没有设备，请选择！

[2022-07-15 15:22:44]没有设备，请选择！

[2022-07-15 15:24:31]串口:COM6打开故障

[2022-07-15 15:24:31]没有设备，请选择！

[2022-07-15 15:24:31]没有设备，请选择！

[2022-07-15 15:24:32]没有设备，请选择！
