
[2022-06-22 09:55:26]串口:COM99打开故障

[2022-06-22 09:55:26]led屏串口打开失败！

[2022-06-22 09:55:28]串口:COM4打开故障

[2022-06-22 09:55:28]设备被启动！

[2022-06-22 09:55:28]与服务器连接成功！

[2022-06-22 09:55:29]CQ12串口打开成功！

[2022-06-22 09:55:29]没有设备，请选择！

[2022-06-22 09:55:30]没有设备，请选择！

[2022-06-22 09:55:30]没有设备，请选择！

[2022-06-22 11:02:13]串口:COM99打开故障

[2022-06-22 11:02:13]led屏串口打开失败！

[2022-06-22 11:02:14]串口:COM4打开故障

[2022-06-22 11:02:15]设备被启动！

[2022-06-22 11:02:15]与服务器连接成功！

[2022-06-22 11:02:16]CQ12串口打开成功！

[2022-06-22 11:02:16]没有设备，请选择！

[2022-06-22 11:02:16]没有设备，请选择！

[2022-06-22 11:02:17]没有设备，请选择！

[2022-06-22 11:02:45]Socket事件_发送成功:{"devId":"okq20201106301","err":"","func":100,"message":"keep-alive"}

[2022-06-22 11:03:03]串口:COM99打开故障

[2022-06-22 11:03:03]led屏串口打开失败！

[2022-06-22 11:03:04]串口:COM4打开故障

[2022-06-22 11:03:04]设备被启动！

[2022-06-22 11:03:04]与服务器连接成功！

[2022-06-22 11:03:05]CQ12串口打开成功！

[2022-06-22 11:03:05]没有设备，请选择！

[2022-06-22 11:03:06]没有设备，请选择！

[2022-06-22 11:03:06]没有设备，请选择！
