
[2022-05-24 09:38:26]串口:COM99打开故障

[2022-05-24 09:38:26]led屏串口打开失败！

[2022-05-24 09:38:28]串口:COM7打开故障

[2022-05-24 09:39:08]设备被启动！

[2022-05-24 09:39:08]与服务器连接成功！

[2022-05-24 09:39:08]相机索引错误

[2022-05-24 09:39:08]相机索引错误

[2022-05-24 09:39:08]相机索引错误

[2022-05-24 09:39:08]CQ12串口打开成功！

[2022-05-24 09:39:09]相机索引错误

[2022-05-24 09:39:09]没有设备，请选择！

[2022-05-24 09:39:09]相机索引错误

[2022-05-24 09:39:09]没有设备，请选择！

[2022-05-24 09:39:09]相机索引错误

[2022-05-24 09:39:09]没有设备，请选择！

[2022-05-24 09:44:17]串口:COM99打开故障

[2022-05-24 09:44:17]led屏串口打开失败！

[2022-05-24 09:44:18]串口:COM7打开故障

[2022-05-24 09:44:32]设备被启动！

[2022-05-24 09:44:32]与服务器连接成功！

[2022-05-24 09:44:32]相机索引错误

[2022-05-24 09:44:33]相机索引错误

[2022-05-24 09:44:33]相机索引错误

[2022-05-24 09:44:33]CQ12串口打开成功！

[2022-05-24 09:44:33]相机索引错误

[2022-05-24 09:44:33]没有设备，请选择！

[2022-05-24 09:44:34]相机索引错误

[2022-05-24 09:44:34]没有设备，请选择！

[2022-05-24 09:44:34]相机索引错误

[2022-05-24 09:44:34]没有设备，请选择！

[2022-05-24 09:47:56]连接已断开，正在重新连接...

[2022-05-24 09:51:03]串口:COM99打开故障

[2022-05-24 09:51:03]led屏串口打开失败！

[2022-05-24 09:51:04]串口:COM7打开故障

[2022-05-24 09:51:13]CQ12断开连接

[2022-05-24 09:51:14]设备被启动！

[2022-05-24 09:51:14]与服务器连接成功！

[2022-05-24 09:51:15]相机索引错误

[2022-05-24 09:51:15]相机索引错误

[2022-05-24 09:51:15]相机索引错误

[2022-05-24 09:51:15]CQ12串口打开成功！

[2022-05-24 09:51:15]相机索引错误

[2022-05-24 09:51:16]没有设备，请选择！

[2022-05-24 09:51:16]相机索引错误

[2022-05-24 09:51:16]没有设备，请选择！

[2022-05-24 09:51:16]相机索引错误

[2022-05-24 09:51:16]没有设备，请选择！

[2022-05-24 09:51:56]连接已断开，正在重新连接...

[2022-05-24 09:53:01]CQ12断开连接

[2022-05-24 10:00:53]串口:COM99打开故障

[2022-05-24 10:00:53]led屏串口打开失败！

[2022-05-24 10:00:54]串口:COM7打开故障

[2022-05-24 11:05:04]串口:COM99打开故障

[2022-05-24 11:05:04]led屏串口打开失败！

[2022-05-24 11:05:06]串口:COM7打开故障

[2022-05-24 11:05:10]设备被启动！

[2022-05-24 11:05:10]与服务器连接成功！

[2022-05-24 11:05:10]相机索引错误

[2022-05-24 11:05:11]相机索引错误

[2022-05-24 11:05:11]相机索引错误

[2022-05-24 11:05:12]相机索引错误

[2022-05-24 11:05:12]没有设备，请选择！

[2022-05-24 11:05:12]相机索引错误

[2022-05-24 11:05:12]没有设备，请选择！

[2022-05-24 11:05:12]相机索引错误

[2022-05-24 11:05:12]没有设备，请选择！

[2022-05-24 11:06:38]串口:COM99打开故障

[2022-05-24 11:06:38]led屏串口打开失败！

[2022-05-24 11:06:39]串口:COM7打开故障

[2022-05-24 11:06:42]设备被启动！

[2022-05-24 11:06:42]与服务器连接成功！

[2022-05-24 11:06:42]相机索引错误

[2022-05-24 11:06:42]相机索引错误

[2022-05-24 11:06:43]相机索引错误

[2022-05-24 11:06:43]相机索引错误

[2022-05-24 11:06:43]没有设备，请选择！

[2022-05-24 11:06:44]相机索引错误

[2022-05-24 11:06:44]没有设备，请选择！

[2022-05-24 11:06:44]相机索引错误

[2022-05-24 11:06:44]没有设备，请选择！

[2022-05-24 11:07:02]串口:COM99打开故障

[2022-05-24 11:07:02]led屏串口打开失败！

[2022-05-24 11:07:03]串口:COM7打开故障

[2022-05-24 11:07:03]设备被启动！

[2022-05-24 11:07:03]与服务器连接成功！

[2022-05-24 11:07:03]相机索引错误

[2022-05-24 11:07:03]相机索引错误

[2022-05-24 11:07:04]相机索引错误

[2022-05-24 11:07:05]相机索引错误

[2022-05-24 11:07:05]没有设备，请选择！

[2022-05-24 11:07:05]相机索引错误

[2022-05-24 11:07:05]没有设备，请选择！

[2022-05-24 11:07:05]相机索引错误

[2022-05-24 11:07:05]没有设备，请选择！

[2022-05-24 11:11:22]串口:COM99打开故障

[2022-05-24 11:11:22]led屏串口打开失败！

[2022-05-24 11:11:23]串口:COM7打开故障

[2022-05-24 11:11:23]设备被启动！

[2022-05-24 11:11:23]与服务器连接成功！

[2022-05-24 11:11:23]相机索引错误

[2022-05-24 11:11:23]相机索引错误

[2022-05-24 11:11:24]相机索引错误

[2022-05-24 11:11:24]相机索引错误

[2022-05-24 11:11:24]没有设备，请选择！

[2022-05-24 11:11:25]相机索引错误

[2022-05-24 11:11:25]没有设备，请选择！

[2022-05-24 11:11:25]相机索引错误

[2022-05-24 11:11:25]没有设备，请选择！

[2022-05-24 11:11:45]串口:COM99打开故障

[2022-05-24 11:11:45]led屏串口打开失败！

[2022-05-24 11:11:55]串口:COM7打开故障

[2022-05-24 11:12:14]设备被启动！

[2022-05-24 11:12:14]与服务器连接成功！

[2022-05-24 11:12:14]相机索引错误

[2022-05-24 11:12:14]相机索引错误

[2022-05-24 11:12:14]相机索引错误

[2022-05-24 11:12:15]相机索引错误

[2022-05-24 11:12:15]没有设备，请选择！

[2022-05-24 11:12:16]相机索引错误

[2022-05-24 11:12:16]没有设备，请选择！

[2022-05-24 11:12:16]相机索引错误

[2022-05-24 11:12:16]没有设备，请选择！

[2022-05-24 11:12:25]串口:COM99打开故障

[2022-05-24 11:12:25]led屏串口打开失败！

[2022-05-24 11:12:29]串口:COM7打开故障

[2022-05-24 11:12:36]设备被启动！

[2022-05-24 11:12:36]与服务器连接成功！

[2022-05-24 11:12:37]相机索引错误

[2022-05-24 11:12:37]相机索引错误

[2022-05-24 11:12:37]相机索引错误

[2022-05-24 11:12:38]相机索引错误

[2022-05-24 11:12:38]没有设备，请选择！

[2022-05-24 11:12:38]相机索引错误

[2022-05-24 11:12:38]没有设备，请选择！

[2022-05-24 11:12:38]相机索引错误

[2022-05-24 11:12:38]没有设备，请选择！

[2022-05-24 11:12:57]串口:COM99打开故障

[2022-05-24 11:12:57]led屏串口打开失败！

[2022-05-24 11:13:02]串口:COM7打开故障

[2022-05-24 11:13:15]设备被启动！

[2022-05-24 11:13:15]与服务器连接成功！

[2022-05-24 11:13:25]相机索引错误

[2022-05-24 11:13:25]程序运行磁盘剩余空间：236.7908 GB

[2022-05-24 11:13:27]相机索引错误

[2022-05-24 11:13:31]相机索引错误

[2022-05-24 11:14:33]相机索引错误

[2022-05-24 11:14:33]没有设备，请选择！

[2022-05-24 11:14:34]相机索引错误

[2022-05-24 11:14:34]没有设备，请选择！

[2022-05-24 11:14:36]相机索引错误

[2022-05-24 11:14:37]没有设备，请选择！

[2022-05-24 11:14:59]区域1 标题：祥符区八里湾基地

[2022-05-24 11:14:59]区域2 内容：

[2022-05-24 11:14:59]区域3 内容：

[2022-05-24 11:14:59]区域4 内容：

[2022-05-24 11:14:59]区域5 内容：

[2022-05-24 11:14:59]Get token md5 Str：sendmsg={"cmd":{"delete":{"del_all":1}},"ids_dev":"1214120042","sno":1}&ts=1653362100&type=pkts_program&user=zzokq&key=ed2b9ab7a473f729934dbd39338763d1

[2022-05-24 11:14:59]发送清屏指令：{"user":"zzokq","ts":"1653362100","sendmsg":"{\"cmd\":{\"delete\":{\"del_all\":1}},\"ids_dev\":\"1214120042\",\"sno\":1}","type":"pkts_program","token":"7EF21B60CB7B35914A9282EB57237706"}

[2022-05-24 11:15:00]收到：{"sno":1309752950}

[2022-05-24 11:15:00]Get token md5 Str：sendmsg={"pkts_program":{"property_pro":{"width":80,"height":160},"list_region":[{"info_pos":{"x":0,"y":0,"w":160,"h":16},"list_item":[{"info_animate":{"model_continue":null,"speed":null},"type_item":"text","text":"祥符区八里湾基地"}]},{"info_pos":{"x":0,"y":16,"w":160,"h":16},"list_item":[{"info_animate":{"model_continue":null,"speed":null},"type_item":"text","text":""}]},{"info_pos":{"x":0,"y":32,"w":160,"h":16},"list_item":[{"info_animate":{"model_continue":null,"speed":null},"type_item":"text","text":""}]},{"info_pos":{"x":0,"y":48,"w":160,"h":16},"list_item":[{"info_animate":{"model_continue":null,"speed":null},"type_item":"text","text":""}]},{"info_pos":{"x":0,"y":64,"w":160,"h":16},"list_item":[{"info_animate":{"model_continue":null,"speed":null},"type_item":"text","text":""}]}],"id_pro":1},"ids_dev":"1214120042","sno":1}&ts=1653362100&type=pkts_program&user=zzokq&key=ed2b9ab7a473f729934dbd39338763d1

[2022-05-24 11:15:00]发送展示数据指令：{"user":"zzokq","ts":"1653362100","sendmsg":"{\"pkts_program\":{\"property_pro\":{\"width\":80,\"height\":160},\"list_region\":[{\"info_pos\":{\"x\":0,\"y\":0,\"w\":160,\"h\":16},\"list_item\":[{\"info_animate\":{\"model_continue\":null,\"speed\":null},\"type_item\":\"text\",\"text\":\"祥符区八里湾基地\"}]},{\"info_pos\":{\"x\":0,\"y\":16,\"w\":160,\"h\":16},\"list_item\":[{\"info_animate\":{\"model_continue\":null,\"speed\":null},\"type_item\":\"text\",\"text\":\"\"}]},{\"info_pos\":{\"x\":0,\"y\":32,\"w\":160,\"h\":16},\"list_item\":[{\"info_animate\":{\"model_continue\":null,\"speed\":null},\"type_item\":\"text\",\"text\":\"\"}]},{\"info_pos\":{\"x\":0,\"y\":48,\"w\":160,\"h\":16},\"list_item\":[{\"info_animate\":{\"model_continue\":null,\"speed\":null},\"type_item\":\"text\",\"text\":\"\"}]},{\"info_pos\":{\"x\":0,\"y\":64,\"w\":160,\"h\":16},\"list_item\":[{\"info_animate\":{\"model_continue\":null,\"speed\":null},\"type_item\":\"text\",\"text\":\"\"}]}],\"id_pro\":1},\"ids_dev\":\"1214120042\",\"sno\":1}","type":"pkts_program","token":"7A005D552402E498D5B76FDF2E40865F"}

[2022-05-24 11:15:00]收到：{"sno":1309752954}

[2022-05-24 11:18:18]串口:COM99打开故障

[2022-05-24 11:18:18]led屏串口打开失败！

[2022-05-24 11:18:24]串口:COM7打开故障

[2022-05-24 11:18:34]设备被启动！

[2022-05-24 11:18:34]与服务器连接成功！

[2022-05-24 11:18:34]程序运行磁盘剩余空间：236.7906 GB

[2022-05-24 11:18:35]相机索引错误

[2022-05-24 11:18:36]相机索引错误

[2022-05-24 11:18:36]相机索引错误

[2022-05-24 11:18:39]相机索引错误

[2022-05-24 11:18:39]没有设备，请选择！

[2022-05-24 11:18:39]相机索引错误

[2022-05-24 11:18:39]没有设备，请选择！

[2022-05-24 11:18:39]相机索引错误

[2022-05-24 11:18:39]没有设备，请选择！

[2022-05-24 11:20:31]区域1 标题：祥符区八里湾基地

[2022-05-24 11:20:31]区域2 内容：温度:31.5℃ 湿度:46%

[2022-05-24 11:20:31]区域3 内容：大气压:103.18Kpa

[2022-05-24 11:20:31]区域4 内容：二氧化碳:392ppm

[2022-05-24 11:20:31]区域5 内容：风向:西南 风速:1m/s

[2022-05-24 11:20:31]Get token md5 Str：sendmsg={"cmd":{"delete":{"del_all":1}},"ids_dev":"1214120042","sno":1}&ts=1653362431&type=pkts_program&user=zzokq&key=ed2b9ab7a473f729934dbd39338763d1

[2022-05-24 11:20:31]发送清屏指令：{"user":"zzokq","ts":"1653362431","sendmsg":"{\"cmd\":{\"delete\":{\"del_all\":1}},\"ids_dev\":\"1214120042\",\"sno\":1}","type":"pkts_program","token":"0BC435D851E3505D023A4A696E19EB3A"}

[2022-05-24 11:20:31]收到：{"sno":1309761154}

[2022-05-24 11:20:31]Get token md5 Str：sendmsg={"pkts_program":{"property_pro":{"width":80,"height":160},"list_region":[{"info_pos":{"x":0,"y":0,"w":160,"h":16},"list_item":[{"info_animate":{"model_continue":null,"speed":null},"type_item":"text","text":"祥符区八里湾基地"}]},{"info_pos":{"x":0,"y":16,"w":160,"h":16},"list_item":[{"info_animate":{"model_continue":null,"speed":null},"type_item":"text","text":"温度:31.5℃ 湿度:46%"}]},{"info_pos":{"x":0,"y":32,"w":160,"h":16},"list_item":[{"info_animate":{"model_continue":null,"speed":null},"type_item":"text","text":"大气压:103.18Kpa"}]},{"info_pos":{"x":0,"y":48,"w":160,"h":16},"list_item":[{"info_animate":{"model_continue":null,"speed":null},"type_item":"text","text":"二氧化碳:392ppm"}]},{"info_pos":{"x":0,"y":64,"w":160,"h":16},"list_item":[{"info_animate":{"model_continue":null,"speed":null},"type_item":"text","text":"风向:西南 风速:1m/s"}]}],"id_pro":1},"ids_dev":"1214120042","sno":1}&ts=1653362431&type=pkts_program&user=zzokq&key=ed2b9ab7a473f729934dbd39338763d1

[2022-05-24 11:20:31]发送展示数据指令：{"user":"zzokq","ts":"1653362431","sendmsg":"{\"pkts_program\":{\"property_pro\":{\"width\":80,\"height\":160},\"list_region\":[{\"info_pos\":{\"x\":0,\"y\":0,\"w\":160,\"h\":16},\"list_item\":[{\"info_animate\":{\"model_continue\":null,\"speed\":null},\"type_item\":\"text\",\"text\":\"祥符区八里湾基地\"}]},{\"info_pos\":{\"x\":0,\"y\":16,\"w\":160,\"h\":16},\"list_item\":[{\"info_animate\":{\"model_continue\":null,\"speed\":null},\"type_item\":\"text\",\"text\":\"温度:31.5℃ 湿度:46%\"}]},{\"info_pos\":{\"x\":0,\"y\":32,\"w\":160,\"h\":16},\"list_item\":[{\"info_animate\":{\"model_continue\":null,\"speed\":null},\"type_item\":\"text\",\"text\":\"大气压:103.18Kpa\"}]},{\"info_pos\":{\"x\":0,\"y\":48,\"w\":160,\"h\":16},\"list_item\":[{\"info_animate\":{\"model_continue\":null,\"speed\":null},\"type_item\":\"text\",\"text\":\"二氧化碳:392ppm\"}]},{\"info_pos\":{\"x\":0,\"y\":64,\"w\":160,\"h\":16},\"list_item\":[{\"info_animate\":{\"model_continue\":null,\"speed\":null},\"type_item\":\"text\",\"text\":\"风向:西南 风速:1m/s\"}]}],\"id_pro\":1},\"ids_dev\":\"1214120042\",\"sno\":1}","type":"pkts_program","token":"17A7D108F8283741A3F50E433D530D95"}

[2022-05-24 11:20:31]收到：{"sno":1309761162}

[2022-05-24 11:21:08]串口:COM99打开故障

[2022-05-24 11:21:08]led屏串口打开失败！

[2022-05-24 11:21:14]串口:COM7打开故障

[2022-05-24 11:21:24]设备被启动！

[2022-05-24 11:21:24]与服务器连接成功！

[2022-05-24 11:21:24]程序运行磁盘剩余空间：236.7906 GB

[2022-05-24 11:21:25]相机索引错误

[2022-05-24 11:21:26]相机索引错误

[2022-05-24 11:21:27]相机索引错误

[2022-05-24 11:21:30]相机索引错误

[2022-05-24 11:21:30]没有设备，请选择！

[2022-05-24 11:21:31]相机索引错误

[2022-05-24 11:21:31]没有设备，请选择！

[2022-05-24 11:21:31]相机索引错误

[2022-05-24 11:21:31]没有设备，请选择！

[2022-05-24 11:21:31]区域1 标题：祥符区八里湾基地

[2022-05-24 11:21:31]区域2 内容：温度:31.5℃ 湿度:46%

[2022-05-24 11:21:31]区域3 内容：大气压:103.18Kpa

[2022-05-24 11:21:31]区域4 内容：二氧化碳:392ppm

[2022-05-24 11:21:31]区域5 内容：风向:西南 风速:1m/s

[2022-05-24 11:21:32]Get token md5 Str：sendmsg={"cmd":{"delete":{"del_all":1}},"ids_dev":"1214120042","sno":1}&ts=1653362492&type=pkts_program&user=zzokq&key=ed2b9ab7a473f729934dbd39338763d1

[2022-05-24 11:21:32]发送清屏指令：{"user":"zzokq","ts":"1653362492","sendmsg":"{\"cmd\":{\"delete\":{\"del_all\":1}},\"ids_dev\":\"1214120042\",\"sno\":1}","type":"pkts_program","token":"D88BA36D30007D719BF488744BF3FC33"}

[2022-05-24 11:21:32]收到：{"sno":1309762618}

[2022-05-24 11:21:32]Get token md5 Str：sendmsg={"pkts_program":{"property_pro":{"width":80,"height":160},"list_region":[{"info_pos":{"x":0,"y":0,"w":160,"h":16},"list_item":[{"info_animate":{"model_continue":null,"speed":null},"type_item":"text","text":"祥符区八里湾基地"}]},{"info_pos":{"x":0,"y":16,"w":160,"h":16},"list_item":[{"info_animate":{"model_continue":null,"speed":null},"type_item":"text","text":"温度:31.5℃ 湿度:46%"}]},{"info_pos":{"x":0,"y":32,"w":160,"h":16},"list_item":[{"info_animate":{"model_continue":null,"speed":null},"type_item":"text","text":"大气压:103.18Kpa"}]},{"info_pos":{"x":0,"y":48,"w":160,"h":16},"list_item":[{"info_animate":{"model_continue":null,"speed":null},"type_item":"text","text":"二氧化碳:392ppm"}]},{"info_pos":{"x":0,"y":64,"w":160,"h":16},"list_item":[{"info_animate":{"model_continue":null,"speed":null},"type_item":"text","text":"风向:西南 风速:1m/s"}]}],"id_pro":1},"ids_dev":"1214120042","sno":1}&ts=1653362492&type=pkts_program&user=zzokq&key=ed2b9ab7a473f729934dbd39338763d1

[2022-05-24 11:21:32]发送展示数据指令：{"user":"zzokq","ts":"1653362492","sendmsg":"{\"pkts_program\":{\"property_pro\":{\"width\":80,\"height\":160},\"list_region\":[{\"info_pos\":{\"x\":0,\"y\":0,\"w\":160,\"h\":16},\"list_item\":[{\"info_animate\":{\"model_continue\":null,\"speed\":null},\"type_item\":\"text\",\"text\":\"祥符区八里湾基地\"}]},{\"info_pos\":{\"x\":0,\"y\":16,\"w\":160,\"h\":16},\"list_item\":[{\"info_animate\":{\"model_continue\":null,\"speed\":null},\"type_item\":\"text\",\"text\":\"温度:31.5℃ 湿度:46%\"}]},{\"info_pos\":{\"x\":0,\"y\":32,\"w\":160,\"h\":16},\"list_item\":[{\"info_animate\":{\"model_continue\":null,\"speed\":null},\"type_item\":\"text\",\"text\":\"大气压:103.18Kpa\"}]},{\"info_pos\":{\"x\":0,\"y\":48,\"w\":160,\"h\":16},\"list_item\":[{\"info_animate\":{\"model_continue\":null,\"speed\":null},\"type_item\":\"text\",\"text\":\"二氧化碳:392ppm\"}]},{\"info_pos\":{\"x\":0,\"y\":64,\"w\":160,\"h\":16},\"list_item\":[{\"info_animate\":{\"model_continue\":null,\"speed\":null},\"type_item\":\"text\",\"text\":\"风向:西南 风速:1m/s\"}]}],\"id_pro\":1},\"ids_dev\":\"1214120042\",\"sno\":1}","type":"pkts_program","token":"06544A65761B3D8D431574F4D6B32943"}

[2022-05-24 11:21:32]收到：{"sno":1309762620}

[2022-05-24 11:22:15]串口:COM99打开故障

[2022-05-24 11:22:15]led屏串口打开失败！

[2022-05-24 11:22:19]串口:COM7打开故障

[2022-05-24 11:22:26]设备被启动！

[2022-05-24 11:22:27]与服务器连接成功！

[2022-05-24 11:22:27]程序运行磁盘剩余空间：236.7906 GB

[2022-05-24 11:22:28]相机索引错误

[2022-05-24 11:22:29]相机索引错误

[2022-05-24 11:22:29]相机索引错误

[2022-05-24 11:22:31]相机索引错误

[2022-05-24 11:22:31]没有设备，请选择！

[2022-05-24 11:22:32]相机索引错误

[2022-05-24 11:22:32]没有设备，请选择！

[2022-05-24 11:22:32]相机索引错误

[2022-05-24 11:22:32]没有设备，请选择！

[2022-05-24 11:22:32]区域1 标题：祥符区八里湾基地

[2022-05-24 11:22:32]区域2 内容：温度:31.5℃ 湿度:46%

[2022-05-24 11:22:32]区域3 内容：大气压:103.18Kpa

[2022-05-24 11:22:32]区域4 内容：二氧化碳:392ppm

[2022-05-24 11:22:32]区域5 内容：风向:西南 风速:1m/s

[2022-05-24 11:22:32]Get token md5 Str：sendmsg={"cmd":{"delete":{"del_all":1}},"ids_dev":"1214120042","sno":1}&ts=1653362553&type=pkts_program&user=zzokq&key=ed2b9ab7a473f729934dbd39338763d1

[2022-05-24 11:22:32]发送清屏指令：{"user":"zzokq","ts":"1653362553","sendmsg":"{\"cmd\":{\"delete\":{\"del_all\":1}},\"ids_dev\":\"1214120042\",\"sno\":1}","type":"pkts_program","token":"2BC4D2D9F817DFAD1115901CFA1324A3"}

[2022-05-24 11:22:32]收到：{"sno":1309764230}

[2022-05-24 11:22:32]Get token md5 Str：sendmsg={"pkts_program":{"property_pro":{"width":80,"height":160},"list_region":[{"info_pos":{"x":0,"y":0,"w":160,"h":16},"list_item":[{"info_animate":{"model_continue":null,"speed":null},"type_item":"text","text":"祥符区八里湾基地"}]},{"info_pos":{"x":0,"y":16,"w":160,"h":16},"list_item":[{"info_animate":{"model_continue":null,"speed":null},"type_item":"text","text":"温度:31.5℃ 湿度:46%"}]},{"info_pos":{"x":0,"y":32,"w":160,"h":16},"list_item":[{"info_animate":{"model_continue":null,"speed":null},"type_item":"text","text":"大气压:103.18Kpa"}]},{"info_pos":{"x":0,"y":48,"w":160,"h":16},"list_item":[{"info_animate":{"model_continue":null,"speed":null},"type_item":"text","text":"二氧化碳:392ppm"}]},{"info_pos":{"x":0,"y":64,"w":160,"h":16},"list_item":[{"info_animate":{"model_continue":null,"speed":null},"type_item":"text","text":"风向:西南 风速:1m/s"}]}],"id_pro":1},"ids_dev":"1214120042","sno":1}&ts=1653362553&type=pkts_program&user=zzokq&key=ed2b9ab7a473f729934dbd39338763d1

[2022-05-24 11:22:32]发送展示数据指令：{"user":"zzokq","ts":"1653362553","sendmsg":"{\"pkts_program\":{\"property_pro\":{\"width\":80,\"height\":160},\"list_region\":[{\"info_pos\":{\"x\":0,\"y\":0,\"w\":160,\"h\":16},\"list_item\":[{\"info_animate\":{\"model_continue\":null,\"speed\":null},\"type_item\":\"text\",\"text\":\"祥符区八里湾基地\"}]},{\"info_pos\":{\"x\":0,\"y\":16,\"w\":160,\"h\":16},\"list_item\":[{\"info_animate\":{\"model_continue\":null,\"speed\":null},\"type_item\":\"text\",\"text\":\"温度:31.5℃ 湿度:46%\"}]},{\"info_pos\":{\"x\":0,\"y\":32,\"w\":160,\"h\":16},\"list_item\":[{\"info_animate\":{\"model_continue\":null,\"speed\":null},\"type_item\":\"text\",\"text\":\"大气压:103.18Kpa\"}]},{\"info_pos\":{\"x\":0,\"y\":48,\"w\":160,\"h\":16},\"list_item\":[{\"info_animate\":{\"model_continue\":null,\"speed\":null},\"type_item\":\"text\",\"text\":\"二氧化碳:392ppm\"}]},{\"info_pos\":{\"x\":0,\"y\":64,\"w\":160,\"h\":16},\"list_item\":[{\"info_animate\":{\"model_continue\":null,\"speed\":null},\"type_item\":\"text\",\"text\":\"风向:西南 风速:1m/s\"}]}],\"id_pro\":1},\"ids_dev\":\"1214120042\",\"sno\":1}","type":"pkts_program","token":"9EE44DFBEF032E44FFBEEB279EF2258D"}

[2022-05-24 11:22:32]收到：{"sno":1309764232}

[2022-05-24 14:29:21]串口:COM99打开故障

[2022-05-24 14:29:21]led屏串口打开失败！

[2022-05-24 14:29:26]串口:COM7打开故障

[2022-05-24 14:29:26]设备被启动！

[2022-05-24 14:29:26]与服务器连接成功！

[2022-05-24 14:29:26]相机索引错误

[2022-05-24 14:29:27]相机索引错误

[2022-05-24 14:29:27]相机索引错误

[2022-05-24 14:29:28]相机索引错误

[2022-05-24 14:29:28]没有设备，请选择！

[2022-05-24 14:29:28]相机索引错误

[2022-05-24 14:29:28]没有设备，请选择！

[2022-05-24 14:29:28]相机索引错误

[2022-05-24 14:29:28]没有设备，请选择！

[2022-05-24 14:30:22]串口:COM99打开故障

[2022-05-24 14:30:22]led屏串口打开失败！

[2022-05-24 14:30:33]串口:COM99打开故障

[2022-05-24 14:30:33]led屏串口打开失败！

[2022-05-24 14:30:34]串口:COM7打开故障

[2022-05-24 14:30:36]串口:COM7打开故障

[2022-05-24 14:30:36]设备被启动！

[2022-05-24 14:30:36]与服务器连接成功！

[2022-05-24 14:30:36]相机索引错误

[2022-05-24 14:30:36]相机索引错误

[2022-05-24 14:30:37]相机索引错误

[2022-05-24 14:30:37]相机索引错误

[2022-05-24 14:30:37]没有设备，请选择！

[2022-05-24 14:30:38]相机索引错误

[2022-05-24 14:30:38]没有设备，请选择！

[2022-05-24 14:30:38]相机索引错误

[2022-05-24 14:30:38]没有设备，请选择！

[2022-05-24 14:31:47]串口:COM99打开故障

[2022-05-24 14:31:47]led屏串口打开失败！

[2022-05-24 15:21:40]串口:COM99打开故障

[2022-05-24 15:21:40]led屏串口打开失败！

[2022-05-24 15:22:13]串口:COM99打开故障

[2022-05-24 15:22:13]led屏串口打开失败！

[2022-05-24 15:24:20]串口:COM99打开故障

[2022-05-24 15:24:20]led屏串口打开失败！

[2022-05-24 15:24:30]串口:COM7打开故障

[2022-05-24 15:24:43]设备被启动！

[2022-05-24 15:24:43]与服务器连接成功！

[2022-05-24 15:24:44]相机索引错误

[2022-05-24 15:24:44]相机索引错误

[2022-05-24 15:24:44]相机索引错误

[2022-05-24 15:24:45]相机索引错误

[2022-05-24 15:24:45]没有设备，请选择！

[2022-05-24 15:24:45]相机索引错误

[2022-05-24 15:24:45]没有设备，请选择！

[2022-05-24 15:24:45]相机索引错误

[2022-05-24 15:24:45]没有设备，请选择！

[2022-05-24 15:32:42]串口:COM99打开故障

[2022-05-24 15:32:42]led屏串口打开失败！

[2022-05-24 15:32:47]串口:COM7打开故障

[2022-05-24 15:32:47]设备被启动！

[2022-05-24 15:32:47]与服务器连接成功！

[2022-05-24 15:32:47]相机索引错误

[2022-05-24 15:32:47]相机索引错误

[2022-05-24 15:32:48]相机索引错误

[2022-05-24 15:32:48]相机索引错误

[2022-05-24 15:32:48]没有设备，请选择！

[2022-05-24 15:32:49]相机索引错误

[2022-05-24 15:32:49]没有设备，请选择！

[2022-05-24 15:32:49]相机索引错误

[2022-05-24 15:32:49]没有设备，请选择！

[2022-05-24 15:33:13]串口:COM99打开故障

[2022-05-24 15:33:13]led屏串口打开失败！

[2022-05-24 15:41:01]串口:COM99打开故障

[2022-05-24 15:41:01]led屏串口打开失败！

[2022-05-24 15:41:05]串口:COM7打开故障

[2022-05-24 15:41:05]设备被启动！

[2022-05-24 15:41:05]与服务器连接成功！

[2022-05-24 15:41:05]相机索引错误

[2022-05-24 15:41:06]相机索引错误

[2022-05-24 15:41:06]相机索引错误

[2022-05-24 15:41:07]相机索引错误

[2022-05-24 15:41:07]没有设备，请选择！

[2022-05-24 15:41:07]相机索引错误

[2022-05-24 15:41:07]没有设备，请选择！

[2022-05-24 15:41:07]相机索引错误

[2022-05-24 15:41:07]没有设备，请选择！

[2022-05-24 15:54:59]串口:COM99打开故障

[2022-05-24 15:54:59]led屏串口打开失败！

[2022-05-24 15:55:02]串口:COM7打开故障

[2022-05-24 15:55:03]设备被启动！

[2022-05-24 15:55:03]与服务器连接成功！

[2022-05-24 15:55:03]相机索引错误

[2022-05-24 15:55:03]相机索引错误

[2022-05-24 15:55:04]相机索引错误

[2022-05-24 15:55:04]相机索引错误

[2022-05-24 15:55:04]没有设备，请选择！

[2022-05-24 15:55:05]相机索引错误

[2022-05-24 15:55:05]没有设备，请选择！

[2022-05-24 15:55:05]相机索引错误

[2022-05-24 15:55:05]没有设备，请选择！

[2022-05-24 15:55:40]Socket事件_发送成功:{"devId":"okq20201106301","err":"","func":100,"message":"keep-alive"}

[2022-05-24 17:54:09]串口:COM99打开故障

[2022-05-24 17:54:09]led屏串口打开失败！

[2022-05-24 17:54:13]串口:COM7打开故障

[2022-05-24 17:54:13]设备被启动！

[2022-05-24 17:54:13]与服务器连接成功！

[2022-05-24 17:54:13]相机索引错误

[2022-05-24 17:54:14]相机索引错误

[2022-05-24 17:54:14]相机索引错误

[2022-05-24 17:54:14]CQ12串口打开成功！

[2022-05-24 17:54:14]相机索引错误

[2022-05-24 17:54:14]没有设备，请选择！

[2022-05-24 17:54:15]相机索引错误

[2022-05-24 17:54:15]没有设备，请选择！

[2022-05-24 17:54:15]相机索引错误

[2022-05-24 17:54:15]没有设备，请选择！

[2022-05-24 17:54:53]Socket事件_发送成功:{"devId":"okq20201106301","err":"","func":100,"message":"keep-alive"}

[2022-05-24 17:55:35]Socket事件_发送成功:{"devId":"okq20201106301","err":"","func":100,"message":"keep-alive"}

[2022-05-24 17:55:57]Socket事件_发送成功:{"devId":"okq20201106301","err":"","func":100,"message":"keep-alive"}

[2022-05-24 17:56:31]串口:COM99打开故障

[2022-05-24 17:56:31]led屏串口打开失败！

[2022-05-24 17:56:33]串口:COM7打开故障

[2022-05-24 17:56:33]设备被启动！

[2022-05-24 17:56:33]与服务器连接成功！

[2022-05-24 17:56:33]相机索引错误

[2022-05-24 17:56:34]相机索引错误

[2022-05-24 17:56:34]相机索引错误

[2022-05-24 17:56:34]CQ12串口打开成功！

[2022-05-24 17:56:34]相机索引错误

[2022-05-24 17:56:34]没有设备，请选择！

[2022-05-24 17:56:35]相机索引错误

[2022-05-24 17:56:35]没有设备，请选择！

[2022-05-24 17:56:35]相机索引错误

[2022-05-24 17:56:35]没有设备，请选择！

[2022-05-24 17:57:03]串口:COM99打开故障

[2022-05-24 17:57:03]led屏串口打开失败！

[2022-05-24 17:57:07]串口:COM7打开故障

[2022-05-24 17:57:13]小气候串口打开成功！

[2022-05-24 17:57:13]设备被启动！

[2022-05-24 17:57:13]与服务器连接成功！

[2022-05-24 17:57:14]相机索引错误

[2022-05-24 17:57:14]相机索引错误

[2022-05-24 17:57:14]相机索引错误

[2022-05-24 17:57:14]CQ12串口打开成功！

[2022-05-24 17:57:15]相机索引错误

[2022-05-24 17:57:15]没有设备，请选择！

[2022-05-24 17:57:15]相机索引错误

[2022-05-24 17:57:15]没有设备，请选择！

[2022-05-24 17:57:15]相机索引错误

[2022-05-24 17:57:15]没有设备，请选择！

[2022-05-24 17:57:31]串口:COM99打开故障

[2022-05-24 17:57:31]led屏串口打开失败！

[2022-05-24 17:57:37]串口:COM7打开故障

[2022-05-24 17:57:44]小气候串口打开成功！

[2022-05-24 17:57:51]设备被启动！

[2022-05-24 17:57:51]与服务器连接成功！

[2022-05-24 17:57:51]相机索引错误

[2022-05-24 17:57:51]相机索引错误

[2022-05-24 17:57:51]相机索引错误

[2022-05-24 17:57:52]CQ12串口打开成功！

[2022-05-24 17:57:52]相机索引错误

[2022-05-24 17:57:52]没有设备，请选择！

[2022-05-24 17:57:52]相机索引错误

[2022-05-24 17:57:52]没有设备，请选择！

[2022-05-24 17:57:52]相机索引错误

[2022-05-24 17:57:52]没有设备，请选择！

[2022-05-24 17:58:31]串口:COM99打开故障

[2022-05-24 17:58:31]led屏串口打开失败！

[2022-05-24 17:58:36]串口:COM7打开故障

[2022-05-24 17:58:40]小气候串口打开成功！

[2022-05-24 17:58:40]设备被启动！

[2022-05-24 17:58:40]与服务器连接成功！

[2022-05-24 17:58:40]相机索引错误

[2022-05-24 17:58:40]相机索引错误

[2022-05-24 17:58:41]相机索引错误

[2022-05-24 17:58:41]CQ12串口打开成功！

[2022-05-24 17:58:56]相机索引错误

[2022-05-24 17:59:01]没有设备，请选择！

[2022-05-24 17:59:06]相机索引错误

[2022-05-24 17:59:09]没有设备，请选择！

[2022-05-24 17:59:20]相机索引错误

[2022-05-24 17:59:20]没有设备，请选择！

[2022-05-24 17:59:21]Socket事件_发送成功:{"devId":"okq20201106301","err":"","func":100,"message":"keep-alive"}

[2022-05-24 17:59:21]程序运行磁盘剩余空间：236.8128 GB

[2022-05-24 17:59:21]区域1 标题：祥符区八里湾基地

[2022-05-24 17:59:21]区域2 内容：

[2022-05-24 17:59:21]区域3 内容：

[2022-05-24 17:59:21]区域4 内容：

[2022-05-24 17:59:21]区域5 内容：

[2022-05-24 17:59:21]Get token md5 Str：sendmsg={"cmd":{"delete":{"del_all":1}},"ids_dev":"1214120042","sno":1}&ts=1653386362&type=pkts_program&user=zzokq&key=1552ea24b8708d10e6ecf87a290ac22b

[2022-05-24 17:59:21]发送清屏指令：{"user":"zzokq","ts":"1653386362","sendmsg":"{\"cmd\":{\"delete\":{\"del_all\":1}},\"ids_dev\":\"1214120042\",\"sno\":1}","type":"pkts_program","token":"B0446FC17406AABF4785810606F02ECD"}

[2022-05-24 17:59:21]收到：{"sno":1310311560}

[2022-05-24 17:59:21]Get token md5 Str：sendmsg={"pkts_program":{"property_pro":{"width":80,"height":160},"list_region":[{"info_pos":{"x":0,"y":0,"w":160,"h":16},"list_item":[{"info_animate":{"model_continue":null,"speed":null},"type_item":"text","text":"祥符区八里湾基地"}]},{"info_pos":{"x":0,"y":16,"w":160,"h":16},"list_item":[{"info_animate":{"model_continue":null,"speed":null},"type_item":"text","text":""}]},{"info_pos":{"x":0,"y":32,"w":160,"h":16},"list_item":[{"info_animate":{"model_continue":null,"speed":null},"type_item":"text","text":""}]},{"info_pos":{"x":0,"y":48,"w":160,"h":16},"list_item":[{"info_animate":{"model_continue":null,"speed":null},"type_item":"text","text":""}]},{"info_pos":{"x":0,"y":64,"w":160,"h":16},"list_item":[{"info_animate":{"model_continue":null,"speed":null},"type_item":"text","text":""}]}],"id_pro":1},"ids_dev":"1214120042","sno":1}&ts=1653386362&type=pkts_program&user=zzokq&key=1552ea24b8708d10e6ecf87a290ac22b

[2022-05-24 17:59:21]发送展示数据指令：{"user":"zzokq","ts":"1653386362","sendmsg":"{\"pkts_program\":{\"property_pro\":{\"width\":80,\"height\":160},\"list_region\":[{\"info_pos\":{\"x\":0,\"y\":0,\"w\":160,\"h\":16},\"list_item\":[{\"info_animate\":{\"model_continue\":null,\"speed\":null},\"type_item\":\"text\",\"text\":\"祥符区八里湾基地\"}]},{\"info_pos\":{\"x\":0,\"y\":16,\"w\":160,\"h\":16},\"list_item\":[{\"info_animate\":{\"model_continue\":null,\"speed\":null},\"type_item\":\"text\",\"text\":\"\"}]},{\"info_pos\":{\"x\":0,\"y\":32,\"w\":160,\"h\":16},\"list_item\":[{\"info_animate\":{\"model_continue\":null,\"speed\":null},\"type_item\":\"text\",\"text\":\"\"}]},{\"info_pos\":{\"x\":0,\"y\":48,\"w\":160,\"h\":16},\"list_item\":[{\"info_animate\":{\"model_continue\":null,\"speed\":null},\"type_item\":\"text\",\"text\":\"\"}]},{\"info_pos\":{\"x\":0,\"y\":64,\"w\":160,\"h\":16},\"list_item\":[{\"info_animate\":{\"model_continue\":null,\"speed\":null},\"type_item\":\"text\",\"text\":\"\"}]}],\"id_pro\":1},\"ids_dev\":\"1214120042\",\"sno\":1}","type":"pkts_program","token":"F8EE56895DB65F5C78FAB04E5E6B85D4"}

[2022-05-24 17:59:22]收到：{"sno":1310311562}

[2022-05-24 17:59:46]Socket事件_发送成功:{"devId":"okq20201106301","err":"","func":100,"message":"keep-alive"}

[2022-05-24 18:03:39]串口:COM99打开故障

[2022-05-24 18:03:39]led屏串口打开失败！

[2022-05-24 18:03:44]串口:COM7打开故障

[2022-05-24 18:03:44]设备被启动！

[2022-05-24 18:03:44]与服务器连接成功！

[2022-05-24 18:03:45]相机索引错误

[2022-05-24 18:03:45]相机索引错误

[2022-05-24 18:03:45]相机索引错误

[2022-05-24 18:03:45]CQ12串口打开成功！

[2022-05-24 18:03:45]Socket事件_发送成功:{"func":101,"err":"","devId":"okq20201106301","devtype":1,"message":{"collectTime":"2022-05-24 10:01:11","environments":[{"name":"\u6E29\u5EA6","value":"31.5"},{"name":"\u6E7F\u5EA6","value":"45.7"},{"name":"\u9732\u70B9","value":"20.5"},{"name":"\u5149\u7167\u5EA6","value":"2785"},{"name":"\u5927\u6C14\u538B","value":"103.18"},{"name":"\u4E8C\u6C27\u5316\u78B3","value":"392"},{"name":"\u98CE\u5411","value":"226"},{"name":"\u98CE\u901F","value":"1.4"},{"name":"\u96E8\u91CF","value":"0"}]}}

[2022-05-24 18:04:20]串口:COM99打开故障

[2022-05-24 18:04:20]led屏串口打开失败！

[2022-05-24 18:04:26]串口:COM7打开故障

[2022-05-24 18:04:26]设备被启动！

[2022-05-24 18:04:26]与服务器连接成功！

[2022-05-24 18:04:27]相机索引错误

[2022-05-24 18:04:27]相机索引错误

[2022-05-24 18:04:27]相机索引错误

[2022-05-24 18:04:27]CQ12串口打开成功！

[2022-05-24 18:04:27]Socket事件_发送成功:{"func":101,"err":"","devId":"okq20201106301","devtype":1,"message":{"collectTime":"2022-05-24 10:01:11","environments":[{"name":"\u6E29\u5EA6","value":"31.5"},{"name":"\u6E7F\u5EA6","value":"45.7"},{"name":"\u9732\u70B9","value":"20.5"},{"name":"\u5149\u7167\u5EA6","value":"2785"},{"name":"\u5927\u6C14\u538B","value":"103.18"},{"name":"\u4E8C\u6C27\u5316\u78B3","value":"392"},{"name":"\u98CE\u5411","value":"226"},{"name":"\u98CE\u901F","value":"1.4"},{"name":"\u96E8\u91CF","value":"0"}]}}

[2022-05-24 18:04:32]相机索引错误

[2022-05-24 18:04:32]Socket事件_发送成功:{"func":101,"err":"","devId":"okq20201106301","devtype":1,"message":{"collectTime":"2022-05-24 10:01:11","environments":[{"name":"\u6E29\u5EA6","value":"31.5"},{"name":"\u6E7F\u5EA6","value":"45.7"},{"name":"\u9732\u70B9","value":"20.5"},{"name":"\u5149\u7167\u5EA6","value":"2785"},{"name":"\u5927\u6C14\u538B","value":"103.18"},{"name":"\u4E8C\u6C27\u5316\u78B3","value":"392"},{"name":"\u98CE\u5411","value":"226"},{"name":"\u98CE\u901F","value":"1.4"},{"name":"\u96E8\u91CF","value":"0"}]}}

[2022-05-24 18:04:33]没有设备，请选择！

[2022-05-24 18:04:37]相机索引错误

[2022-05-24 18:04:37]没有设备，请选择！

[2022-05-24 18:04:39]相机索引错误

[2022-05-24 18:04:39]没有设备，请选择！

[2022-05-24 18:04:56]Socket事件_发送成功:{"devId":"okq20201106301","err":"","func":100,"message":"keep-alive"}

[2022-05-24 18:11:35]串口:COM99打开故障

[2022-05-24 18:11:35]led屏串口打开失败！
