
[2022-07-21 10:16:30]串口:COM8打开故障

[2022-07-21 10:16:30]CQ12客户端连接成功

[2022-07-21 10:16:31]相机索引错误

[2022-07-21 10:16:31]没有设备，请选择！

[2022-07-21 10:16:32]相机索引错误

[2022-07-21 10:16:32]没有设备，请选择！

[2022-07-21 10:16:33]相机索引错误

[2022-07-21 10:16:33]没有设备，请选择！

[2022-07-21 10:17:06]串口:COM8打开故障

[2022-07-21 10:17:06]CQ12客户端连接成功

[2022-07-21 10:17:07]相机索引错误

[2022-07-21 10:17:07]没有设备，请选择！

[2022-07-21 10:17:08]相机索引错误

[2022-07-21 10:17:08]没有设备，请选择！

[2022-07-21 10:17:09]相机索引错误

[2022-07-21 10:17:09]没有设备，请选择！

[2022-07-21 10:17:29]串口:COM8打开故障

[2022-07-21 10:17:29]CQ12客户端连接成功

[2022-07-21 10:17:30]相机索引错误

[2022-07-21 10:17:30]没有设备，请选择！

[2022-07-21 10:17:31]相机索引错误

[2022-07-21 10:17:31]没有设备，请选择！

[2022-07-21 10:17:31]相机索引错误

[2022-07-21 10:17:31]没有设备，请选择！

[2022-07-21 11:00:44]串口:COM8打开故障

[2022-07-21 11:00:44]CQ12客户端连接成功

[2022-07-21 11:00:44]相机索引错误

[2022-07-21 11:00:44]没有设备，请选择！

[2022-07-21 11:00:45]相机索引错误

[2022-07-21 11:00:45]没有设备，请选择！

[2022-07-21 11:00:46]相机索引错误

[2022-07-21 11:00:46]没有设备，请选择！

[2022-07-21 11:01:33]CQ12串口打开成功！

[2022-07-21 11:01:33]CQ12客户端连接成功

[2022-07-21 11:05:56]CQ12串口打开成功！

[2022-07-21 11:05:57]CQ12客户端连接成功

[2022-07-21 11:10:14]CQ12串口打开成功！

[2022-07-21 11:10:14]CQ12客户端连接成功

[2022-07-21 15:55:39]串口:COM7打开故障

[2022-07-21 15:55:39]CQ12客户端连接成功

[2022-07-21 16:06:53]串口:COM7打开故障

[2022-07-21 16:06:53]CQ12客户端连接成功

[2022-07-21 16:23:01]串口:COM7打开故障

[2022-07-21 16:23:01]CQ12客户端连接成功

[2022-07-21 16:23:20]串口:COM7打开故障

[2022-07-21 16:23:20]CQ12客户端连接成功
