Info    2021-03-19 16:00:24:0953  DevID:MV-CE120-10UC(00F62123918)  Source-Line:MvCameraControl.dll(CInterfaceManager.cpp-L0859)  ProcessName:DeviceController.exe(20604)     Description:[U3V Info]Speed[528], DeviceAddress[2], VendorName[Hikrobot], ManufacturerInfo[Hikrobot], DeviceVersion[V1.6.3 201222 551351], UserID[]     Solution:
Info    2021-03-19 16:00:24:0953  DevID:MV-CE120-10UC(00F62123918)  Source-Line:MvCameraControl.dll(CInterfaceManager.cpp-L0949)  ProcessName:DeviceController.exe(20604)     Description:CameraControl Dll, Path[C:\Program Files (x86)\Common Files\MVS\Runtime\Win32_i86\MvCameraControl.dll]     Solution:
Info    2021-03-19 16:00:24:0953  DevID:MV-CE120-10UC(00F62123918)  Source-Line:MvCameraControl.dll(CInterfaceManager.cpp-L0952)  ProcessName:DeviceController.exe(20604)     Description:[MV_CC_CreateHandle]IsWriteLog[1], Ret[0x0]     Solution:
Info    2021-03-19 16:00:24:0954  DevID:MV-CE120-10UC(00F62123918)  Source-Line:MvCameraControl.dll(CInterfaceManager.cpp-L7589)  ProcessName:DeviceController.exe(20604)     Description:CamCtrl[0x3030003], U3V SDKVersion[0x3030003], DriverVersion[0x1000001]     Solution:
Info    2021-03-19 16:00:25:0084  DevID:MV-CE120-10UC(00F62123918)  Source-Line:MvCameraControl.dll(CInterfaceManager.cpp-L3064)  ProcessName:DeviceController.exe(20604)     Description:[GetGenICamXML]Get XML success!     Solution:
Info    2021-03-19 16:00:25:0408  DevID:MV-CE120-10UC(00F62123918)  Source-Line:MvCameraControl.dll(CInterfaceManager.cpp-L4851)  ProcessName:DeviceController.exe(20604)     Description:[MV_CC_InvalidateNodes]Invalidate Nodes success     Solution:
Info    2021-03-19 16:00:25:0409  DevID:MV-CE120-10UC(00F62123918)  Source-Line:MvCameraControl.dll(CInterfaceManager.cpp-L1383)  ProcessName:DeviceController.exe(20604)     Description:[MV_CC_OpenDevice]Open device success! PrivilegeMode[1], SwitchoverKey[0], DeviceUptime[549]     Solution:
Error   2021-03-19 16:00:25:0411  DevID:MV-CE120-10UC(00F62123918)  Source-Line:MvCameraControl.dll(XmlParse.cpp-L2471)  ProcessName:DeviceController.exe(20604)     Description:Set Node Value, NodeName[AcquisitionMode], AccessException[Failed to write enumeration value. Enum entry is not writable : AccessException thrown in node 'AcquisitionMode' while calling 'AcquisitionMode.SetIntValue()' (file 'Enumeration.cpp', line 149)]     Solution:
Error   2021-03-19 16:00:25:0411  DevID:MV-CE120-10UC(00F62123918)  Source-Line:MvCameraControl.dll(CInterfaceManager.cpp-L4539)  ProcessName:DeviceController.exe(20604)     Description:[MV_CC_SetEnumValue]Property[AcquisitionMode], Value[1], Ret[0x80000106]     Solution:
Info    2021-03-19 16:00:25:0412  DevID:MV-CE120-10UC(00F62123918)  Source-Line:MvCameraControl.dll(CInterfaceManager.cpp-L2104)  ProcessName:DeviceController.exe(20604)     Description:[U3V]Start Grabbing, DeviceUptime[549]     Solution:
Info    2021-03-19 16:00:25:0447  DevID:MV-CE120-10UC(00F62123918)  Source-Line:MvCameraControl.dll(CInterfaceManager.cpp-L7193)  ProcessName:DeviceController.exe(20604)     Description:CamCtrl RecvThread Start, ThreadId[1732]     Solution:
Info    2021-03-19 16:00:25:0447  DevID:MV-CE120-10UC(00F62123918)  Source-Line:MvCameraControl.dll(CInterfaceManager.cpp-L7003)  ProcessName:DeviceController.exe(20604)     Description:CamCtrl Display Thread Start, ThreadId[21076]     Solution:
Info    2021-03-19 16:00:25:0456  DevID:MV-CE120-10UC(00F62123918)  Source-Line:MvCameraControl.dll(CInterfaceManager.cpp-L2220)  ProcessName:DeviceController.exe(20604)     Description:Start grabbing success, There is no registration callback.     Solution:
Info    2021-03-19 16:00:25:0458  DevID:MV-CE120-10UC(00F62123918)  Source-Line:MvCameraControl.dll(CInterfaceManager.cpp-L2908)  ProcessName:DeviceController.exe(20604)     Description:[MV_CC_Display]Set Display window success!     Solution:
Info    2021-03-19 16:00:26:0461  DevID:MV-CE120-10UC(00F62123918)  Source-Line:MvCameraControl.dll(MvCamRender.cpp-L0093)  ProcessName:DeviceController.exe(20604)     Description:Render Mode GDI     Solution:
Info    2021-03-19 16:00:42:0545  DevID:MV-CE120-10UC(00F62123918)  Source-Line:MvCameraControl.dll(CInterfaceManager.cpp-L1064)  ProcessName:DeviceController.exe(20604)     Description:[MV_CC_DestroyHandle]DeInit success     Solution:
Info    2021-03-19 16:00:42:0646  DevID:MV-CE120-10UC(00F62123918)  Source-Line:MvCameraControl.dll(CInterfaceManager.cpp-L7195)  ProcessName:DeviceController.exe(20604)     Description:CamCtrl RecvThread End, ThreadId[1732]     Solution:
Info    2021-03-19 16:00:42:0646  DevID:MV-CE120-10UC(00F62123918)  Source-Line:MvCameraControl.dll(CInterfaceManager.cpp-L7005)  ProcessName:DeviceController.exe(20604)     Description:CamCtrl Display Thread End, ThreadId[21076]     Solution:
Info    2021-03-19 16:00:42:0674  DevID:MV-CE120-10UC(00F62123918)  Source-Line:MvCameraControl.dll(CInterfaceManager.cpp-L2335)  ProcessName:DeviceController.exe(20604)     Description:[StopGrabbing]Stop grabbing success! DeviceUptime[566]     Solution:
Info    2021-03-19 16:01:20:0767  DevID:MV-CE120-10UC(00F62123918)  Source-Line:MvCameraControl.dll(CInterfaceManager.cpp-L0859)  ProcessName:DeviceController.exe(6380)     Description:[U3V Info]Speed[528], DeviceAddress[2], VendorName[Hikrobot], ManufacturerInfo[Hikrobot], DeviceVersion[V1.6.3 201222 551351], UserID[]     Solution:
Info    2021-03-19 16:01:20:0767  DevID:MV-CE120-10UC(00F62123918)  Source-Line:MvCameraControl.dll(CInterfaceManager.cpp-L0949)  ProcessName:DeviceController.exe(6380)     Description:CameraControl Dll, Path[C:\Program Files (x86)\Common Files\MVS\Runtime\Win32_i86\MvCameraControl.dll]     Solution:
Info    2021-03-19 16:01:20:0767  DevID:MV-CE120-10UC(00F62123918)  Source-Line:MvCameraControl.dll(CInterfaceManager.cpp-L0952)  ProcessName:DeviceController.exe(6380)     Description:[MV_CC_CreateHandle]IsWriteLog[1], Ret[0x0]     Solution:
Info    2021-03-19 16:01:20:0767  DevID:MV-CE120-10UC(00F62123918)  Source-Line:MvCameraControl.dll(CInterfaceManager.cpp-L7589)  ProcessName:DeviceController.exe(6380)     Description:CamCtrl[0x3030003], U3V SDKVersion[0x3030003], DriverVersion[0x1000001]     Solution:
Info    2021-03-19 16:01:20:0895  DevID:MV-CE120-10UC(00F62123918)  Source-Line:MvCameraControl.dll(CInterfaceManager.cpp-L3064)  ProcessName:DeviceController.exe(6380)     Description:[GetGenICamXML]Get XML success!     Solution:
Info    2021-03-19 16:01:21:0050  DevID:MV-CE120-10UC(00F62123918)  Source-Line:MvCameraControl.dll(CInterfaceManager.cpp-L4851)  ProcessName:DeviceController.exe(6380)     Description:[MV_CC_InvalidateNodes]Invalidate Nodes success     Solution:
Info    2021-03-19 16:01:21:0057  DevID:MV-CE120-10UC(00F62123918)  Source-Line:MvCameraControl.dll(CInterfaceManager.cpp-L1383)  ProcessName:DeviceController.exe(6380)     Description:[MV_CC_OpenDevice]Open device success! PrivilegeMode[1], SwitchoverKey[0], DeviceUptime[605]     Solution:
Error   2021-03-19 16:01:21:0059  DevID:MV-CE120-10UC(00F62123918)  Source-Line:MvCameraControl.dll(XmlParse.cpp-L2471)  ProcessName:DeviceController.exe(6380)     Description:Set Node Value, NodeName[AcquisitionMode], AccessException[Failed to write enumeration value. Enum entry is not writable : AccessException thrown in node 'AcquisitionMode' while calling 'AcquisitionMode.SetIntValue()' (file 'Enumeration.cpp', line 149)]     Solution:
Error   2021-03-19 16:01:21:0059  DevID:MV-CE120-10UC(00F62123918)  Source-Line:MvCameraControl.dll(CInterfaceManager.cpp-L4539)  ProcessName:DeviceController.exe(6380)     Description:[MV_CC_SetEnumValue]Property[AcquisitionMode], Value[1], Ret[0x80000106]     Solution:
Info    2021-03-19 16:01:21:0060  DevID:MV-CE120-10UC(00F62123918)  Source-Line:MvCameraControl.dll(CInterfaceManager.cpp-L2104)  ProcessName:DeviceController.exe(6380)     Description:[U3V]Start Grabbing, DeviceUptime[605]     Solution:
Info    2021-03-19 16:01:21:0093  DevID:MV-CE120-10UC(00F62123918)  Source-Line:MvCameraControl.dll(CInterfaceManager.cpp-L7193)  ProcessName:DeviceController.exe(6380)     Description:CamCtrl RecvThread Start, ThreadId[22328]     Solution:
Info    2021-03-19 16:01:21:0093  DevID:MV-CE120-10UC(00F62123918)  Source-Line:MvCameraControl.dll(CInterfaceManager.cpp-L7003)  ProcessName:DeviceController.exe(6380)     Description:CamCtrl Display Thread Start, ThreadId[19096]     Solution:
Info    2021-03-19 16:01:21:0102  DevID:MV-CE120-10UC(00F62123918)  Source-Line:MvCameraControl.dll(CInterfaceManager.cpp-L2220)  ProcessName:DeviceController.exe(6380)     Description:Start grabbing success, There is no registration callback.     Solution:
Info    2021-03-19 16:01:21:0103  DevID:MV-CE120-10UC(00F62123918)  Source-Line:MvCameraControl.dll(CInterfaceManager.cpp-L2908)  ProcessName:DeviceController.exe(6380)     Description:[MV_CC_Display]Set Display window success!     Solution:
Info    2021-03-19 16:01:22:0030  DevID:MV-CE120-10UC(00F62123918)  Source-Line:MvCameraControl.dll(MvCamRender.cpp-L0093)  ProcessName:DeviceController.exe(6380)     Description:Render Mode GDI     Solution:
Info    2021-03-19 16:01:53:0201  DevID:MV-CE120-10UC(00F62123918)  Source-Line:MvCameraControl.dll(CInterfaceManager.cpp-L1064)  ProcessName:DeviceController.exe(6380)     Description:[MV_CC_DestroyHandle]DeInit success     Solution:
Info    2021-03-19 16:01:53:0203  DevID:MV-CE120-10UC(00F62123918)  Source-Line:MvCameraControl.dll(CInterfaceManager.cpp-L7005)  ProcessName:DeviceController.exe(6380)     Description:CamCtrl Display Thread End, ThreadId[19096]     Solution:
Info    2021-03-19 16:01:53:0302  DevID:MV-CE120-10UC(00F62123918)  Source-Line:MvCameraControl.dll(CInterfaceManager.cpp-L7195)  ProcessName:DeviceController.exe(6380)     Description:CamCtrl RecvThread End, ThreadId[22328]     Solution:
Info    2021-03-19 16:01:53:0328  DevID:MV-CE120-10UC(00F62123918)  Source-Line:MvCameraControl.dll(CInterfaceManager.cpp-L2335)  ProcessName:DeviceController.exe(6380)     Description:[StopGrabbing]Stop grabbing success! DeviceUptime[637]     Solution:
Info    2021-03-19 16:07:30:0052  DevID:MV-CE120-10UC(00F62123918)  Source-Line:MvCameraControl.dll(CInterfaceManager.cpp-L0859)  ProcessName:DeviceController.exe(19280)     Description:[U3V Info]Speed[528], DeviceAddress[2], VendorName[Hikrobot], ManufacturerInfo[Hikrobot], DeviceVersion[V1.6.3 201222 551351], UserID[]     Solution:
Info    2021-03-19 16:07:30:0052  DevID:MV-CE120-10UC(00F62123918)  Source-Line:MvCameraControl.dll(CInterfaceManager.cpp-L0949)  ProcessName:DeviceController.exe(19280)     Description:CameraControl Dll, Path[C:\Program Files (x86)\Common Files\MVS\Runtime\Win32_i86\MvCameraControl.dll]     Solution:
Info    2021-03-19 16:07:30:0052  DevID:MV-CE120-10UC(00F62123918)  Source-Line:MvCameraControl.dll(CInterfaceManager.cpp-L0952)  ProcessName:DeviceController.exe(19280)     Description:[MV_CC_CreateHandle]IsWriteLog[1], Ret[0x0]     Solution:
Info    2021-03-19 16:07:30:0053  DevID:MV-CE120-10UC(00F62123918)  Source-Line:MvCameraControl.dll(CInterfaceManager.cpp-L7589)  ProcessName:DeviceController.exe(19280)     Description:CamCtrl[0x3030003], U3V SDKVersion[0x3030003], DriverVersion[0x1000001]     Solution:
Info    2021-03-19 16:07:30:0182  DevID:MV-CE120-10UC(00F62123918)  Source-Line:MvCameraControl.dll(CInterfaceManager.cpp-L3064)  ProcessName:DeviceController.exe(19280)     Description:[GetGenICamXML]Get XML success!     Solution:
Info    2021-03-19 16:07:30:0353  DevID:MV-CE120-10UC(00F62123918)  Source-Line:MvCameraControl.dll(CInterfaceManager.cpp-L4851)  ProcessName:DeviceController.exe(19280)     Description:[MV_CC_InvalidateNodes]Invalidate Nodes success     Solution:
Info    2021-03-19 16:07:30:0354  DevID:MV-CE120-10UC(00F62123918)  Source-Line:MvCameraControl.dll(CInterfaceManager.cpp-L1383)  ProcessName:DeviceController.exe(19280)     Description:[MV_CC_OpenDevice]Open device success! PrivilegeMode[1], SwitchoverKey[0], DeviceUptime[974]     Solution:
Error   2021-03-19 16:07:30:0355  DevID:MV-CE120-10UC(00F62123918)  Source-Line:MvCameraControl.dll(XmlParse.cpp-L2471)  ProcessName:DeviceController.exe(19280)     Description:Set Node Value, NodeName[AcquisitionMode], AccessException[Failed to write enumeration value. Enum entry is not writable : AccessException thrown in node 'AcquisitionMode' while calling 'AcquisitionMode.SetIntValue()' (file 'Enumeration.cpp', line 149)]     Solution:
Error   2021-03-19 16:07:30:0355  DevID:MV-CE120-10UC(00F62123918)  Source-Line:MvCameraControl.dll(CInterfaceManager.cpp-L4539)  ProcessName:DeviceController.exe(19280)     Description:[MV_CC_SetEnumValue]Property[AcquisitionMode], Value[1], Ret[0x80000106]     Solution:
Info    2021-03-19 16:07:30:0356  DevID:MV-CE120-10UC(00F62123918)  Source-Line:MvCameraControl.dll(CInterfaceManager.cpp-L2104)  ProcessName:DeviceController.exe(19280)     Description:[U3V]Start Grabbing, DeviceUptime[974]     Solution:
Info    2021-03-19 16:07:30:0389  DevID:MV-CE120-10UC(00F62123918)  Source-Line:MvCameraControl.dll(CInterfaceManager.cpp-L7193)  ProcessName:DeviceController.exe(19280)     Description:CamCtrl RecvThread Start, ThreadId[7936]     Solution:
Info    2021-03-19 16:07:30:0389  DevID:MV-CE120-10UC(00F62123918)  Source-Line:MvCameraControl.dll(CInterfaceManager.cpp-L7003)  ProcessName:DeviceController.exe(19280)     Description:CamCtrl Display Thread Start, ThreadId[14224]     Solution:
Info    2021-03-19 16:07:30:0399  DevID:MV-CE120-10UC(00F62123918)  Source-Line:MvCameraControl.dll(CInterfaceManager.cpp-L2220)  ProcessName:DeviceController.exe(19280)     Description:Start grabbing success, There is no registration callback.     Solution:
Info    2021-03-19 16:07:30:0400  DevID:MV-CE120-10UC(00F62123918)  Source-Line:MvCameraControl.dll(CInterfaceManager.cpp-L2908)  ProcessName:DeviceController.exe(19280)     Description:[MV_CC_Display]Set Display window success!     Solution:
Info    2021-03-19 16:07:31:0593  DevID:MV-CE120-10UC(00F62123918)  Source-Line:MvCameraControl.dll(MvCamRender.cpp-L0093)  ProcessName:DeviceController.exe(19280)     Description:Render Mode GDI     Solution:
Info    2021-03-19 16:09:11:0155  DevID:MV-CE120-10UC(00F62123918)  Source-Line:MvCameraControl.dll(CInterfaceManager.cpp-L0859)  ProcessName:DeviceController.exe(18152)     Description:[U3V Info]Speed[528], DeviceAddress[2], VendorName[Hikrobot], ManufacturerInfo[Hikrobot], DeviceVersion[V1.6.3 201222 551351], UserID[]     Solution:
Info    2021-03-19 16:09:11:0155  DevID:MV-CE120-10UC(00F62123918)  Source-Line:MvCameraControl.dll(CInterfaceManager.cpp-L0949)  ProcessName:DeviceController.exe(18152)     Description:CameraControl Dll, Path[C:\Program Files (x86)\Common Files\MVS\Runtime\Win32_i86\MvCameraControl.dll]     Solution:
Info    2021-03-19 16:09:11:0155  DevID:MV-CE120-10UC(00F62123918)  Source-Line:MvCameraControl.dll(CInterfaceManager.cpp-L0952)  ProcessName:DeviceController.exe(18152)     Description:[MV_CC_CreateHandle]IsWriteLog[1], Ret[0x0]     Solution:
Info    2021-03-19 16:09:11:0155  DevID:MV-CE120-10UC(00F62123918)  Source-Line:MvCameraControl.dll(CInterfaceManager.cpp-L7589)  ProcessName:DeviceController.exe(18152)     Description:CamCtrl[0x3030003], U3V SDKVersion[0x3030003], DriverVersion[0x1000001]     Solution:
Info    2021-03-19 16:09:12:0290  DevID:MV-CE120-10UC(00F62123918)  Source-Line:MvCameraControl.dll(CInterfaceManager.cpp-L3064)  ProcessName:DeviceController.exe(18152)     Description:[GetGenICamXML]Get XML success!     Solution:
Info    2021-03-19 16:09:12:0422  DevID:MV-CE120-10UC(00F62123918)  Source-Line:MvCameraControl.dll(CInterfaceManager.cpp-L4851)  ProcessName:DeviceController.exe(18152)     Description:[MV_CC_InvalidateNodes]Invalidate Nodes success     Solution:
Info    2021-03-19 16:09:12:0422  DevID:MV-CE120-10UC(00F62123918)  Source-Line:MvCameraControl.dll(CInterfaceManager.cpp-L1383)  ProcessName:DeviceController.exe(18152)     Description:[MV_CC_OpenDevice]Open device success! PrivilegeMode[1], SwitchoverKey[0], DeviceUptime[1076]     Solution:
Error   2021-03-19 16:09:12:0423  DevID:MV-CE120-10UC(00F62123918)  Source-Line:MvCameraControl.dll(XmlParse.cpp-L2471)  ProcessName:DeviceController.exe(18152)     Description:Set Node Value, NodeName[AcquisitionMode], AccessException[Failed to write enumeration value. Enum entry is not writable : AccessException thrown in node 'AcquisitionMode' while calling 'AcquisitionMode.SetIntValue()' (file 'Enumeration.cpp', line 149)]     Solution:
Error   2021-03-19 16:09:12:0423  DevID:MV-CE120-10UC(00F62123918)  Source-Line:MvCameraControl.dll(CInterfaceManager.cpp-L4539)  ProcessName:DeviceController.exe(18152)     Description:[MV_CC_SetEnumValue]Property[AcquisitionMode], Value[1], Ret[0x80000106]     Solution:
Info    2021-03-19 16:09:12:0424  DevID:MV-CE120-10UC(00F62123918)  Source-Line:MvCameraControl.dll(CInterfaceManager.cpp-L2104)  ProcessName:DeviceController.exe(18152)     Description:[U3V]Start Grabbing, DeviceUptime[1076]     Solution:
Info    2021-03-19 16:09:12:0458  DevID:MV-CE120-10UC(00F62123918)  Source-Line:MvCameraControl.dll(CInterfaceManager.cpp-L7193)  ProcessName:DeviceController.exe(18152)     Description:CamCtrl RecvThread Start, ThreadId[15732]     Solution:
Info    2021-03-19 16:09:12:0458  DevID:MV-CE120-10UC(00F62123918)  Source-Line:MvCameraControl.dll(CInterfaceManager.cpp-L7003)  ProcessName:DeviceController.exe(18152)     Description:CamCtrl Display Thread Start, ThreadId[18312]     Solution:
Info    2021-03-19 16:09:12:0466  DevID:MV-CE120-10UC(00F62123918)  Source-Line:MvCameraControl.dll(CInterfaceManager.cpp-L2220)  ProcessName:DeviceController.exe(18152)     Description:Start grabbing success, There is no registration callback.     Solution:
Info    2021-03-19 16:09:12:0467  DevID:MV-CE120-10UC(00F62123918)  Source-Line:MvCameraControl.dll(CInterfaceManager.cpp-L2908)  ProcessName:DeviceController.exe(18152)     Description:[MV_CC_Display]Set Display window success!     Solution:
Info    2021-03-19 16:09:13:0613  DevID:MV-CE120-10UC(00F62123918)  Source-Line:MvCameraControl.dll(MvCamRender.cpp-L0093)  ProcessName:DeviceController.exe(18152)     Description:Render Mode GDI     Solution:
Info    2021-03-19 16:10:25:0506  DevID:MV-CE120-10UC(00F62123918)  Source-Line:MvCameraControl.dll(CInterfaceManager.cpp-L0859)  ProcessName:DeviceController.exe(9020)     Description:[U3V Info]Speed[528], DeviceAddress[2], VendorName[Hikrobot], ManufacturerInfo[Hikrobot], DeviceVersion[V1.6.3 201222 551351], UserID[]     Solution:
Info    2021-03-19 16:10:25:0506  DevID:MV-CE120-10UC(00F62123918)  Source-Line:MvCameraControl.dll(CInterfaceManager.cpp-L0949)  ProcessName:DeviceController.exe(9020)     Description:CameraControl Dll, Path[C:\Program Files (x86)\Common Files\MVS\Runtime\Win32_i86\MvCameraControl.dll]     Solution:
Info    2021-03-19 16:10:25:0506  DevID:MV-CE120-10UC(00F62123918)  Source-Line:MvCameraControl.dll(CInterfaceManager.cpp-L0952)  ProcessName:DeviceController.exe(9020)     Description:[MV_CC_CreateHandle]IsWriteLog[1], Ret[0x0]     Solution:
Info    2021-03-19 16:10:25:0506  DevID:MV-CE120-10UC(00F62123918)  Source-Line:MvCameraControl.dll(CInterfaceManager.cpp-L7589)  ProcessName:DeviceController.exe(9020)     Description:CamCtrl[0x3030003], U3V SDKVersion[0x3030003], DriverVersion[0x1000001]     Solution:
Info    2021-03-19 16:10:26:0642  DevID:MV-CE120-10UC(00F62123918)  Source-Line:MvCameraControl.dll(CInterfaceManager.cpp-L3064)  ProcessName:DeviceController.exe(9020)     Description:[GetGenICamXML]Get XML success!     Solution:
Info    2021-03-19 16:10:26:0774  DevID:MV-CE120-10UC(00F62123918)  Source-Line:MvCameraControl.dll(CInterfaceManager.cpp-L4851)  ProcessName:DeviceController.exe(9020)     Description:[MV_CC_InvalidateNodes]Invalidate Nodes success     Solution:
Info    2021-03-19 16:10:26:0774  DevID:MV-CE120-10UC(00F62123918)  Source-Line:MvCameraControl.dll(CInterfaceManager.cpp-L1383)  ProcessName:DeviceController.exe(9020)     Description:[MV_CC_OpenDevice]Open device success! PrivilegeMode[1], SwitchoverKey[0], DeviceUptime[1150]     Solution:
Error   2021-03-19 16:10:26:0775  DevID:MV-CE120-10UC(00F62123918)  Source-Line:MvCameraControl.dll(XmlParse.cpp-L2471)  ProcessName:DeviceController.exe(9020)     Description:Set Node Value, NodeName[AcquisitionMode], AccessException[Failed to write enumeration value. Enum entry is not writable : AccessException thrown in node 'AcquisitionMode' while calling 'AcquisitionMode.SetIntValue()' (file 'Enumeration.cpp', line 149)]     Solution:
Error   2021-03-19 16:10:26:0776  DevID:MV-CE120-10UC(00F62123918)  Source-Line:MvCameraControl.dll(CInterfaceManager.cpp-L4539)  ProcessName:DeviceController.exe(9020)     Description:[MV_CC_SetEnumValue]Property[AcquisitionMode], Value[1], Ret[0x80000106]     Solution:
Info    2021-03-19 16:10:26:0776  DevID:MV-CE120-10UC(00F62123918)  Source-Line:MvCameraControl.dll(CInterfaceManager.cpp-L2104)  ProcessName:DeviceController.exe(9020)     Description:[U3V]Start Grabbing, DeviceUptime[1150]     Solution:
Info    2021-03-19 16:10:26:0809  DevID:MV-CE120-10UC(00F62123918)  Source-Line:MvCameraControl.dll(CInterfaceManager.cpp-L7193)  ProcessName:DeviceController.exe(9020)     Description:CamCtrl RecvThread Start, ThreadId[11416]     Solution:
Info    2021-03-19 16:10:26:0809  DevID:MV-CE120-10UC(00F62123918)  Source-Line:MvCameraControl.dll(CInterfaceManager.cpp-L7003)  ProcessName:DeviceController.exe(9020)     Description:CamCtrl Display Thread Start, ThreadId[5176]     Solution:
Info    2021-03-19 16:10:26:0818  DevID:MV-CE120-10UC(00F62123918)  Source-Line:MvCameraControl.dll(CInterfaceManager.cpp-L2220)  ProcessName:DeviceController.exe(9020)     Description:Start grabbing success, There is no registration callback.     Solution:
Info    2021-03-19 16:10:26:0819  DevID:MV-CE120-10UC(00F62123918)  Source-Line:MvCameraControl.dll(CInterfaceManager.cpp-L2908)  ProcessName:DeviceController.exe(9020)     Description:[MV_CC_Display]Set Display window success!     Solution:
Info    2021-03-19 16:10:27:0965  DevID:MV-CE120-10UC(00F62123918)  Source-Line:MvCameraControl.dll(MvCamRender.cpp-L0093)  ProcessName:DeviceController.exe(9020)     Description:Render Mode GDI     Solution:
Info    2021-03-19 16:14:04:0410  DevID:MV-CE120-10UC(00F62123918)  Source-Line:MvCameraControl.dll(CInterfaceManager.cpp-L0859)  ProcessName:DeviceController.exe(13432)     Description:[U3V Info]Speed[528], DeviceAddress[2], VendorName[Hikrobot], ManufacturerInfo[Hikrobot], DeviceVersion[V1.6.3 201222 551351], UserID[]     Solution:
Info    2021-03-19 16:14:04:0410  DevID:MV-CE120-10UC(00F62123918)  Source-Line:MvCameraControl.dll(CInterfaceManager.cpp-L0949)  ProcessName:DeviceController.exe(13432)     Description:CameraControl Dll, Path[C:\Program Files (x86)\Common Files\MVS\Runtime\Win32_i86\MvCameraControl.dll]     Solution:
Info    2021-03-19 16:14:04:0410  DevID:MV-CE120-10UC(00F62123918)  Source-Line:MvCameraControl.dll(CInterfaceManager.cpp-L0952)  ProcessName:DeviceController.exe(13432)     Description:[MV_CC_CreateHandle]IsWriteLog[1], Ret[0x0]     Solution:
Info    2021-03-19 16:14:04:0411  DevID:MV-CE120-10UC(00F62123918)  Source-Line:MvCameraControl.dll(CInterfaceManager.cpp-L7589)  ProcessName:DeviceController.exe(13432)     Description:CamCtrl[0x3030003], U3V SDKVersion[0x3030003], DriverVersion[0x1000001]     Solution:
Info    2021-03-19 16:14:05:0545  DevID:MV-CE120-10UC(00F62123918)  Source-Line:MvCameraControl.dll(CInterfaceManager.cpp-L3064)  ProcessName:DeviceController.exe(13432)     Description:[GetGenICamXML]Get XML success!     Solution:
Info    2021-03-19 16:14:05:0680  DevID:MV-CE120-10UC(00F62123918)  Source-Line:MvCameraControl.dll(CInterfaceManager.cpp-L4851)  ProcessName:DeviceController.exe(13432)     Description:[MV_CC_InvalidateNodes]Invalidate Nodes success     Solution:
Info    2021-03-19 16:14:05:0680  DevID:MV-CE120-10UC(00F62123918)  Source-Line:MvCameraControl.dll(CInterfaceManager.cpp-L1383)  ProcessName:DeviceController.exe(13432)     Description:[MV_CC_OpenDevice]Open device success! PrivilegeMode[1], SwitchoverKey[0], DeviceUptime[1369]     Solution:
Error   2021-03-19 16:14:05:0681  DevID:MV-CE120-10UC(00F62123918)  Source-Line:MvCameraControl.dll(XmlParse.cpp-L2471)  ProcessName:DeviceController.exe(13432)     Description:Set Node Value, NodeName[AcquisitionMode], AccessException[Failed to write enumeration value. Enum entry is not writable : AccessException thrown in node 'AcquisitionMode' while calling 'AcquisitionMode.SetIntValue()' (file 'Enumeration.cpp', line 149)]     Solution:
Error   2021-03-19 16:14:05:0681  DevID:MV-CE120-10UC(00F62123918)  Source-Line:MvCameraControl.dll(CInterfaceManager.cpp-L4539)  ProcessName:DeviceController.exe(13432)     Description:[MV_CC_SetEnumValue]Property[AcquisitionMode], Value[1], Ret[0x80000106]     Solution:
Info    2021-03-19 16:14:05:0682  DevID:MV-CE120-10UC(00F62123918)  Source-Line:MvCameraControl.dll(CInterfaceManager.cpp-L2104)  ProcessName:DeviceController.exe(13432)     Description:[U3V]Start Grabbing, DeviceUptime[1369]     Solution:
Info    2021-03-19 16:14:05:0716  DevID:MV-CE120-10UC(00F62123918)  Source-Line:MvCameraControl.dll(CInterfaceManager.cpp-L7193)  ProcessName:DeviceController.exe(13432)     Description:CamCtrl RecvThread Start, ThreadId[21332]     Solution:
Info    2021-03-19 16:14:05:0716  DevID:MV-CE120-10UC(00F62123918)  Source-Line:MvCameraControl.dll(CInterfaceManager.cpp-L7003)  ProcessName:DeviceController.exe(13432)     Description:CamCtrl Display Thread Start, ThreadId[18284]     Solution:
Info    2021-03-19 16:14:05:0725  DevID:MV-CE120-10UC(00F62123918)  Source-Line:MvCameraControl.dll(CInterfaceManager.cpp-L2220)  ProcessName:DeviceController.exe(13432)     Description:Start grabbing success, There is no registration callback.     Solution:
Info    2021-03-19 16:14:05:0727  DevID:MV-CE120-10UC(00F62123918)  Source-Line:MvCameraControl.dll(CInterfaceManager.cpp-L2908)  ProcessName:DeviceController.exe(13432)     Description:[MV_CC_Display]Set Display window success!     Solution:
Info    2021-03-19 16:14:06:0879  DevID:MV-CE120-10UC(00F62123918)  Source-Line:MvCameraControl.dll(MvCamRender.cpp-L0093)  ProcessName:DeviceController.exe(13432)     Description:Render Mode GDI     Solution:
Info    2021-03-19 16:14:55:0188  DevID:MV-CE120-10UC(00F62123918)  Source-Line:MvCameraControl.dll(CInterfaceManager.cpp-L0859)  ProcessName:DeviceController.exe(21632)     Description:[U3V Info]Speed[528], DeviceAddress[2], VendorName[Hikrobot], ManufacturerInfo[Hikrobot], DeviceVersion[V1.6.3 201222 551351], UserID[]     Solution:
Info    2021-03-19 16:14:55:0188  DevID:MV-CE120-10UC(00F62123918)  Source-Line:MvCameraControl.dll(CInterfaceManager.cpp-L0949)  ProcessName:DeviceController.exe(21632)     Description:CameraControl Dll, Path[C:\Program Files (x86)\Common Files\MVS\Runtime\Win32_i86\MvCameraControl.dll]     Solution:
Info    2021-03-19 16:14:55:0188  DevID:MV-CE120-10UC(00F62123918)  Source-Line:MvCameraControl.dll(CInterfaceManager.cpp-L0952)  ProcessName:DeviceController.exe(21632)     Description:[MV_CC_CreateHandle]IsWriteLog[1], Ret[0x0]     Solution:
Info    2021-03-19 16:14:55:0188  DevID:MV-CE120-10UC(00F62123918)  Source-Line:MvCameraControl.dll(CInterfaceManager.cpp-L7589)  ProcessName:DeviceController.exe(21632)     Description:CamCtrl[0x3030003], U3V SDKVersion[0x3030003], DriverVersion[0x1000001]     Solution:
Info    2021-03-19 16:14:56:0323  DevID:MV-CE120-10UC(00F62123918)  Source-Line:MvCameraControl.dll(CInterfaceManager.cpp-L3064)  ProcessName:DeviceController.exe(21632)     Description:[GetGenICamXML]Get XML success!     Solution:
Info    2021-03-19 16:14:56:0458  DevID:MV-CE120-10UC(00F62123918)  Source-Line:MvCameraControl.dll(CInterfaceManager.cpp-L4851)  ProcessName:DeviceController.exe(21632)     Description:[MV_CC_InvalidateNodes]Invalidate Nodes success     Solution:
Info    2021-03-19 16:14:56:0458  DevID:MV-CE120-10UC(00F62123918)  Source-Line:MvCameraControl.dll(CInterfaceManager.cpp-L1383)  ProcessName:DeviceController.exe(21632)     Description:[MV_CC_OpenDevice]Open device success! PrivilegeMode[1], SwitchoverKey[0], DeviceUptime[1420]     Solution:
Error   2021-03-19 16:14:56:0459  DevID:MV-CE120-10UC(00F62123918)  Source-Line:MvCameraControl.dll(XmlParse.cpp-L2471)  ProcessName:DeviceController.exe(21632)     Description:Set Node Value, NodeName[AcquisitionMode], AccessException[Failed to write enumeration value. Enum entry is not writable : AccessException thrown in node 'AcquisitionMode' while calling 'AcquisitionMode.SetIntValue()' (file 'Enumeration.cpp', line 149)]     Solution:
Error   2021-03-19 16:14:56:0459  DevID:MV-CE120-10UC(00F62123918)  Source-Line:MvCameraControl.dll(CInterfaceManager.cpp-L4539)  ProcessName:DeviceController.exe(21632)     Description:[MV_CC_SetEnumValue]Property[AcquisitionMode], Value[1], Ret[0x80000106]     Solution:
Info    2021-03-19 16:14:56:0460  DevID:MV-CE120-10UC(00F62123918)  Source-Line:MvCameraControl.dll(CInterfaceManager.cpp-L2104)  ProcessName:DeviceController.exe(21632)     Description:[U3V]Start Grabbing, DeviceUptime[1420]     Solution:
Info    2021-03-19 16:14:56:0493  DevID:MV-CE120-10UC(00F62123918)  Source-Line:MvCameraControl.dll(CInterfaceManager.cpp-L7193)  ProcessName:DeviceController.exe(21632)     Description:CamCtrl RecvThread Start, ThreadId[17820]     Solution:
Info    2021-03-19 16:14:56:0493  DevID:MV-CE120-10UC(00F62123918)  Source-Line:MvCameraControl.dll(CInterfaceManager.cpp-L7003)  ProcessName:DeviceController.exe(21632)     Description:CamCtrl Display Thread Start, ThreadId[8444]     Solution:
Info    2021-03-19 16:14:56:0502  DevID:MV-CE120-10UC(00F62123918)  Source-Line:MvCameraControl.dll(CInterfaceManager.cpp-L2220)  ProcessName:DeviceController.exe(21632)     Description:Start grabbing success, There is no registration callback.     Solution:
Info    2021-03-19 16:14:56:0504  DevID:MV-CE120-10UC(00F62123918)  Source-Line:MvCameraControl.dll(CInterfaceManager.cpp-L2908)  ProcessName:DeviceController.exe(21632)     Description:[MV_CC_Display]Set Display window success!     Solution:
Info    2021-03-19 16:14:57:0650  DevID:MV-CE120-10UC(00F62123918)  Source-Line:MvCameraControl.dll(MvCamRender.cpp-L0093)  ProcessName:DeviceController.exe(21632)     Description:Render Mode GDI     Solution:
Info    2021-03-19 16:16:18:0401  DevID:MV-CE120-10UC(00F62123918)  Source-Line:MvCameraControl.dll(CInterfaceManager.cpp-L0859)  ProcessName:DeviceController.exe(21844)     Description:[U3V Info]Speed[528], DeviceAddress[2], VendorName[Hikrobot], ManufacturerInfo[Hikrobot], DeviceVersion[V1.6.3 201222 551351], UserID[]     Solution:
Info    2021-03-19 16:16:18:0401  DevID:MV-CE120-10UC(00F62123918)  Source-Line:MvCameraControl.dll(CInterfaceManager.cpp-L0949)  ProcessName:DeviceController.exe(21844)     Description:CameraControl Dll, Path[C:\Program Files (x86)\Common Files\MVS\Runtime\Win32_i86\MvCameraControl.dll]     Solution:
Info    2021-03-19 16:16:18:0401  DevID:MV-CE120-10UC(00F62123918)  Source-Line:MvCameraControl.dll(CInterfaceManager.cpp-L0952)  ProcessName:DeviceController.exe(21844)     Description:[MV_CC_CreateHandle]IsWriteLog[1], Ret[0x0]     Solution:
Info    2021-03-19 16:16:18:0402  DevID:MV-CE120-10UC(00F62123918)  Source-Line:MvCameraControl.dll(CInterfaceManager.cpp-L7589)  ProcessName:DeviceController.exe(21844)     Description:CamCtrl[0x3030003], U3V SDKVersion[0x3030003], DriverVersion[0x1000001]     Solution:
Info    2021-03-19 16:16:19:0541  DevID:MV-CE120-10UC(00F62123918)  Source-Line:MvCameraControl.dll(CInterfaceManager.cpp-L3064)  ProcessName:DeviceController.exe(21844)     Description:[GetGenICamXML]Get XML success!     Solution:
Info    2021-03-19 16:16:19:0689  DevID:MV-CE120-10UC(00F62123918)  Source-Line:MvCameraControl.dll(CInterfaceManager.cpp-L4851)  ProcessName:DeviceController.exe(21844)     Description:[MV_CC_InvalidateNodes]Invalidate Nodes success     Solution:
Info    2021-03-19 16:16:19:0689  DevID:MV-CE120-10UC(00F62123918)  Source-Line:MvCameraControl.dll(CInterfaceManager.cpp-L1383)  ProcessName:DeviceController.exe(21844)     Description:[MV_CC_OpenDevice]Open device success! PrivilegeMode[1], SwitchoverKey[0], DeviceUptime[1503]     Solution:
Error   2021-03-19 16:16:19:0691  DevID:MV-CE120-10UC(00F62123918)  Source-Line:MvCameraControl.dll(XmlParse.cpp-L2471)  ProcessName:DeviceController.exe(21844)     Description:Set Node Value, NodeName[AcquisitionMode], AccessException[Failed to write enumeration value. Enum entry is not writable : AccessException thrown in node 'AcquisitionMode' while calling 'AcquisitionMode.SetIntValue()' (file 'Enumeration.cpp', line 149)]     Solution:
Error   2021-03-19 16:16:19:0691  DevID:MV-CE120-10UC(00F62123918)  Source-Line:MvCameraControl.dll(CInterfaceManager.cpp-L4539)  ProcessName:DeviceController.exe(21844)     Description:[MV_CC_SetEnumValue]Property[AcquisitionMode], Value[1], Ret[0x80000106]     Solution:
Info    2021-03-19 16:16:19:0692  DevID:MV-CE120-10UC(00F62123918)  Source-Line:MvCameraControl.dll(CInterfaceManager.cpp-L2104)  ProcessName:DeviceController.exe(21844)     Description:[U3V]Start Grabbing, DeviceUptime[1503]     Solution:
Info    2021-03-19 16:16:19:0732  DevID:MV-CE120-10UC(00F62123918)  Source-Line:MvCameraControl.dll(CInterfaceManager.cpp-L7193)  ProcessName:DeviceController.exe(21844)     Description:CamCtrl RecvThread Start, ThreadId[1172]     Solution:
Info    2021-03-19 16:16:19:0732  DevID:MV-CE120-10UC(00F62123918)  Source-Line:MvCameraControl.dll(CInterfaceManager.cpp-L7003)  ProcessName:DeviceController.exe(21844)     Description:CamCtrl Display Thread Start, ThreadId[20148]     Solution:
Info    2021-03-19 16:16:19:0741  DevID:MV-CE120-10UC(00F62123918)  Source-Line:MvCameraControl.dll(CInterfaceManager.cpp-L2220)  ProcessName:DeviceController.exe(21844)     Description:Start grabbing success, There is no registration callback.     Solution:
Info    2021-03-19 16:16:19:0742  DevID:MV-CE120-10UC(00F62123918)  Source-Line:MvCameraControl.dll(CInterfaceManager.cpp-L2908)  ProcessName:DeviceController.exe(21844)     Description:[MV_CC_Display]Set Display window success!     Solution:
Info    2021-03-19 16:16:20:0888  DevID:MV-CE120-10UC(00F62123918)  Source-Line:MvCameraControl.dll(MvCamRender.cpp-L0093)  ProcessName:DeviceController.exe(21844)     Description:Render Mode GDI     Solution:
Info    2021-03-19 16:16:32:0431  DevID:MV-CE120-10UC(00F62123918)  Source-Line:MvCameraControl.dll(CInterfaceManager.cpp-L1064)  ProcessName:DeviceController.exe(21844)     Description:[MV_CC_DestroyHandle]DeInit success     Solution:
Info    2021-03-19 16:16:32:0516  DevID:MV-CE120-10UC(00F62123918)  Source-Line:MvCameraControl.dll(CInterfaceManager.cpp-L7005)  ProcessName:DeviceController.exe(21844)     Description:CamCtrl Display Thread End, ThreadId[20148]     Solution:
Info    2021-03-19 16:16:32:0532  DevID:MV-CE120-10UC(00F62123918)  Source-Line:MvCameraControl.dll(CInterfaceManager.cpp-L7195)  ProcessName:DeviceController.exe(21844)     Description:CamCtrl RecvThread End, ThreadId[1172]     Solution:
Info    2021-03-19 16:16:32:0561  DevID:MV-CE120-10UC(00F62123918)  Source-Line:MvCameraControl.dll(CInterfaceManager.cpp-L2335)  ProcessName:DeviceController.exe(21844)     Description:[StopGrabbing]Stop grabbing success! DeviceUptime[1516]     Solution:
Info    2021-03-19 16:16:50:0337  DevID:MV-CE120-10UC(00F62123918)  Source-Line:MvCameraControl.dll(CInterfaceManager.cpp-L0859)  ProcessName:DeviceController.exe(17700)     Description:[U3V Info]Speed[528], DeviceAddress[2], VendorName[Hikrobot], ManufacturerInfo[Hikrobot], DeviceVersion[V1.6.3 201222 551351], UserID[]     Solution:
Info    2021-03-19 16:16:50:0337  DevID:MV-CE120-10UC(00F62123918)  Source-Line:MvCameraControl.dll(CInterfaceManager.cpp-L0949)  ProcessName:DeviceController.exe(17700)     Description:CameraControl Dll, Path[C:\Program Files (x86)\Common Files\MVS\Runtime\Win32_i86\MvCameraControl.dll]     Solution:
Info    2021-03-19 16:16:50:0337  DevID:MV-CE120-10UC(00F62123918)  Source-Line:MvCameraControl.dll(CInterfaceManager.cpp-L0952)  ProcessName:DeviceController.exe(17700)     Description:[MV_CC_CreateHandle]IsWriteLog[1], Ret[0x0]     Solution:
Info    2021-03-19 16:16:50:0338  DevID:MV-CE120-10UC(00F62123918)  Source-Line:MvCameraControl.dll(CInterfaceManager.cpp-L7589)  ProcessName:DeviceController.exe(17700)     Description:CamCtrl[0x3030003], U3V SDKVersion[0x3030003], DriverVersion[0x1000001]     Solution:
Info    2021-03-19 16:16:50:0467  DevID:MV-CE120-10UC(00F62123918)  Source-Line:MvCameraControl.dll(CInterfaceManager.cpp-L3064)  ProcessName:DeviceController.exe(17700)     Description:[GetGenICamXML]Get XML success!     Solution:
Info    2021-03-19 16:16:50:0600  DevID:MV-CE120-10UC(00F62123918)  Source-Line:MvCameraControl.dll(CInterfaceManager.cpp-L4851)  ProcessName:DeviceController.exe(17700)     Description:[MV_CC_InvalidateNodes]Invalidate Nodes success     Solution:
Info    2021-03-19 16:16:50:0601  DevID:MV-CE120-10UC(00F62123918)  Source-Line:MvCameraControl.dll(CInterfaceManager.cpp-L1383)  ProcessName:DeviceController.exe(17700)     Description:[MV_CC_OpenDevice]Open device success! PrivilegeMode[1], SwitchoverKey[0], DeviceUptime[1534]     Solution:
Error   2021-03-19 16:16:50:0602  DevID:MV-CE120-10UC(00F62123918)  Source-Line:MvCameraControl.dll(XmlParse.cpp-L2471)  ProcessName:DeviceController.exe(17700)     Description:Set Node Value, NodeName[AcquisitionMode], AccessException[Failed to write enumeration value. Enum entry is not writable : AccessException thrown in node 'AcquisitionMode' while calling 'AcquisitionMode.SetIntValue()' (file 'Enumeration.cpp', line 149)]     Solution:
Error   2021-03-19 16:16:50:0602  DevID:MV-CE120-10UC(00F62123918)  Source-Line:MvCameraControl.dll(CInterfaceManager.cpp-L4539)  ProcessName:DeviceController.exe(17700)     Description:[MV_CC_SetEnumValue]Property[AcquisitionMode], Value[1], Ret[0x80000106]     Solution:
Info    2021-03-19 16:16:50:0603  DevID:MV-CE120-10UC(00F62123918)  Source-Line:MvCameraControl.dll(CInterfaceManager.cpp-L2104)  ProcessName:DeviceController.exe(17700)     Description:[U3V]Start Grabbing, DeviceUptime[1534]     Solution:
Info    2021-03-19 16:16:50:0636  DevID:MV-CE120-10UC(00F62123918)  Source-Line:MvCameraControl.dll(CInterfaceManager.cpp-L7193)  ProcessName:DeviceController.exe(17700)     Description:CamCtrl RecvThread Start, ThreadId[16224]     Solution:
Info    2021-03-19 16:16:50:0636  DevID:MV-CE120-10UC(00F62123918)  Source-Line:MvCameraControl.dll(CInterfaceManager.cpp-L7003)  ProcessName:DeviceController.exe(17700)     Description:CamCtrl Display Thread Start, ThreadId[21304]     Solution:
Info    2021-03-19 16:16:50:0645  DevID:MV-CE120-10UC(00F62123918)  Source-Line:MvCameraControl.dll(CInterfaceManager.cpp-L2220)  ProcessName:DeviceController.exe(17700)     Description:Start grabbing success, There is no registration callback.     Solution:
Info    2021-03-19 16:16:50:0646  DevID:MV-CE120-10UC(00F62123918)  Source-Line:MvCameraControl.dll(CInterfaceManager.cpp-L2908)  ProcessName:DeviceController.exe(17700)     Description:[MV_CC_Display]Set Display window success!     Solution:
Info    2021-03-19 16:16:51:0796  DevID:MV-CE120-10UC(00F62123918)  Source-Line:MvCameraControl.dll(MvCamRender.cpp-L0093)  ProcessName:DeviceController.exe(17700)     Description:Render Mode GDI     Solution:
Info    2021-03-19 16:17:36:0886  DevID:MV-CE120-10UC(00F62123918)  Source-Line:MvCameraControl.dll(CInterfaceManager.cpp-L0859)  ProcessName:DeviceController.exe(21064)     Description:[U3V Info]Speed[528], DeviceAddress[2], VendorName[Hikrobot], ManufacturerInfo[Hikrobot], DeviceVersion[V1.6.3 201222 551351], UserID[]     Solution:
Info    2021-03-19 16:17:36:0886  DevID:MV-CE120-10UC(00F62123918)  Source-Line:MvCameraControl.dll(CInterfaceManager.cpp-L0949)  ProcessName:DeviceController.exe(21064)     Description:CameraControl Dll, Path[C:\Program Files (x86)\Common Files\MVS\Runtime\Win32_i86\MvCameraControl.dll]     Solution:
Info    2021-03-19 16:17:36:0886  DevID:MV-CE120-10UC(00F62123918)  Source-Line:MvCameraControl.dll(CInterfaceManager.cpp-L0952)  ProcessName:DeviceController.exe(21064)     Description:[MV_CC_CreateHandle]IsWriteLog[1], Ret[0x0]     Solution:
Info    2021-03-19 16:17:36:0886  DevID:MV-CE120-10UC(00F62123918)  Source-Line:MvCameraControl.dll(CInterfaceManager.cpp-L7589)  ProcessName:DeviceController.exe(21064)     Description:CamCtrl[0x3030003], U3V SDKVersion[0x3030003], DriverVersion[0x1000001]     Solution:
Info    2021-03-19 16:17:38:0019  DevID:MV-CE120-10UC(00F62123918)  Source-Line:MvCameraControl.dll(CInterfaceManager.cpp-L3064)  ProcessName:DeviceController.exe(21064)     Description:[GetGenICamXML]Get XML success!     Solution:
Info    2021-03-19 16:17:38:0150  DevID:MV-CE120-10UC(00F62123918)  Source-Line:MvCameraControl.dll(CInterfaceManager.cpp-L4851)  ProcessName:DeviceController.exe(21064)     Description:[MV_CC_InvalidateNodes]Invalidate Nodes success     Solution:
Info    2021-03-19 16:17:38:0150  DevID:MV-CE120-10UC(00F62123918)  Source-Line:MvCameraControl.dll(CInterfaceManager.cpp-L1383)  ProcessName:DeviceController.exe(21064)     Description:[MV_CC_OpenDevice]Open device success! PrivilegeMode[1], SwitchoverKey[0], DeviceUptime[1581]     Solution:
Error   2021-03-19 16:17:38:0151  DevID:MV-CE120-10UC(00F62123918)  Source-Line:MvCameraControl.dll(XmlParse.cpp-L2471)  ProcessName:DeviceController.exe(21064)     Description:Set Node Value, NodeName[AcquisitionMode], AccessException[Failed to write enumeration value. Enum entry is not writable : AccessException thrown in node 'AcquisitionMode' while calling 'AcquisitionMode.SetIntValue()' (file 'Enumeration.cpp', line 149)]     Solution:
Error   2021-03-19 16:17:38:0151  DevID:MV-CE120-10UC(00F62123918)  Source-Line:MvCameraControl.dll(CInterfaceManager.cpp-L4539)  ProcessName:DeviceController.exe(21064)     Description:[MV_CC_SetEnumValue]Property[AcquisitionMode], Value[1], Ret[0x80000106]     Solution:
Info    2021-03-19 16:17:38:0152  DevID:MV-CE120-10UC(00F62123918)  Source-Line:MvCameraControl.dll(CInterfaceManager.cpp-L2104)  ProcessName:DeviceController.exe(21064)     Description:[U3V]Start Grabbing, DeviceUptime[1581]     Solution:
Info    2021-03-19 16:17:38:0185  DevID:MV-CE120-10UC(00F62123918)  Source-Line:MvCameraControl.dll(CInterfaceManager.cpp-L7193)  ProcessName:DeviceController.exe(21064)     Description:CamCtrl RecvThread Start, ThreadId[20680]     Solution:
Info    2021-03-19 16:17:38:0185  DevID:MV-CE120-10UC(00F62123918)  Source-Line:MvCameraControl.dll(CInterfaceManager.cpp-L7003)  ProcessName:DeviceController.exe(21064)     Description:CamCtrl Display Thread Start, ThreadId[21516]     Solution:
Info    2021-03-19 16:17:38:0194  DevID:MV-CE120-10UC(00F62123918)  Source-Line:MvCameraControl.dll(CInterfaceManager.cpp-L2220)  ProcessName:DeviceController.exe(21064)     Description:Start grabbing success, There is no registration callback.     Solution:
Info    2021-03-19 16:17:38:0196  DevID:MV-CE120-10UC(00F62123918)  Source-Line:MvCameraControl.dll(CInterfaceManager.cpp-L2908)  ProcessName:DeviceController.exe(21064)     Description:[MV_CC_Display]Set Display window success!     Solution:
Info    2021-03-19 16:17:39:0339  DevID:MV-CE120-10UC(00F62123918)  Source-Line:MvCameraControl.dll(MvCamRender.cpp-L0093)  ProcessName:DeviceController.exe(21064)     Description:Render Mode GDI     Solution:
Info    2021-03-19 16:17:49:0170  DevID:MV-CE120-10UC(00F62123918)  Source-Line:MvCameraControl.dll(CInterfaceManager.cpp-L1064)  ProcessName:DeviceController.exe(21064)     Description:[MV_CC_DestroyHandle]DeInit success     Solution:
Info    2021-03-19 16:17:49:0195  DevID:MV-CE120-10UC(00F62123918)  Source-Line:MvCameraControl.dll(CInterfaceManager.cpp-L7005)  ProcessName:DeviceController.exe(21064)     Description:CamCtrl Display Thread End, ThreadId[21516]     Solution:
Info    2021-03-19 16:17:49:0271  DevID:MV-CE120-10UC(00F62123918)  Source-Line:MvCameraControl.dll(CInterfaceManager.cpp-L7195)  ProcessName:DeviceController.exe(21064)     Description:CamCtrl RecvThread End, ThreadId[20680]     Solution:
Info    2021-03-19 16:17:49:0298  DevID:MV-CE120-10UC(00F62123918)  Source-Line:MvCameraControl.dll(CInterfaceManager.cpp-L2335)  ProcessName:DeviceController.exe(21064)     Description:[StopGrabbing]Stop grabbing success! DeviceUptime[1593]     Solution:
