Info    2021-03-19 16:00:24:0955  DevID:MV-CE120-10UC(00F62123918)  Source-Line:MvUsb3vTL.dll(Manager.cpp-L0079)  ProcessName:DeviceController.exe(20604)     Description:USB3Vision Dll, Path[C:\Program Files (x86)\Common Files\MVS\Runtime\Win32_i86\MvUsb3vTL.dll]     Solution:
Info    2021-03-19 16:00:25:0070  DevID:MV-CE120-10UC(00F62123918)  Source-Line:MvUsb3vTL.dll(DeviceControl.cpp-L0030)  ProcessName:DeviceController.exe(20604)     Description:U3V HeartBeat Start, ThreadId[20328]     Solution:
Info    2021-03-19 16:00:25:0077  DevID:MV-CE120-10UC(00F62123918)  Source-Line:MvUsb3vTL.dll(EventProcess.cpp-L0693)  ProcessName:DeviceController.exe(20604)     Description:U3V EventSendThread Start, ThreadId[19084]     Solution:
Info    2021-03-19 16:00:25:0078  DevID:MV-CE120-10UC(00F62123918)  Source-Line:MvUsb3vTL.dll(EventProcess.cpp-L0270)  ProcessName:DeviceController.exe(20604)     Description:U3V EventRecvThread Start, ThreadId[12160]     Solution:
Info    2021-03-19 16:00:25:0444  DevID:MV-CE120-10UC(00F62123918)  Source-Line:MvUsb3vTL.dll(StreamProcess.cpp-L1009)  ProcessName:DeviceController.exe(20604)     Description:U3V StreamRecvThread Start, ThreadId[11484]     Solution:
Info    2021-03-19 16:00:42:0653  DevID:MV-CE120-10UC(00F62123918)  Source-Line:MvUsb3vTL.dll(StreamProcess.cpp-L1011)  ProcessName:DeviceController.exe(20604)     Description:U3V StreamRecvThread End, ThreadId[11484]     Solution:
Info    2021-03-19 16:00:42:0666  DevID:MV-CE120-10UC(00F62123918)  Source-Line:MvUsb3vTL.dll(StreamProcess.cpp-L0531)  ProcessName:DeviceController.exe(20604)     Description:GetCount[25], GetCountSucceed[25], ReceivedFrameCount[25], AbnormalFrameCount[0]     Solution:
Info    2021-03-19 16:00:43:0125  DevID:MV-CE120-10UC(00F62123918)  Source-Line:MvUsb3vTL.dll(DeviceControl.cpp-L0032)  ProcessName:DeviceController.exe(20604)     Description:U3V HeartBeat End, ThreadId[20328]     Solution:
Info    2021-03-19 16:00:43:0192  DevID:MV-CE120-10UC(00F62123918)  Source-Line:MvUsb3vTL.dll(EventProcess.cpp-L0272)  ProcessName:DeviceController.exe(20604)     Description:U3V EventRecvThread End, ThreadId[12160]     Solution:
Info    2021-03-19 16:00:43:0203  DevID:MV-CE120-10UC(00F62123918)  Source-Line:MvUsb3vTL.dll(EventProcess.cpp-L0695)  ProcessName:DeviceController.exe(20604)     Description:U3V EventSendThread End, ThreadId[19084]     Solution:
Info    2021-03-19 16:01:20:0768  DevID:MV-CE120-10UC(00F62123918)  Source-Line:MvUsb3vTL.dll(Manager.cpp-L0079)  ProcessName:DeviceController.exe(6380)     Description:USB3Vision Dll, Path[C:\Program Files (x86)\Common Files\MVS\Runtime\Win32_i86\MvUsb3vTL.dll]     Solution:
Info    2021-03-19 16:01:20:0881  DevID:MV-CE120-10UC(00F62123918)  Source-Line:MvUsb3vTL.dll(DeviceControl.cpp-L0030)  ProcessName:DeviceController.exe(6380)     Description:U3V HeartBeat Start, ThreadId[9048]     Solution:
Info    2021-03-19 16:01:20:0889  DevID:MV-CE120-10UC(00F62123918)  Source-Line:MvUsb3vTL.dll(EventProcess.cpp-L0693)  ProcessName:DeviceController.exe(6380)     Description:U3V EventSendThread Start, ThreadId[13496]     Solution:
Info    2021-03-19 16:01:20:0889  DevID:MV-CE120-10UC(00F62123918)  Source-Line:MvUsb3vTL.dll(EventProcess.cpp-L0270)  ProcessName:DeviceController.exe(6380)     Description:U3V EventRecvThread Start, ThreadId[15488]     Solution:
Info    2021-03-19 16:01:21:0089  DevID:MV-CE120-10UC(00F62123918)  Source-Line:MvUsb3vTL.dll(StreamProcess.cpp-L1009)  ProcessName:DeviceController.exe(6380)     Description:U3V StreamRecvThread Start, ThreadId[11628]     Solution:
Info    2021-03-19 16:01:53:0307  DevID:MV-CE120-10UC(00F62123918)  Source-Line:MvUsb3vTL.dll(StreamProcess.cpp-L1011)  ProcessName:DeviceController.exe(6380)     Description:U3V StreamRecvThread End, ThreadId[11628]     Solution:
Info    2021-03-19 16:01:53:0320  DevID:MV-CE120-10UC(00F62123918)  Source-Line:MvUsb3vTL.dll(StreamProcess.cpp-L0531)  ProcessName:DeviceController.exe(6380)     Description:GetCount[47], GetCountSucceed[47], ReceivedFrameCount[47], AbnormalFrameCount[0]     Solution:
Info    2021-03-19 16:01:53:0945  DevID:MV-CE120-10UC(00F62123918)  Source-Line:MvUsb3vTL.dll(DeviceControl.cpp-L0032)  ProcessName:DeviceController.exe(6380)     Description:U3V HeartBeat End, ThreadId[9048]     Solution:
Info    2021-03-19 16:01:54:0910  DevID:MV-CE120-10UC(00F62123918)  Source-Line:MvUsb3vTL.dll(EventProcess.cpp-L0272)  ProcessName:DeviceController.exe(6380)     Description:U3V EventRecvThread End, ThreadId[15488]     Solution:
Info    2021-03-19 16:01:54:0921  DevID:MV-CE120-10UC(00F62123918)  Source-Line:MvUsb3vTL.dll(EventProcess.cpp-L0695)  ProcessName:DeviceController.exe(6380)     Description:U3V EventSendThread End, ThreadId[13496]     Solution:
Info    2021-03-19 16:07:30:0054  DevID:MV-CE120-10UC(00F62123918)  Source-Line:MvUsb3vTL.dll(Manager.cpp-L0079)  ProcessName:DeviceController.exe(19280)     Description:USB3Vision Dll, Path[C:\Program Files (x86)\Common Files\MVS\Runtime\Win32_i86\MvUsb3vTL.dll]     Solution:
Info    2021-03-19 16:07:30:0169  DevID:MV-CE120-10UC(00F62123918)  Source-Line:MvUsb3vTL.dll(DeviceControl.cpp-L0030)  ProcessName:DeviceController.exe(19280)     Description:U3V HeartBeat Start, ThreadId[15760]     Solution:
Info    2021-03-19 16:07:30:0176  DevID:MV-CE120-10UC(00F62123918)  Source-Line:MvUsb3vTL.dll(EventProcess.cpp-L0693)  ProcessName:DeviceController.exe(19280)     Description:U3V EventSendThread Start, ThreadId[19180]     Solution:
Info    2021-03-19 16:07:30:0176  DevID:MV-CE120-10UC(00F62123918)  Source-Line:MvUsb3vTL.dll(EventProcess.cpp-L0270)  ProcessName:DeviceController.exe(19280)     Description:U3V EventRecvThread Start, ThreadId[13868]     Solution:
Info    2021-03-19 16:07:30:0386  DevID:MV-CE120-10UC(00F62123918)  Source-Line:MvUsb3vTL.dll(StreamProcess.cpp-L1009)  ProcessName:DeviceController.exe(19280)     Description:U3V StreamRecvThread Start, ThreadId[20536]     Solution:
Info    2021-03-19 16:09:11:0156  DevID:MV-CE120-10UC(00F62123918)  Source-Line:MvUsb3vTL.dll(Manager.cpp-L0079)  ProcessName:DeviceController.exe(18152)     Description:USB3Vision Dll, Path[C:\Program Files (x86)\Common Files\MVS\Runtime\Win32_i86\MvUsb3vTL.dll]     Solution:
Error   2021-03-19 16:09:12:0171  DevID:MV-CE120-10UC(00F62123918)  Source-Line:MvUsb3vTL.dll(DriverLayer.cpp-L0554)  ProcessName:DeviceController.exe(18152)     Description:Bulk read failed, Ret[-116], Error[libusb0:err [_usb_reap_async] timeout error]     Solution:
Info    2021-03-19 16:09:12:0276  DevID:MV-CE120-10UC(00F62123918)  Source-Line:MvUsb3vTL.dll(DeviceControl.cpp-L0030)  ProcessName:DeviceController.exe(18152)     Description:U3V HeartBeat Start, ThreadId[17312]     Solution:
Info    2021-03-19 16:09:12:0284  DevID:MV-CE120-10UC(00F62123918)  Source-Line:MvUsb3vTL.dll(EventProcess.cpp-L0693)  ProcessName:DeviceController.exe(18152)     Description:U3V EventSendThread Start, ThreadId[18640]     Solution:
Info    2021-03-19 16:09:12:0284  DevID:MV-CE120-10UC(00F62123918)  Source-Line:MvUsb3vTL.dll(EventProcess.cpp-L0270)  ProcessName:DeviceController.exe(18152)     Description:U3V EventRecvThread Start, ThreadId[13164]     Solution:
Info    2021-03-19 16:09:12:0454  DevID:MV-CE120-10UC(00F62123918)  Source-Line:MvUsb3vTL.dll(StreamProcess.cpp-L1009)  ProcessName:DeviceController.exe(18152)     Description:U3V StreamRecvThread Start, ThreadId[12424]     Solution:
Info    2021-03-19 16:10:25:0507  DevID:MV-CE120-10UC(00F62123918)  Source-Line:MvUsb3vTL.dll(Manager.cpp-L0079)  ProcessName:DeviceController.exe(9020)     Description:USB3Vision Dll, Path[C:\Program Files (x86)\Common Files\MVS\Runtime\Win32_i86\MvUsb3vTL.dll]     Solution:
Error   2021-03-19 16:10:26:0522  DevID:MV-CE120-10UC(00F62123918)  Source-Line:MvUsb3vTL.dll(DriverLayer.cpp-L0554)  ProcessName:DeviceController.exe(9020)     Description:Bulk read failed, Ret[-116], Error[libusb0:err [_usb_reap_async] timeout error]     Solution:
Info    2021-03-19 16:10:26:0628  DevID:MV-CE120-10UC(00F62123918)  Source-Line:MvUsb3vTL.dll(DeviceControl.cpp-L0030)  ProcessName:DeviceController.exe(9020)     Description:U3V HeartBeat Start, ThreadId[22212]     Solution:
Info    2021-03-19 16:10:26:0636  DevID:MV-CE120-10UC(00F62123918)  Source-Line:MvUsb3vTL.dll(EventProcess.cpp-L0693)  ProcessName:DeviceController.exe(9020)     Description:U3V EventSendThread Start, ThreadId[6532]     Solution:
Info    2021-03-19 16:10:26:0636  DevID:MV-CE120-10UC(00F62123918)  Source-Line:MvUsb3vTL.dll(EventProcess.cpp-L0270)  ProcessName:DeviceController.exe(9020)     Description:U3V EventRecvThread Start, ThreadId[5524]     Solution:
Info    2021-03-19 16:10:26:0805  DevID:MV-CE120-10UC(00F62123918)  Source-Line:MvUsb3vTL.dll(StreamProcess.cpp-L1009)  ProcessName:DeviceController.exe(9020)     Description:U3V StreamRecvThread Start, ThreadId[8752]     Solution:
Info    2021-03-19 16:14:04:0411  DevID:MV-CE120-10UC(00F62123918)  Source-Line:MvUsb3vTL.dll(Manager.cpp-L0079)  ProcessName:DeviceController.exe(13432)     Description:USB3Vision Dll, Path[C:\Program Files (x86)\Common Files\MVS\Runtime\Win32_i86\MvUsb3vTL.dll]     Solution:
Error   2021-03-19 16:14:05:0426  DevID:MV-CE120-10UC(00F62123918)  Source-Line:MvUsb3vTL.dll(DriverLayer.cpp-L0554)  ProcessName:DeviceController.exe(13432)     Description:Bulk read failed, Ret[-116], Error[libusb0:err [_usb_reap_async] timeout error]     Solution:
Info    2021-03-19 16:14:05:0532  DevID:MV-CE120-10UC(00F62123918)  Source-Line:MvUsb3vTL.dll(DeviceControl.cpp-L0030)  ProcessName:DeviceController.exe(13432)     Description:U3V HeartBeat Start, ThreadId[6100]     Solution:
Info    2021-03-19 16:14:05:0540  DevID:MV-CE120-10UC(00F62123918)  Source-Line:MvUsb3vTL.dll(EventProcess.cpp-L0693)  ProcessName:DeviceController.exe(13432)     Description:U3V EventSendThread Start, ThreadId[15136]     Solution:
Info    2021-03-19 16:14:05:0540  DevID:MV-CE120-10UC(00F62123918)  Source-Line:MvUsb3vTL.dll(EventProcess.cpp-L0270)  ProcessName:DeviceController.exe(13432)     Description:U3V EventRecvThread Start, ThreadId[16448]     Solution:
Info    2021-03-19 16:14:05:0712  DevID:MV-CE120-10UC(00F62123918)  Source-Line:MvUsb3vTL.dll(StreamProcess.cpp-L1009)  ProcessName:DeviceController.exe(13432)     Description:U3V StreamRecvThread Start, ThreadId[22492]     Solution:
Info    2021-03-19 16:14:55:0189  DevID:MV-CE120-10UC(00F62123918)  Source-Line:MvUsb3vTL.dll(Manager.cpp-L0079)  ProcessName:DeviceController.exe(21632)     Description:USB3Vision Dll, Path[C:\Program Files (x86)\Common Files\MVS\Runtime\Win32_i86\MvUsb3vTL.dll]     Solution:
Error   2021-03-19 16:14:56:0204  DevID:MV-CE120-10UC(00F62123918)  Source-Line:MvUsb3vTL.dll(DriverLayer.cpp-L0554)  ProcessName:DeviceController.exe(21632)     Description:Bulk read failed, Ret[-116], Error[libusb0:err [_usb_reap_async] timeout error]     Solution:
Info    2021-03-19 16:14:56:0307  DevID:MV-CE120-10UC(00F62123918)  Source-Line:MvUsb3vTL.dll(DeviceControl.cpp-L0030)  ProcessName:DeviceController.exe(21632)     Description:U3V HeartBeat Start, ThreadId[22048]     Solution:
Info    2021-03-19 16:14:56:0317  DevID:MV-CE120-10UC(00F62123918)  Source-Line:MvUsb3vTL.dll(EventProcess.cpp-L0693)  ProcessName:DeviceController.exe(21632)     Description:U3V EventSendThread Start, ThreadId[18352]     Solution:
Info    2021-03-19 16:14:56:0317  DevID:MV-CE120-10UC(00F62123918)  Source-Line:MvUsb3vTL.dll(EventProcess.cpp-L0270)  ProcessName:DeviceController.exe(21632)     Description:U3V EventRecvThread Start, ThreadId[16224]     Solution:
Info    2021-03-19 16:14:56:0489  DevID:MV-CE120-10UC(00F62123918)  Source-Line:MvUsb3vTL.dll(StreamProcess.cpp-L1009)  ProcessName:DeviceController.exe(21632)     Description:U3V StreamRecvThread Start, ThreadId[18760]     Solution:
Info    2021-03-19 16:16:18:0403  DevID:MV-CE120-10UC(00F62123918)  Source-Line:MvUsb3vTL.dll(Manager.cpp-L0079)  ProcessName:DeviceController.exe(21844)     Description:USB3Vision Dll, Path[C:\Program Files (x86)\Common Files\MVS\Runtime\Win32_i86\MvUsb3vTL.dll]     Solution:
Error   2021-03-19 16:16:19:0418  DevID:MV-CE120-10UC(00F62123918)  Source-Line:MvUsb3vTL.dll(DriverLayer.cpp-L0554)  ProcessName:DeviceController.exe(21844)     Description:Bulk read failed, Ret[-116], Error[libusb0:err [_usb_reap_async] timeout error]     Solution:
Info    2021-03-19 16:16:19:0527  DevID:MV-CE120-10UC(00F62123918)  Source-Line:MvUsb3vTL.dll(DeviceControl.cpp-L0030)  ProcessName:DeviceController.exe(21844)     Description:U3V HeartBeat Start, ThreadId[14972]     Solution:
Info    2021-03-19 16:16:19:0535  DevID:MV-CE120-10UC(00F62123918)  Source-Line:MvUsb3vTL.dll(EventProcess.cpp-L0693)  ProcessName:DeviceController.exe(21844)     Description:U3V EventSendThread Start, ThreadId[13636]     Solution:
Info    2021-03-19 16:16:19:0535  DevID:MV-CE120-10UC(00F62123918)  Source-Line:MvUsb3vTL.dll(EventProcess.cpp-L0270)  ProcessName:DeviceController.exe(21844)     Description:U3V EventRecvThread Start, ThreadId[16352]     Solution:
Info    2021-03-19 16:16:19:0728  DevID:MV-CE120-10UC(00F62123918)  Source-Line:MvUsb3vTL.dll(StreamProcess.cpp-L1009)  ProcessName:DeviceController.exe(21844)     Description:U3V StreamRecvThread Start, ThreadId[8672]     Solution:
Info    2021-03-19 16:16:32:0539  DevID:MV-CE120-10UC(00F62123918)  Source-Line:MvUsb3vTL.dll(StreamProcess.cpp-L1011)  ProcessName:DeviceController.exe(21844)     Description:U3V StreamRecvThread End, ThreadId[8672]     Solution:
Info    2021-03-19 16:16:32:0553  DevID:MV-CE120-10UC(00F62123918)  Source-Line:MvUsb3vTL.dll(StreamProcess.cpp-L0531)  ProcessName:DeviceController.exe(21844)     Description:GetCount[18], GetCountSucceed[18], ReceivedFrameCount[18], AbnormalFrameCount[0]     Solution:
Info    2021-03-19 16:16:32:0608  DevID:MV-CE120-10UC(00F62123918)  Source-Line:MvUsb3vTL.dll(DeviceControl.cpp-L0032)  ProcessName:DeviceController.exe(21844)     Description:U3V HeartBeat End, ThreadId[14972]     Solution:
Info    2021-03-19 16:16:33:0415  DevID:MV-CE120-10UC(00F62123918)  Source-Line:MvUsb3vTL.dll(EventProcess.cpp-L0272)  ProcessName:DeviceController.exe(21844)     Description:U3V EventRecvThread End, ThreadId[16352]     Solution:
Info    2021-03-19 16:16:33:0426  DevID:MV-CE120-10UC(00F62123918)  Source-Line:MvUsb3vTL.dll(EventProcess.cpp-L0695)  ProcessName:DeviceController.exe(21844)     Description:U3V EventSendThread End, ThreadId[13636]     Solution:
Info    2021-03-19 16:16:50:0338  DevID:MV-CE120-10UC(00F62123918)  Source-Line:MvUsb3vTL.dll(Manager.cpp-L0079)  ProcessName:DeviceController.exe(17700)     Description:USB3Vision Dll, Path[C:\Program Files (x86)\Common Files\MVS\Runtime\Win32_i86\MvUsb3vTL.dll]     Solution:
Info    2021-03-19 16:16:50:0454  DevID:MV-CE120-10UC(00F62123918)  Source-Line:MvUsb3vTL.dll(DeviceControl.cpp-L0030)  ProcessName:DeviceController.exe(17700)     Description:U3V HeartBeat Start, ThreadId[21724]     Solution:
Info    2021-03-19 16:16:50:0461  DevID:MV-CE120-10UC(00F62123918)  Source-Line:MvUsb3vTL.dll(EventProcess.cpp-L0693)  ProcessName:DeviceController.exe(17700)     Description:U3V EventSendThread Start, ThreadId[4324]     Solution:
Info    2021-03-19 16:16:50:0461  DevID:MV-CE120-10UC(00F62123918)  Source-Line:MvUsb3vTL.dll(EventProcess.cpp-L0270)  ProcessName:DeviceController.exe(17700)     Description:U3V EventRecvThread Start, ThreadId[22464]     Solution:
Info    2021-03-19 16:16:50:0632  DevID:MV-CE120-10UC(00F62123918)  Source-Line:MvUsb3vTL.dll(StreamProcess.cpp-L1009)  ProcessName:DeviceController.exe(17700)     Description:U3V StreamRecvThread Start, ThreadId[16348]     Solution:
Info    2021-03-19 16:17:36:0887  DevID:MV-CE120-10UC(00F62123918)  Source-Line:MvUsb3vTL.dll(Manager.cpp-L0079)  ProcessName:DeviceController.exe(21064)     Description:USB3Vision Dll, Path[C:\Program Files (x86)\Common Files\MVS\Runtime\Win32_i86\MvUsb3vTL.dll]     Solution:
Error   2021-03-19 16:17:37:0902  DevID:MV-CE120-10UC(00F62123918)  Source-Line:MvUsb3vTL.dll(DriverLayer.cpp-L0554)  ProcessName:DeviceController.exe(21064)     Description:Bulk read failed, Ret[-116], Error[libusb0:err [_usb_reap_async] timeout error]     Solution:
Info    2021-03-19 16:17:38:0004  DevID:MV-CE120-10UC(00F62123918)  Source-Line:MvUsb3vTL.dll(DeviceControl.cpp-L0030)  ProcessName:DeviceController.exe(21064)     Description:U3V HeartBeat Start, ThreadId[9036]     Solution:
Info    2021-03-19 16:17:38:0012  DevID:MV-CE120-10UC(00F62123918)  Source-Line:MvUsb3vTL.dll(EventProcess.cpp-L0693)  ProcessName:DeviceController.exe(21064)     Description:U3V EventSendThread Start, ThreadId[20172]     Solution:
Info    2021-03-19 16:17:38:0013  DevID:MV-CE120-10UC(00F62123918)  Source-Line:MvUsb3vTL.dll(EventProcess.cpp-L0270)  ProcessName:DeviceController.exe(21064)     Description:U3V EventRecvThread Start, ThreadId[6724]     Solution:
Info    2021-03-19 16:17:38:0181  DevID:MV-CE120-10UC(00F62123918)  Source-Line:MvUsb3vTL.dll(StreamProcess.cpp-L1009)  ProcessName:DeviceController.exe(21064)     Description:U3V StreamRecvThread Start, ThreadId[18332]     Solution:
Info    2021-03-19 16:17:49:0276  DevID:MV-CE120-10UC(00F62123918)  Source-Line:MvUsb3vTL.dll(StreamProcess.cpp-L1011)  ProcessName:DeviceController.exe(21064)     Description:U3V StreamRecvThread End, ThreadId[18332]     Solution:
Info    2021-03-19 16:17:49:0290  DevID:MV-CE120-10UC(00F62123918)  Source-Line:MvUsb3vTL.dll(StreamProcess.cpp-L0531)  ProcessName:DeviceController.exe(21064)     Description:GetCount[15], GetCountSucceed[15], ReceivedFrameCount[15], AbnormalFrameCount[0]     Solution:
Info    2021-03-19 16:17:50:0070  DevID:MV-CE120-10UC(00F62123918)  Source-Line:MvUsb3vTL.dll(DeviceControl.cpp-L0032)  ProcessName:DeviceController.exe(21064)     Description:U3V HeartBeat End, ThreadId[9036]     Solution:
Info    2021-03-19 16:17:50:0840  DevID:MV-CE120-10UC(00F62123918)  Source-Line:MvUsb3vTL.dll(EventProcess.cpp-L0272)  ProcessName:DeviceController.exe(21064)     Description:U3V EventRecvThread End, ThreadId[6724]     Solution:
Info    2021-03-19 16:17:50:0851  DevID:MV-CE120-10UC(00F62123918)  Source-Line:MvUsb3vTL.dll(EventProcess.cpp-L0695)  ProcessName:DeviceController.exe(21064)     Description:U3V EventSendThread End, ThreadId[20172]     Solution:
