
[2022-07-19 09:56:34]System.UnauthorizedAccessException: 对注册表项“HKEY_LOCAL_MACHINE\SOFTWARE\Microsoft\Windows\CurrentVersion\Run”的访问被拒绝。
   在 Microsoft.Win32.RegistryKey.Win32Error(Int32 errorCode, String str)
   在 Microsoft.Win32.RegistryKey.CreateSubKeyInternal(String subkey, RegistryKeyPermissionCheck permissionCheck, Object registrySecurityObj, RegistryOptions registryOptions)
   在 Microsoft.Win32.RegistryKey.CreateSubKey(String subkey, RegistryKeyPermissionCheck permissionCheck)
   在 Microsoft.Win32.RegistryKey.CreateSubKey(String subkey)
   在 DeviceController.Common.Tools.AutoStart(Boolean isAuto) 位置 I:\维护项目\ThreeInOne\PestDeviceController\DeviceController\DeviceController\Common\Tools.cs:行号 286

[2022-07-19 09:56:41]System.IO.FileNotFoundException: 未能找到文件“I:\维护项目\ThreeInOne\PestDeviceController\DeviceController\DeviceController\bin\x86\Debug\CQ12Config\CQ12GrabImg\20220418200000.bmp”。
文件名:“I:\维护项目\ThreeInOne\PestDeviceController\DeviceController\DeviceController\bin\x86\Debug\CQ12Config\CQ12GrabImg\20220418200000.bmp”
   在 System.IO.__Error.WinIOError(Int32 errorCode, String maybeFullPath)
   在 System.IO.FileStream.Init(String path, FileMode mode, FileAccess access, Int32 rights, Boolean useRights, FileShare share, Int32 bufferSize, FileOptions options, SECURITY_ATTRIBUTES secAttrs, String msgPath, Boolean bFromProxy, Boolean useLongPath, Boolean checkHost)
   在 System.IO.FileStream..ctor(String path, FileMode mode, FileAccess access, FileShare share)
   在 DeviceController.Common.Tools.FileToBitmap(String fileName) 位置 I:\维护项目\ThreeInOne\PestDeviceController\DeviceController\DeviceController\Common\Tools.cs:行号 201
   在 DeviceController.View.CQ12.CQ12MainForm.RefreshFLP() 位置 I:\维护项目\ThreeInOne\PestDeviceController\DeviceController\DeviceController\View\CQ12\CQ12MainForm.cs:行号 3656

[2022-07-19 09:58:36]System.UnauthorizedAccessException: 对注册表项“HKEY_LOCAL_MACHINE\SOFTWARE\Microsoft\Windows\CurrentVersion\Run”的访问被拒绝。
   在 Microsoft.Win32.RegistryKey.Win32Error(Int32 errorCode, String str)
   在 Microsoft.Win32.RegistryKey.CreateSubKeyInternal(String subkey, RegistryKeyPermissionCheck permissionCheck, Object registrySecurityObj, RegistryOptions registryOptions)
   在 Microsoft.Win32.RegistryKey.CreateSubKey(String subkey, RegistryKeyPermissionCheck permissionCheck)
   在 Microsoft.Win32.RegistryKey.CreateSubKey(String subkey)
   在 DeviceController.Common.Tools.AutoStart(Boolean isAuto) 位置 I:\维护项目\ThreeInOne\PestDeviceController\DeviceController\DeviceController\Common\Tools.cs:行号 286

[2022-07-19 09:58:41]System.IO.FileNotFoundException: 未能找到文件“I:\维护项目\ThreeInOne\PestDeviceController\DeviceController\DeviceController\bin\x86\Debug\CQ12Config\CQ12GrabImg\20220418200000.bmp”。
文件名:“I:\维护项目\ThreeInOne\PestDeviceController\DeviceController\DeviceController\bin\x86\Debug\CQ12Config\CQ12GrabImg\20220418200000.bmp”
   在 System.IO.__Error.WinIOError(Int32 errorCode, String maybeFullPath)
   在 System.IO.FileStream.Init(String path, FileMode mode, FileAccess access, Int32 rights, Boolean useRights, FileShare share, Int32 bufferSize, FileOptions options, SECURITY_ATTRIBUTES secAttrs, String msgPath, Boolean bFromProxy, Boolean useLongPath, Boolean checkHost)
   在 System.IO.FileStream..ctor(String path, FileMode mode, FileAccess access, FileShare share)
   在 DeviceController.Common.Tools.FileToBitmap(String fileName) 位置 I:\维护项目\ThreeInOne\PestDeviceController\DeviceController\DeviceController\Common\Tools.cs:行号 201
   在 DeviceController.View.CQ12.CQ12MainForm.RefreshFLP() 位置 I:\维护项目\ThreeInOne\PestDeviceController\DeviceController\DeviceController\View\CQ12\CQ12MainForm.cs:行号 3656

[2022-07-19 11:24:03]System.UnauthorizedAccessException: 对注册表项“HKEY_LOCAL_MACHINE\SOFTWARE\Microsoft\Windows\CurrentVersion\Run”的访问被拒绝。
   在 Microsoft.Win32.RegistryKey.Win32Error(Int32 errorCode, String str)
   在 Microsoft.Win32.RegistryKey.CreateSubKeyInternal(String subkey, RegistryKeyPermissionCheck permissionCheck, Object registrySecurityObj, RegistryOptions registryOptions)
   在 Microsoft.Win32.RegistryKey.CreateSubKey(String subkey, RegistryKeyPermissionCheck permissionCheck)
   在 Microsoft.Win32.RegistryKey.CreateSubKey(String subkey)
   在 DeviceController.Common.Tools.AutoStart(Boolean isAuto) 位置 I:\维护项目\ThreeInOne\PestDeviceController\DeviceController\DeviceController\Common\Tools.cs:行号 286

[2022-07-19 11:24:06]System.IO.FileNotFoundException: 未能找到文件“I:\维护项目\ThreeInOne\PestDeviceController\DeviceController\DeviceController\bin\x86\Debug\CQ12Config\CQ12GrabImg\20220418200000.bmp”。
文件名:“I:\维护项目\ThreeInOne\PestDeviceController\DeviceController\DeviceController\bin\x86\Debug\CQ12Config\CQ12GrabImg\20220418200000.bmp”
   在 System.IO.__Error.WinIOError(Int32 errorCode, String maybeFullPath)
   在 System.IO.FileStream.Init(String path, FileMode mode, FileAccess access, Int32 rights, Boolean useRights, FileShare share, Int32 bufferSize, FileOptions options, SECURITY_ATTRIBUTES secAttrs, String msgPath, Boolean bFromProxy, Boolean useLongPath, Boolean checkHost)
   在 System.IO.FileStream..ctor(String path, FileMode mode, FileAccess access, FileShare share)
   在 DeviceController.Common.Tools.FileToBitmap(String fileName) 位置 I:\维护项目\ThreeInOne\PestDeviceController\DeviceController\DeviceController\Common\Tools.cs:行号 201
   在 DeviceController.View.CQ12.CQ12MainForm.RefreshFLP() 位置 I:\维护项目\ThreeInOne\PestDeviceController\DeviceController\DeviceController\View\CQ12\CQ12MainForm.cs:行号 3656

[2022-07-19 11:24:24]System.UnauthorizedAccessException: 对注册表项“HKEY_LOCAL_MACHINE\SOFTWARE\Microsoft\Windows\CurrentVersion\Run”的访问被拒绝。
   在 Microsoft.Win32.RegistryKey.Win32Error(Int32 errorCode, String str)
   在 Microsoft.Win32.RegistryKey.CreateSubKeyInternal(String subkey, RegistryKeyPermissionCheck permissionCheck, Object registrySecurityObj, RegistryOptions registryOptions)
   在 Microsoft.Win32.RegistryKey.CreateSubKey(String subkey, RegistryKeyPermissionCheck permissionCheck)
   在 Microsoft.Win32.RegistryKey.CreateSubKey(String subkey)
   在 DeviceController.Common.Tools.AutoStart(Boolean isAuto) 位置 I:\维护项目\ThreeInOne\PestDeviceController\DeviceController\DeviceController\Common\Tools.cs:行号 286

[2022-07-19 11:25:37]System.UnauthorizedAccessException: 对注册表项“HKEY_LOCAL_MACHINE\SOFTWARE\Microsoft\Windows\CurrentVersion\Run”的访问被拒绝。
   在 Microsoft.Win32.RegistryKey.Win32Error(Int32 errorCode, String str)
   在 Microsoft.Win32.RegistryKey.CreateSubKeyInternal(String subkey, RegistryKeyPermissionCheck permissionCheck, Object registrySecurityObj, RegistryOptions registryOptions)
   在 Microsoft.Win32.RegistryKey.CreateSubKey(String subkey, RegistryKeyPermissionCheck permissionCheck)
   在 Microsoft.Win32.RegistryKey.CreateSubKey(String subkey)
   在 DeviceController.Common.Tools.AutoStart(Boolean isAuto) 位置 I:\维护项目\ThreeInOne\PestDeviceController\DeviceController\DeviceController\Common\Tools.cs:行号 286

[2022-07-19 11:25:41]System.IO.FileNotFoundException: 未能找到文件“I:\维护项目\ThreeInOne\PestDeviceController\DeviceController\DeviceController\bin\x86\Debug\CQ12Config\CQ12GrabImg\20220418200000.bmp”。
文件名:“I:\维护项目\ThreeInOne\PestDeviceController\DeviceController\DeviceController\bin\x86\Debug\CQ12Config\CQ12GrabImg\20220418200000.bmp”
   在 System.IO.__Error.WinIOError(Int32 errorCode, String maybeFullPath)
   在 System.IO.FileStream.Init(String path, FileMode mode, FileAccess access, Int32 rights, Boolean useRights, FileShare share, Int32 bufferSize, FileOptions options, SECURITY_ATTRIBUTES secAttrs, String msgPath, Boolean bFromProxy, Boolean useLongPath, Boolean checkHost)
   在 System.IO.FileStream..ctor(String path, FileMode mode, FileAccess access, FileShare share)
   在 DeviceController.Common.Tools.FileToBitmap(String fileName) 位置 I:\维护项目\ThreeInOne\PestDeviceController\DeviceController\DeviceController\Common\Tools.cs:行号 201
   在 DeviceController.View.CQ12.CQ12MainForm.RefreshFLP() 位置 I:\维护项目\ThreeInOne\PestDeviceController\DeviceController\DeviceController\View\CQ12\CQ12MainForm.cs:行号 3656

[2022-07-19 11:27:11]System.Net.Sockets.SocketException (0x80004005): 你的主机中的软件中止了一个已建立的连接。
   在 System.Net.Sockets.Socket.Receive(Byte[] buffer, Int32 offset, Int32 size, SocketFlags socketFlags)
   在 System.Net.Sockets.Socket.Receive(Byte[] buffer)
   在 DeviceController.View.CQ12.CQ12MainForm.timer2_Elapsed(Object sender, ElapsedEventArgs e) 位置 I:\维护项目\ThreeInOne\PestDeviceController\DeviceController\DeviceController\View\CQ12\CQ12MainForm.cs:行号 1210

[2022-07-19 11:41:09]System.UnauthorizedAccessException: 对注册表项“HKEY_LOCAL_MACHINE\SOFTWARE\Microsoft\Windows\CurrentVersion\Run”的访问被拒绝。
   在 Microsoft.Win32.RegistryKey.Win32Error(Int32 errorCode, String str)
   在 Microsoft.Win32.RegistryKey.CreateSubKeyInternal(String subkey, RegistryKeyPermissionCheck permissionCheck, Object registrySecurityObj, RegistryOptions registryOptions)
   在 Microsoft.Win32.RegistryKey.CreateSubKey(String subkey, RegistryKeyPermissionCheck permissionCheck)
   在 Microsoft.Win32.RegistryKey.CreateSubKey(String subkey)
   在 DeviceController.Common.Tools.AutoStart(Boolean isAuto) 位置 I:\维护项目\ThreeInOne\PestDeviceController\DeviceController\DeviceController\Common\Tools.cs:行号 286

[2022-07-19 11:51:08]System.UnauthorizedAccessException: 对注册表项“HKEY_LOCAL_MACHINE\SOFTWARE\Microsoft\Windows\CurrentVersion\Run”的访问被拒绝。
   在 Microsoft.Win32.RegistryKey.Win32Error(Int32 errorCode, String str)
   在 Microsoft.Win32.RegistryKey.CreateSubKeyInternal(String subkey, RegistryKeyPermissionCheck permissionCheck, Object registrySecurityObj, RegistryOptions registryOptions)
   在 Microsoft.Win32.RegistryKey.CreateSubKey(String subkey, RegistryKeyPermissionCheck permissionCheck)
   在 Microsoft.Win32.RegistryKey.CreateSubKey(String subkey)
   在 DeviceController.Common.Tools.AutoStart(Boolean isAuto) 位置 I:\维护项目\ThreeInOne\PestDeviceController\DeviceController\DeviceController\Common\Tools.cs:行号 286

[2022-07-19 11:51:15]System.ArgumentOutOfRangeException: 长度不能小于 0。
参数名: length
   在 System.String.Substring(Int32 startIndex, Int32 length)
   在 DeviceController.View.CQ12.CQ12MainForm.BtnTurnTimeDefine_Click(Object sender, EventArgs e) 位置 I:\维护项目\ThreeInOne\PestDeviceController\DeviceController\DeviceController\View\CQ12\CQ12MainForm.cs:行号 3212

[2022-07-19 11:52:21]System.UnauthorizedAccessException: 对注册表项“HKEY_LOCAL_MACHINE\SOFTWARE\Microsoft\Windows\CurrentVersion\Run”的访问被拒绝。
   在 Microsoft.Win32.RegistryKey.Win32Error(Int32 errorCode, String str)
   在 Microsoft.Win32.RegistryKey.CreateSubKeyInternal(String subkey, RegistryKeyPermissionCheck permissionCheck, Object registrySecurityObj, RegistryOptions registryOptions)
   在 Microsoft.Win32.RegistryKey.CreateSubKey(String subkey, RegistryKeyPermissionCheck permissionCheck)
   在 Microsoft.Win32.RegistryKey.CreateSubKey(String subkey)
   在 DeviceController.Common.Tools.AutoStart(Boolean isAuto) 位置 I:\维护项目\ThreeInOne\PestDeviceController\DeviceController\DeviceController\Common\Tools.cs:行号 286

[2022-07-19 11:54:40]System.UnauthorizedAccessException: 对注册表项“HKEY_LOCAL_MACHINE\SOFTWARE\Microsoft\Windows\CurrentVersion\Run”的访问被拒绝。
   在 Microsoft.Win32.RegistryKey.Win32Error(Int32 errorCode, String str)
   在 Microsoft.Win32.RegistryKey.CreateSubKeyInternal(String subkey, RegistryKeyPermissionCheck permissionCheck, Object registrySecurityObj, RegistryOptions registryOptions)
   在 Microsoft.Win32.RegistryKey.CreateSubKey(String subkey, RegistryKeyPermissionCheck permissionCheck)
   在 Microsoft.Win32.RegistryKey.CreateSubKey(String subkey)
   在 DeviceController.Common.Tools.AutoStart(Boolean isAuto) 位置 I:\维护项目\ThreeInOne\PestDeviceController\DeviceController\DeviceController\Common\Tools.cs:行号 286

[2022-07-19 11:55:09]System.IO.FileNotFoundException: 未能找到文件“I:\维护项目\ThreeInOne\PestDeviceController\DeviceController\DeviceController\bin\x86\Debug\CQ12Config\CQ12GrabImg\20220418200000.bmp”。
文件名:“I:\维护项目\ThreeInOne\PestDeviceController\DeviceController\DeviceController\bin\x86\Debug\CQ12Config\CQ12GrabImg\20220418200000.bmp”
   在 System.IO.__Error.WinIOError(Int32 errorCode, String maybeFullPath)
   在 System.IO.FileStream.Init(String path, FileMode mode, FileAccess access, Int32 rights, Boolean useRights, FileShare share, Int32 bufferSize, FileOptions options, SECURITY_ATTRIBUTES secAttrs, String msgPath, Boolean bFromProxy, Boolean useLongPath, Boolean checkHost)
   在 System.IO.FileStream..ctor(String path, FileMode mode, FileAccess access, FileShare share)
   在 DeviceController.Common.Tools.FileToBitmap(String fileName) 位置 I:\维护项目\ThreeInOne\PestDeviceController\DeviceController\DeviceController\Common\Tools.cs:行号 201
   在 DeviceController.View.CQ12.CQ12MainForm.RefreshFLP() 位置 I:\维护项目\ThreeInOne\PestDeviceController\DeviceController\DeviceController\View\CQ12\CQ12MainForm.cs:行号 3661

[2022-07-19 13:38:04]System.UnauthorizedAccessException: 对注册表项“HKEY_LOCAL_MACHINE\SOFTWARE\Microsoft\Windows\CurrentVersion\Run”的访问被拒绝。
   在 Microsoft.Win32.RegistryKey.Win32Error(Int32 errorCode, String str)
   在 Microsoft.Win32.RegistryKey.CreateSubKeyInternal(String subkey, RegistryKeyPermissionCheck permissionCheck, Object registrySecurityObj, RegistryOptions registryOptions)
   在 Microsoft.Win32.RegistryKey.CreateSubKey(String subkey, RegistryKeyPermissionCheck permissionCheck)
   在 Microsoft.Win32.RegistryKey.CreateSubKey(String subkey)
   在 DeviceController.Common.Tools.AutoStart(Boolean isAuto) 位置 I:\维护项目\ThreeInOne\PestDeviceController\DeviceController\DeviceController\Common\Tools.cs:行号 286

[2022-07-19 13:38:16]System.IO.FileNotFoundException: 未能找到文件“I:\维护项目\ThreeInOne\PestDeviceController\DeviceController\DeviceController\bin\x86\Debug\CQ12Config\CQ12GrabImg\20220418200000.bmp”。
文件名:“I:\维护项目\ThreeInOne\PestDeviceController\DeviceController\DeviceController\bin\x86\Debug\CQ12Config\CQ12GrabImg\20220418200000.bmp”
   在 System.IO.__Error.WinIOError(Int32 errorCode, String maybeFullPath)
   在 System.IO.FileStream.Init(String path, FileMode mode, FileAccess access, Int32 rights, Boolean useRights, FileShare share, Int32 bufferSize, FileOptions options, SECURITY_ATTRIBUTES secAttrs, String msgPath, Boolean bFromProxy, Boolean useLongPath, Boolean checkHost)
   在 System.IO.FileStream..ctor(String path, FileMode mode, FileAccess access, FileShare share)
   在 DeviceController.Common.Tools.FileToBitmap(String fileName) 位置 I:\维护项目\ThreeInOne\PestDeviceController\DeviceController\DeviceController\Common\Tools.cs:行号 201
   在 DeviceController.View.CQ12.CQ12MainForm.RefreshFLP() 位置 I:\维护项目\ThreeInOne\PestDeviceController\DeviceController\DeviceController\View\CQ12\CQ12MainForm.cs:行号 3662
