
[2022-06-17 10:58:19]System.UnauthorizedAccessException: 对注册表项“HKEY_LOCAL_MACHINE\SOFTWARE\Microsoft\Windows\CurrentVersion\Run”的访问被拒绝。
   在 Microsoft.Win32.RegistryKey.Win32Error(Int32 errorCode, String str)
   在 Microsoft.Win32.RegistryKey.CreateSubKeyInternal(String subkey, RegistryKeyPermissionCheck permissionCheck, Object registrySecurityObj, RegistryOptions registryOptions)
   在 Microsoft.Win32.RegistryKey.CreateSubKey(String subkey, RegistryKeyPermissionCheck permissionCheck)
   在 Microsoft.Win32.RegistryKey.CreateSubKey(String subkey)
   在 DeviceController.Common.Tools.AutoStart(Boolean isAuto) 位置 I:\维护项目\ThreeInOne\DeviceController\DeviceController\Common\Tools.cs:行号 285

[2022-06-17 13:40:59]System.UnauthorizedAccessException: 对注册表项“HKEY_LOCAL_MACHINE\SOFTWARE\Microsoft\Windows\CurrentVersion\Run”的访问被拒绝。
   在 Microsoft.Win32.RegistryKey.Win32Error(Int32 errorCode, String str)
   在 Microsoft.Win32.RegistryKey.CreateSubKeyInternal(String subkey, RegistryKeyPermissionCheck permissionCheck, Object registrySecurityObj, RegistryOptions registryOptions)
   在 Microsoft.Win32.RegistryKey.CreateSubKey(String subkey, RegistryKeyPermissionCheck permissionCheck)
   在 Microsoft.Win32.RegistryKey.CreateSubKey(String subkey)
   在 DeviceController.Common.Tools.AutoStart(Boolean isAuto) 位置 I:\维护项目\ThreeInOne\DeviceController\DeviceController\Common\Tools.cs:行号 285

[2022-06-17 13:41:43]System.IO.FileNotFoundException: 未能找到文件“I:\维护项目\ThreeInOne\DeviceController\DeviceController\bin\x86\Debug\CQ12Config\CQ12GrabImg\20220418200000.bmp”。
文件名:“I:\维护项目\ThreeInOne\DeviceController\DeviceController\bin\x86\Debug\CQ12Config\CQ12GrabImg\20220418200000.bmp”
   在 System.IO.__Error.WinIOError(Int32 errorCode, String maybeFullPath)
   在 System.IO.FileStream.Init(String path, FileMode mode, FileAccess access, Int32 rights, Boolean useRights, FileShare share, Int32 bufferSize, FileOptions options, SECURITY_ATTRIBUTES secAttrs, String msgPath, Boolean bFromProxy, Boolean useLongPath, Boolean checkHost)
   在 System.IO.FileStream..ctor(String path, FileMode mode, FileAccess access, FileShare share)
   在 DeviceController.Common.Tools.FileToBitmap(String fileName) 位置 I:\维护项目\ThreeInOne\DeviceController\DeviceController\Common\Tools.cs:行号 200
   在 DeviceController.View.CQ12.CQ12MainForm.RefreshFLP() 位置 I:\维护项目\ThreeInOne\DeviceController\DeviceController\View\CQ12\CQ12MainForm.cs:行号 3656

[2022-06-17 13:43:30]System.UnauthorizedAccessException: 对注册表项“HKEY_LOCAL_MACHINE\SOFTWARE\Microsoft\Windows\CurrentVersion\Run”的访问被拒绝。
   在 Microsoft.Win32.RegistryKey.Win32Error(Int32 errorCode, String str)
   在 Microsoft.Win32.RegistryKey.CreateSubKeyInternal(String subkey, RegistryKeyPermissionCheck permissionCheck, Object registrySecurityObj, RegistryOptions registryOptions)
   在 Microsoft.Win32.RegistryKey.CreateSubKey(String subkey, RegistryKeyPermissionCheck permissionCheck)
   在 Microsoft.Win32.RegistryKey.CreateSubKey(String subkey)
   在 DeviceController.Common.Tools.AutoStart(Boolean isAuto) 位置 I:\维护项目\ThreeInOne\DeviceController\DeviceController\Common\Tools.cs:行号 285

[2022-06-17 13:45:23]System.UnauthorizedAccessException: 对注册表项“HKEY_LOCAL_MACHINE\SOFTWARE\Microsoft\Windows\CurrentVersion\Run”的访问被拒绝。
   在 Microsoft.Win32.RegistryKey.Win32Error(Int32 errorCode, String str)
   在 Microsoft.Win32.RegistryKey.CreateSubKeyInternal(String subkey, RegistryKeyPermissionCheck permissionCheck, Object registrySecurityObj, RegistryOptions registryOptions)
   在 Microsoft.Win32.RegistryKey.CreateSubKey(String subkey, RegistryKeyPermissionCheck permissionCheck)
   在 Microsoft.Win32.RegistryKey.CreateSubKey(String subkey)
   在 DeviceController.Common.Tools.AutoStart(Boolean isAuto) 位置 I:\维护项目\ThreeInOne\DeviceController\DeviceController\Common\Tools.cs:行号 285

[2022-06-17 13:48:34]System.UnauthorizedAccessException: 对注册表项“HKEY_LOCAL_MACHINE\SOFTWARE\Microsoft\Windows\CurrentVersion\Run”的访问被拒绝。
   在 Microsoft.Win32.RegistryKey.Win32Error(Int32 errorCode, String str)
   在 Microsoft.Win32.RegistryKey.CreateSubKeyInternal(String subkey, RegistryKeyPermissionCheck permissionCheck, Object registrySecurityObj, RegistryOptions registryOptions)
   在 Microsoft.Win32.RegistryKey.CreateSubKey(String subkey, RegistryKeyPermissionCheck permissionCheck)
   在 Microsoft.Win32.RegistryKey.CreateSubKey(String subkey)
   在 DeviceController.Common.Tools.AutoStart(Boolean isAuto) 位置 I:\维护项目\ThreeInOne\DeviceController\DeviceController\Common\Tools.cs:行号 285

[2022-06-17 13:49:02]System.UnauthorizedAccessException: 对注册表项“HKEY_LOCAL_MACHINE\SOFTWARE\Microsoft\Windows\CurrentVersion\Run”的访问被拒绝。
   在 Microsoft.Win32.RegistryKey.Win32Error(Int32 errorCode, String str)
   在 Microsoft.Win32.RegistryKey.CreateSubKeyInternal(String subkey, RegistryKeyPermissionCheck permissionCheck, Object registrySecurityObj, RegistryOptions registryOptions)
   在 Microsoft.Win32.RegistryKey.CreateSubKey(String subkey, RegistryKeyPermissionCheck permissionCheck)
   在 Microsoft.Win32.RegistryKey.CreateSubKey(String subkey)
   在 DeviceController.Common.Tools.AutoStart(Boolean isAuto) 位置 I:\维护项目\ThreeInOne\DeviceController\DeviceController\Common\Tools.cs:行号 285

[2022-06-17 13:49:31]System.IO.FileNotFoundException: 未能找到文件“I:\维护项目\ThreeInOne\DeviceController\DeviceController\bin\x86\Debug\CQ12Config\CQ12GrabImg\20220418200000.bmp”。
文件名:“I:\维护项目\ThreeInOne\DeviceController\DeviceController\bin\x86\Debug\CQ12Config\CQ12GrabImg\20220418200000.bmp”
   在 System.IO.__Error.WinIOError(Int32 errorCode, String maybeFullPath)
   在 System.IO.FileStream.Init(String path, FileMode mode, FileAccess access, Int32 rights, Boolean useRights, FileShare share, Int32 bufferSize, FileOptions options, SECURITY_ATTRIBUTES secAttrs, String msgPath, Boolean bFromProxy, Boolean useLongPath, Boolean checkHost)
   在 System.IO.FileStream..ctor(String path, FileMode mode, FileAccess access, FileShare share)
   在 DeviceController.Common.Tools.FileToBitmap(String fileName) 位置 I:\维护项目\ThreeInOne\DeviceController\DeviceController\Common\Tools.cs:行号 200
   在 DeviceController.View.CQ12.CQ12MainForm.RefreshFLP() 位置 I:\维护项目\ThreeInOne\DeviceController\DeviceController\View\CQ12\CQ12MainForm.cs:行号 3656

[2022-06-17 13:49:42]System.IO.FileNotFoundException: 未能找到文件“I:\维护项目\ThreeInOne\DeviceController\DeviceController\bin\x86\Debug\CQ12Config\CQ12GrabImg\20220418200000.bmp”。
文件名:“I:\维护项目\ThreeInOne\DeviceController\DeviceController\bin\x86\Debug\CQ12Config\CQ12GrabImg\20220418200000.bmp”
   在 System.IO.__Error.WinIOError(Int32 errorCode, String maybeFullPath)
   在 System.IO.FileStream.Init(String path, FileMode mode, FileAccess access, Int32 rights, Boolean useRights, FileShare share, Int32 bufferSize, FileOptions options, SECURITY_ATTRIBUTES secAttrs, String msgPath, Boolean bFromProxy, Boolean useLongPath, Boolean checkHost)
   在 System.IO.FileStream..ctor(String path, FileMode mode, FileAccess access, FileShare share)
   在 DeviceController.Common.Tools.FileToBitmap(String fileName) 位置 I:\维护项目\ThreeInOne\DeviceController\DeviceController\Common\Tools.cs:行号 200
   在 DeviceController.View.CQ12.CQ12MainForm.RefreshFLP() 位置 I:\维护项目\ThreeInOne\DeviceController\DeviceController\View\CQ12\CQ12MainForm.cs:行号 3656

[2022-06-17 13:49:48]System.IO.FileNotFoundException: 未能找到文件“I:\维护项目\ThreeInOne\DeviceController\DeviceController\bin\x86\Debug\CQ12Config\CQ12GrabImg\20220418200000.bmp”。
文件名:“I:\维护项目\ThreeInOne\DeviceController\DeviceController\bin\x86\Debug\CQ12Config\CQ12GrabImg\20220418200000.bmp”
   在 System.IO.__Error.WinIOError(Int32 errorCode, String maybeFullPath)
   在 System.IO.FileStream.Init(String path, FileMode mode, FileAccess access, Int32 rights, Boolean useRights, FileShare share, Int32 bufferSize, FileOptions options, SECURITY_ATTRIBUTES secAttrs, String msgPath, Boolean bFromProxy, Boolean useLongPath, Boolean checkHost)
   在 System.IO.FileStream..ctor(String path, FileMode mode, FileAccess access, FileShare share)
   在 DeviceController.Common.Tools.FileToBitmap(String fileName) 位置 I:\维护项目\ThreeInOne\DeviceController\DeviceController\Common\Tools.cs:行号 200
   在 DeviceController.View.CQ12.CQ12MainForm.RefreshFLP() 位置 I:\维护项目\ThreeInOne\DeviceController\DeviceController\View\CQ12\CQ12MainForm.cs:行号 3656

[2022-06-17 13:50:33]System.UnauthorizedAccessException: 对注册表项“HKEY_LOCAL_MACHINE\SOFTWARE\Microsoft\Windows\CurrentVersion\Run”的访问被拒绝。
   在 Microsoft.Win32.RegistryKey.Win32Error(Int32 errorCode, String str)
   在 Microsoft.Win32.RegistryKey.CreateSubKeyInternal(String subkey, RegistryKeyPermissionCheck permissionCheck, Object registrySecurityObj, RegistryOptions registryOptions)
   在 Microsoft.Win32.RegistryKey.CreateSubKey(String subkey, RegistryKeyPermissionCheck permissionCheck)
   在 Microsoft.Win32.RegistryKey.CreateSubKey(String subkey)
   在 DeviceController.Common.Tools.AutoStart(Boolean isAuto) 位置 I:\维护项目\ThreeInOne\DeviceController\DeviceController\Common\Tools.cs:行号 285

[2022-06-17 14:08:14]串口:COM6 初始化失败(第1次)——对端口“COM6”的访问被拒绝。

[2022-06-17 14:08:14]串口:COM6 初始化失败(第2次)——对端口“COM6”的访问被拒绝。

[2022-06-17 14:08:14]串口:COM6 初始化失败(第3次)——对端口“COM6”的访问被拒绝。

[2022-06-17 14:08:14]串口:COM6 初始化失败(第4次)——对端口“COM6”的访问被拒绝。

[2022-06-17 14:08:15]System.UnauthorizedAccessException: 对注册表项“HKEY_LOCAL_MACHINE\SOFTWARE\Microsoft\Windows\CurrentVersion\Run”的访问被拒绝。
   在 Microsoft.Win32.RegistryKey.Win32Error(Int32 errorCode, String str)
   在 Microsoft.Win32.RegistryKey.CreateSubKeyInternal(String subkey, RegistryKeyPermissionCheck permissionCheck, Object registrySecurityObj, RegistryOptions registryOptions)
   在 Microsoft.Win32.RegistryKey.CreateSubKey(String subkey, RegistryKeyPermissionCheck permissionCheck)
   在 Microsoft.Win32.RegistryKey.CreateSubKey(String subkey)
   在 DeviceController.Common.Tools.AutoStart(Boolean isAuto) 位置 I:\维护项目\ThreeInOne\DeviceController\DeviceController\Common\Tools.cs:行号 285

[2022-06-17 14:09:01]串口:COM6 初始化失败(第1次)——对端口“COM6”的访问被拒绝。

[2022-06-17 14:09:01]串口:COM6 初始化失败(第2次)——对端口“COM6”的访问被拒绝。

[2022-06-17 14:09:01]串口:COM6 初始化失败(第3次)——对端口“COM6”的访问被拒绝。

[2022-06-17 14:09:01]串口:COM6 初始化失败(第4次)——对端口“COM6”的访问被拒绝。

[2022-06-17 14:09:02]System.UnauthorizedAccessException: 对注册表项“HKEY_LOCAL_MACHINE\SOFTWARE\Microsoft\Windows\CurrentVersion\Run”的访问被拒绝。
   在 Microsoft.Win32.RegistryKey.Win32Error(Int32 errorCode, String str)
   在 Microsoft.Win32.RegistryKey.CreateSubKeyInternal(String subkey, RegistryKeyPermissionCheck permissionCheck, Object registrySecurityObj, RegistryOptions registryOptions)
   在 Microsoft.Win32.RegistryKey.CreateSubKey(String subkey, RegistryKeyPermissionCheck permissionCheck)
   在 Microsoft.Win32.RegistryKey.CreateSubKey(String subkey)
   在 DeviceController.Common.Tools.AutoStart(Boolean isAuto) 位置 I:\维护项目\ThreeInOne\DeviceController\DeviceController\Common\Tools.cs:行号 285

[2022-06-17 14:10:16]串口:COM6 初始化失败(第1次)——对端口“COM6”的访问被拒绝。

[2022-06-17 14:10:17]串口:COM6 初始化失败(第2次)——对端口“COM6”的访问被拒绝。

[2022-06-17 14:10:17]串口:COM6 初始化失败(第3次)——对端口“COM6”的访问被拒绝。

[2022-06-17 14:10:17]串口:COM6 初始化失败(第4次)——对端口“COM6”的访问被拒绝。

[2022-06-17 14:10:18]System.UnauthorizedAccessException: 对注册表项“HKEY_LOCAL_MACHINE\SOFTWARE\Microsoft\Windows\CurrentVersion\Run”的访问被拒绝。
   在 Microsoft.Win32.RegistryKey.Win32Error(Int32 errorCode, String str)
   在 Microsoft.Win32.RegistryKey.CreateSubKeyInternal(String subkey, RegistryKeyPermissionCheck permissionCheck, Object registrySecurityObj, RegistryOptions registryOptions)
   在 Microsoft.Win32.RegistryKey.CreateSubKey(String subkey, RegistryKeyPermissionCheck permissionCheck)
   在 Microsoft.Win32.RegistryKey.CreateSubKey(String subkey)
   在 DeviceController.Common.Tools.AutoStart(Boolean isAuto) 位置 I:\维护项目\ThreeInOne\DeviceController\DeviceController\Common\Tools.cs:行号 285

[2022-06-17 14:20:46]System.UnauthorizedAccessException: 对注册表项“HKEY_LOCAL_MACHINE\SOFTWARE\Microsoft\Windows\CurrentVersion\Run”的访问被拒绝。
   在 Microsoft.Win32.RegistryKey.Win32Error(Int32 errorCode, String str)
   在 Microsoft.Win32.RegistryKey.CreateSubKeyInternal(String subkey, RegistryKeyPermissionCheck permissionCheck, Object registrySecurityObj, RegistryOptions registryOptions)
   在 Microsoft.Win32.RegistryKey.CreateSubKey(String subkey, RegistryKeyPermissionCheck permissionCheck)
   在 Microsoft.Win32.RegistryKey.CreateSubKey(String subkey)
   在 DeviceController.Common.Tools.AutoStart(Boolean isAuto) 位置 I:\维护项目\ThreeInOne\DeviceController\DeviceController\Common\Tools.cs:行号 285

[2022-06-17 14:27:42]System.UnauthorizedAccessException: 对注册表项“HKEY_LOCAL_MACHINE\SOFTWARE\Microsoft\Windows\CurrentVersion\Run”的访问被拒绝。
   在 Microsoft.Win32.RegistryKey.Win32Error(Int32 errorCode, String str)
   在 Microsoft.Win32.RegistryKey.CreateSubKeyInternal(String subkey, RegistryKeyPermissionCheck permissionCheck, Object registrySecurityObj, RegistryOptions registryOptions)
   在 Microsoft.Win32.RegistryKey.CreateSubKey(String subkey, RegistryKeyPermissionCheck permissionCheck)
   在 Microsoft.Win32.RegistryKey.CreateSubKey(String subkey)
   在 DeviceController.Common.Tools.AutoStart(Boolean isAuto) 位置 I:\维护项目\ThreeInOne\DeviceController\DeviceController\Common\Tools.cs:行号 285

[2022-06-17 14:45:17]System.UnauthorizedAccessException: 对注册表项“HKEY_LOCAL_MACHINE\SOFTWARE\Microsoft\Windows\CurrentVersion\Run”的访问被拒绝。
   在 Microsoft.Win32.RegistryKey.Win32Error(Int32 errorCode, String str)
   在 Microsoft.Win32.RegistryKey.CreateSubKeyInternal(String subkey, RegistryKeyPermissionCheck permissionCheck, Object registrySecurityObj, RegistryOptions registryOptions)
   在 Microsoft.Win32.RegistryKey.CreateSubKey(String subkey, RegistryKeyPermissionCheck permissionCheck)
   在 Microsoft.Win32.RegistryKey.CreateSubKey(String subkey)
   在 DeviceController.Common.Tools.AutoStart(Boolean isAuto) 位置 I:\维护项目\ThreeInOne\DeviceController\DeviceController\Common\Tools.cs:行号 285

[2022-06-17 15:33:12]System.UnauthorizedAccessException: 对注册表项“HKEY_LOCAL_MACHINE\SOFTWARE\Microsoft\Windows\CurrentVersion\Run”的访问被拒绝。
   在 Microsoft.Win32.RegistryKey.Win32Error(Int32 errorCode, String str)
   在 Microsoft.Win32.RegistryKey.CreateSubKeyInternal(String subkey, RegistryKeyPermissionCheck permissionCheck, Object registrySecurityObj, RegistryOptions registryOptions)
   在 Microsoft.Win32.RegistryKey.CreateSubKey(String subkey, RegistryKeyPermissionCheck permissionCheck)
   在 Microsoft.Win32.RegistryKey.CreateSubKey(String subkey)
   在 DeviceController.Common.Tools.AutoStart(Boolean isAuto) 位置 I:\维护项目\ThreeInOne\DeviceController\DeviceController\Common\Tools.cs:行号 285

[2022-06-17 15:35:17]System.ArgumentException: 已添加了具有相同键的项。
   在 System.ThrowHelper.ThrowArgumentException(ExceptionResource resource)
   在 System.Collections.Generic.Dictionary`2.Insert(TKey key, TValue value, Boolean add)
   在 System.Collections.Generic.Dictionary`2.Add(TKey key, TValue value)
   在 DeviceController.View.DevOverview.DevOverviewMain.ClimateCreateListControl() 位置 I:\维护项目\ThreeInOne\DeviceController\DeviceController\View\DevOverview\DevOverviewMain.cs:行号 354

[2022-06-17 15:37:02]System.ArgumentException: 已添加了具有相同键的项。
   在 System.ThrowHelper.ThrowArgumentException(ExceptionResource resource)
   在 System.Collections.Generic.Dictionary`2.Insert(TKey key, TValue value, Boolean add)
   在 System.Collections.Generic.Dictionary`2.Add(TKey key, TValue value)
   在 DeviceController.View.DevOverview.DevOverviewMain.ClimateCreateListControl() 位置 I:\维护项目\ThreeInOne\DeviceController\DeviceController\View\DevOverview\DevOverviewMain.cs:行号 354

[2022-06-17 15:38:31]System.UnauthorizedAccessException: 对注册表项“HKEY_LOCAL_MACHINE\SOFTWARE\Microsoft\Windows\CurrentVersion\Run”的访问被拒绝。
   在 Microsoft.Win32.RegistryKey.Win32Error(Int32 errorCode, String str)
   在 Microsoft.Win32.RegistryKey.CreateSubKeyInternal(String subkey, RegistryKeyPermissionCheck permissionCheck, Object registrySecurityObj, RegistryOptions registryOptions)
   在 Microsoft.Win32.RegistryKey.CreateSubKey(String subkey, RegistryKeyPermissionCheck permissionCheck)
   在 Microsoft.Win32.RegistryKey.CreateSubKey(String subkey)
   在 DeviceController.Common.Tools.AutoStart(Boolean isAuto) 位置 I:\维护项目\ThreeInOne\DeviceController\DeviceController\Common\Tools.cs:行号 285

[2022-06-17 15:45:01]System.UnauthorizedAccessException: 对注册表项“HKEY_LOCAL_MACHINE\SOFTWARE\Microsoft\Windows\CurrentVersion\Run”的访问被拒绝。
   在 Microsoft.Win32.RegistryKey.Win32Error(Int32 errorCode, String str)
   在 Microsoft.Win32.RegistryKey.CreateSubKeyInternal(String subkey, RegistryKeyPermissionCheck permissionCheck, Object registrySecurityObj, RegistryOptions registryOptions)
   在 Microsoft.Win32.RegistryKey.CreateSubKey(String subkey, RegistryKeyPermissionCheck permissionCheck)
   在 Microsoft.Win32.RegistryKey.CreateSubKey(String subkey)
   在 DeviceController.Common.Tools.AutoStart(Boolean isAuto) 位置 I:\维护项目\ThreeInOne\DeviceController\DeviceController\Common\Tools.cs:行号 285

[2022-06-17 15:45:05]System.IO.FileNotFoundException: 未能找到文件“I:\维护项目\ThreeInOne\DeviceController\DeviceController\bin\x86\Debug\CQ12Config\CQ12GrabImg\20220418200000.bmp”。
文件名:“I:\维护项目\ThreeInOne\DeviceController\DeviceController\bin\x86\Debug\CQ12Config\CQ12GrabImg\20220418200000.bmp”
   在 System.IO.__Error.WinIOError(Int32 errorCode, String maybeFullPath)
   在 System.IO.FileStream.Init(String path, FileMode mode, FileAccess access, Int32 rights, Boolean useRights, FileShare share, Int32 bufferSize, FileOptions options, SECURITY_ATTRIBUTES secAttrs, String msgPath, Boolean bFromProxy, Boolean useLongPath, Boolean checkHost)
   在 System.IO.FileStream..ctor(String path, FileMode mode, FileAccess access, FileShare share)
   在 DeviceController.Common.Tools.FileToBitmap(String fileName) 位置 I:\维护项目\ThreeInOne\DeviceController\DeviceController\Common\Tools.cs:行号 200
   在 DeviceController.View.CQ12.CQ12MainForm.RefreshFLP() 位置 I:\维护项目\ThreeInOne\DeviceController\DeviceController\View\CQ12\CQ12MainForm.cs:行号 3656

[2022-06-17 15:51:29]System.UnauthorizedAccessException: 对注册表项“HKEY_LOCAL_MACHINE\SOFTWARE\Microsoft\Windows\CurrentVersion\Run”的访问被拒绝。
   在 Microsoft.Win32.RegistryKey.Win32Error(Int32 errorCode, String str)
   在 Microsoft.Win32.RegistryKey.CreateSubKeyInternal(String subkey, RegistryKeyPermissionCheck permissionCheck, Object registrySecurityObj, RegistryOptions registryOptions)
   在 Microsoft.Win32.RegistryKey.CreateSubKey(String subkey, RegistryKeyPermissionCheck permissionCheck)
   在 Microsoft.Win32.RegistryKey.CreateSubKey(String subkey)
   在 DeviceController.Common.Tools.AutoStart(Boolean isAuto) 位置 I:\维护项目\ThreeInOne\DeviceController\DeviceController\Common\Tools.cs:行号 285

[2022-06-17 15:58:09]System.UnauthorizedAccessException: 对注册表项“HKEY_LOCAL_MACHINE\SOFTWARE\Microsoft\Windows\CurrentVersion\Run”的访问被拒绝。
   在 Microsoft.Win32.RegistryKey.Win32Error(Int32 errorCode, String str)
   在 Microsoft.Win32.RegistryKey.CreateSubKeyInternal(String subkey, RegistryKeyPermissionCheck permissionCheck, Object registrySecurityObj, RegistryOptions registryOptions)
   在 Microsoft.Win32.RegistryKey.CreateSubKey(String subkey, RegistryKeyPermissionCheck permissionCheck)
   在 Microsoft.Win32.RegistryKey.CreateSubKey(String subkey)
   在 DeviceController.Common.Tools.AutoStart(Boolean isAuto) 位置 I:\维护项目\ThreeInOne\DeviceController\DeviceController\Common\Tools.cs:行号 285

[2022-06-17 15:59:28]System.IO.FileNotFoundException: 未能找到文件“I:\维护项目\ThreeInOne\DeviceController\DeviceController\bin\x86\Debug\CQ12Config\CQ12GrabImg\20220418200000.bmp”。
文件名:“I:\维护项目\ThreeInOne\DeviceController\DeviceController\bin\x86\Debug\CQ12Config\CQ12GrabImg\20220418200000.bmp”
   在 System.IO.__Error.WinIOError(Int32 errorCode, String maybeFullPath)
   在 System.IO.FileStream.Init(String path, FileMode mode, FileAccess access, Int32 rights, Boolean useRights, FileShare share, Int32 bufferSize, FileOptions options, SECURITY_ATTRIBUTES secAttrs, String msgPath, Boolean bFromProxy, Boolean useLongPath, Boolean checkHost)
   在 System.IO.FileStream..ctor(String path, FileMode mode, FileAccess access, FileShare share)
   在 DeviceController.Common.Tools.FileToBitmap(String fileName) 位置 I:\维护项目\ThreeInOne\DeviceController\DeviceController\Common\Tools.cs:行号 200
   在 DeviceController.View.CQ12.CQ12MainForm.RefreshFLP() 位置 I:\维护项目\ThreeInOne\DeviceController\DeviceController\View\CQ12\CQ12MainForm.cs:行号 3656

[2022-06-17 16:03:27]System.UnauthorizedAccessException: 对注册表项“HKEY_LOCAL_MACHINE\SOFTWARE\Microsoft\Windows\CurrentVersion\Run”的访问被拒绝。
   在 Microsoft.Win32.RegistryKey.Win32Error(Int32 errorCode, String str)
   在 Microsoft.Win32.RegistryKey.CreateSubKeyInternal(String subkey, RegistryKeyPermissionCheck permissionCheck, Object registrySecurityObj, RegistryOptions registryOptions)
   在 Microsoft.Win32.RegistryKey.CreateSubKey(String subkey, RegistryKeyPermissionCheck permissionCheck)
   在 Microsoft.Win32.RegistryKey.CreateSubKey(String subkey)
   在 DeviceController.Common.Tools.AutoStart(Boolean isAuto) 位置 I:\维护项目\ThreeInOne\DeviceController\DeviceController\Common\Tools.cs:行号 285

[2022-06-17 16:06:42]System.UnauthorizedAccessException: 对注册表项“HKEY_LOCAL_MACHINE\SOFTWARE\Microsoft\Windows\CurrentVersion\Run”的访问被拒绝。
   在 Microsoft.Win32.RegistryKey.Win32Error(Int32 errorCode, String str)
   在 Microsoft.Win32.RegistryKey.CreateSubKeyInternal(String subkey, RegistryKeyPermissionCheck permissionCheck, Object registrySecurityObj, RegistryOptions registryOptions)
   在 Microsoft.Win32.RegistryKey.CreateSubKey(String subkey, RegistryKeyPermissionCheck permissionCheck)
   在 Microsoft.Win32.RegistryKey.CreateSubKey(String subkey)
   在 DeviceController.Common.Tools.AutoStart(Boolean isAuto) 位置 I:\维护项目\ThreeInOne\DeviceController\DeviceController\Common\Tools.cs:行号 285

[2022-06-17 16:10:31]System.UnauthorizedAccessException: 对注册表项“HKEY_LOCAL_MACHINE\SOFTWARE\Microsoft\Windows\CurrentVersion\Run”的访问被拒绝。
   在 Microsoft.Win32.RegistryKey.Win32Error(Int32 errorCode, String str)
   在 Microsoft.Win32.RegistryKey.CreateSubKeyInternal(String subkey, RegistryKeyPermissionCheck permissionCheck, Object registrySecurityObj, RegistryOptions registryOptions)
   在 Microsoft.Win32.RegistryKey.CreateSubKey(String subkey, RegistryKeyPermissionCheck permissionCheck)
   在 Microsoft.Win32.RegistryKey.CreateSubKey(String subkey)
   在 DeviceController.Common.Tools.AutoStart(Boolean isAuto) 位置 I:\维护项目\ThreeInOne\DeviceController\DeviceController\Common\Tools.cs:行号 285

[2022-06-17 16:15:02]System.UnauthorizedAccessException: 对注册表项“HKEY_LOCAL_MACHINE\SOFTWARE\Microsoft\Windows\CurrentVersion\Run”的访问被拒绝。
   在 Microsoft.Win32.RegistryKey.Win32Error(Int32 errorCode, String str)
   在 Microsoft.Win32.RegistryKey.CreateSubKeyInternal(String subkey, RegistryKeyPermissionCheck permissionCheck, Object registrySecurityObj, RegistryOptions registryOptions)
   在 Microsoft.Win32.RegistryKey.CreateSubKey(String subkey, RegistryKeyPermissionCheck permissionCheck)
   在 Microsoft.Win32.RegistryKey.CreateSubKey(String subkey)
   在 DeviceController.Common.Tools.AutoStart(Boolean isAuto) 位置 I:\维护项目\ThreeInOne\DeviceController\DeviceController\Common\Tools.cs:行号 285

[2022-06-17 16:37:57]System.UnauthorizedAccessException: 对注册表项“HKEY_LOCAL_MACHINE\SOFTWARE\Microsoft\Windows\CurrentVersion\Run”的访问被拒绝。
   在 Microsoft.Win32.RegistryKey.Win32Error(Int32 errorCode, String str)
   在 Microsoft.Win32.RegistryKey.CreateSubKeyInternal(String subkey, RegistryKeyPermissionCheck permissionCheck, Object registrySecurityObj, RegistryOptions registryOptions)
   在 Microsoft.Win32.RegistryKey.CreateSubKey(String subkey, RegistryKeyPermissionCheck permissionCheck)
   在 Microsoft.Win32.RegistryKey.CreateSubKey(String subkey)
   在 DeviceController.Common.Tools.AutoStart(Boolean isAuto) 位置 I:\维护项目\ThreeInOne\DeviceController\DeviceController\Common\Tools.cs:行号 285

[2022-06-17 16:44:59]System.UnauthorizedAccessException: 对注册表项“HKEY_LOCAL_MACHINE\SOFTWARE\Microsoft\Windows\CurrentVersion\Run”的访问被拒绝。
   在 Microsoft.Win32.RegistryKey.Win32Error(Int32 errorCode, String str)
   在 Microsoft.Win32.RegistryKey.CreateSubKeyInternal(String subkey, RegistryKeyPermissionCheck permissionCheck, Object registrySecurityObj, RegistryOptions registryOptions)
   在 Microsoft.Win32.RegistryKey.CreateSubKey(String subkey, RegistryKeyPermissionCheck permissionCheck)
   在 Microsoft.Win32.RegistryKey.CreateSubKey(String subkey)
   在 DeviceController.Common.Tools.AutoStart(Boolean isAuto) 位置 I:\维护项目\ThreeInOne\DeviceController\DeviceController\Common\Tools.cs:行号 285

[2022-06-17 16:46:12]System.InvalidOperationException: 端口被关闭。
   在 System.IO.Ports.SerialPort.get_BytesToRead()
   在 DeviceController.Common.SerialPortCtrl.DataSend_Climate(SerialPort serialPort, String Msg)

[2022-06-17 16:57:59]System.UnauthorizedAccessException: 对注册表项“HKEY_LOCAL_MACHINE\SOFTWARE\Microsoft\Windows\CurrentVersion\Run”的访问被拒绝。
   在 Microsoft.Win32.RegistryKey.Win32Error(Int32 errorCode, String str)
   在 Microsoft.Win32.RegistryKey.CreateSubKeyInternal(String subkey, RegistryKeyPermissionCheck permissionCheck, Object registrySecurityObj, RegistryOptions registryOptions)
   在 Microsoft.Win32.RegistryKey.CreateSubKey(String subkey, RegistryKeyPermissionCheck permissionCheck)
   在 Microsoft.Win32.RegistryKey.CreateSubKey(String subkey)
   在 DeviceController.Common.Tools.AutoStart(Boolean isAuto) 位置 I:\维护项目\ThreeInOne\DeviceController\DeviceController\Common\Tools.cs:行号 285

[2022-06-17 17:00:06]System.UnauthorizedAccessException: 对注册表项“HKEY_LOCAL_MACHINE\SOFTWARE\Microsoft\Windows\CurrentVersion\Run”的访问被拒绝。
   在 Microsoft.Win32.RegistryKey.Win32Error(Int32 errorCode, String str)
   在 Microsoft.Win32.RegistryKey.CreateSubKeyInternal(String subkey, RegistryKeyPermissionCheck permissionCheck, Object registrySecurityObj, RegistryOptions registryOptions)
   在 Microsoft.Win32.RegistryKey.CreateSubKey(String subkey, RegistryKeyPermissionCheck permissionCheck)
   在 Microsoft.Win32.RegistryKey.CreateSubKey(String subkey)
   在 DeviceController.Common.Tools.AutoStart(Boolean isAuto) 位置 I:\维护项目\ThreeInOne\DeviceController\DeviceController\Common\Tools.cs:行号 285

[2022-06-17 17:00:40]System.UnauthorizedAccessException: 对注册表项“HKEY_LOCAL_MACHINE\SOFTWARE\Microsoft\Windows\CurrentVersion\Run”的访问被拒绝。
   在 Microsoft.Win32.RegistryKey.Win32Error(Int32 errorCode, String str)
   在 Microsoft.Win32.RegistryKey.CreateSubKeyInternal(String subkey, RegistryKeyPermissionCheck permissionCheck, Object registrySecurityObj, RegistryOptions registryOptions)
   在 Microsoft.Win32.RegistryKey.CreateSubKey(String subkey, RegistryKeyPermissionCheck permissionCheck)
   在 Microsoft.Win32.RegistryKey.CreateSubKey(String subkey)
   在 DeviceController.Common.Tools.AutoStart(Boolean isAuto) 位置 I:\维护项目\ThreeInOne\DeviceController\DeviceController\Common\Tools.cs:行号 285

[2022-06-17 17:01:25]System.UnauthorizedAccessException: 对注册表项“HKEY_LOCAL_MACHINE\SOFTWARE\Microsoft\Windows\CurrentVersion\Run”的访问被拒绝。
   在 Microsoft.Win32.RegistryKey.Win32Error(Int32 errorCode, String str)
   在 Microsoft.Win32.RegistryKey.CreateSubKeyInternal(String subkey, RegistryKeyPermissionCheck permissionCheck, Object registrySecurityObj, RegistryOptions registryOptions)
   在 Microsoft.Win32.RegistryKey.CreateSubKey(String subkey, RegistryKeyPermissionCheck permissionCheck)
   在 Microsoft.Win32.RegistryKey.CreateSubKey(String subkey)
   在 DeviceController.Common.Tools.AutoStart(Boolean isAuto) 位置 I:\维护项目\ThreeInOne\DeviceController\DeviceController\Common\Tools.cs:行号 285

[2022-06-17 17:03:54]System.UnauthorizedAccessException: 对注册表项“HKEY_LOCAL_MACHINE\SOFTWARE\Microsoft\Windows\CurrentVersion\Run”的访问被拒绝。
   在 Microsoft.Win32.RegistryKey.Win32Error(Int32 errorCode, String str)
   在 Microsoft.Win32.RegistryKey.CreateSubKeyInternal(String subkey, RegistryKeyPermissionCheck permissionCheck, Object registrySecurityObj, RegistryOptions registryOptions)
   在 Microsoft.Win32.RegistryKey.CreateSubKey(String subkey, RegistryKeyPermissionCheck permissionCheck)
   在 Microsoft.Win32.RegistryKey.CreateSubKey(String subkey)
   在 DeviceController.Common.Tools.AutoStart(Boolean isAuto) 位置 I:\维护项目\ThreeInOne\DeviceController\DeviceController\Common\Tools.cs:行号 285

[2022-06-17 17:06:07]System.UnauthorizedAccessException: 对注册表项“HKEY_LOCAL_MACHINE\SOFTWARE\Microsoft\Windows\CurrentVersion\Run”的访问被拒绝。
   在 Microsoft.Win32.RegistryKey.Win32Error(Int32 errorCode, String str)
   在 Microsoft.Win32.RegistryKey.CreateSubKeyInternal(String subkey, RegistryKeyPermissionCheck permissionCheck, Object registrySecurityObj, RegistryOptions registryOptions)
   在 Microsoft.Win32.RegistryKey.CreateSubKey(String subkey, RegistryKeyPermissionCheck permissionCheck)
   在 Microsoft.Win32.RegistryKey.CreateSubKey(String subkey)
   在 DeviceController.Common.Tools.AutoStart(Boolean isAuto) 位置 I:\维护项目\ThreeInOne\DeviceController\DeviceController\Common\Tools.cs:行号 285

[2022-06-17 17:07:25]System.UnauthorizedAccessException: 对注册表项“HKEY_LOCAL_MACHINE\SOFTWARE\Microsoft\Windows\CurrentVersion\Run”的访问被拒绝。
   在 Microsoft.Win32.RegistryKey.Win32Error(Int32 errorCode, String str)
   在 Microsoft.Win32.RegistryKey.CreateSubKeyInternal(String subkey, RegistryKeyPermissionCheck permissionCheck, Object registrySecurityObj, RegistryOptions registryOptions)
   在 Microsoft.Win32.RegistryKey.CreateSubKey(String subkey, RegistryKeyPermissionCheck permissionCheck)
   在 Microsoft.Win32.RegistryKey.CreateSubKey(String subkey)
   在 DeviceController.Common.Tools.AutoStart(Boolean isAuto) 位置 I:\维护项目\ThreeInOne\DeviceController\DeviceController\Common\Tools.cs:行号 285

[2022-06-17 17:09:36]System.UnauthorizedAccessException: 对注册表项“HKEY_LOCAL_MACHINE\SOFTWARE\Microsoft\Windows\CurrentVersion\Run”的访问被拒绝。
   在 Microsoft.Win32.RegistryKey.Win32Error(Int32 errorCode, String str)
   在 Microsoft.Win32.RegistryKey.CreateSubKeyInternal(String subkey, RegistryKeyPermissionCheck permissionCheck, Object registrySecurityObj, RegistryOptions registryOptions)
   在 Microsoft.Win32.RegistryKey.CreateSubKey(String subkey, RegistryKeyPermissionCheck permissionCheck)
   在 Microsoft.Win32.RegistryKey.CreateSubKey(String subkey)
   在 DeviceController.Common.Tools.AutoStart(Boolean isAuto) 位置 I:\维护项目\ThreeInOne\DeviceController\DeviceController\Common\Tools.cs:行号 285

[2022-06-17 17:11:02]System.UnauthorizedAccessException: 对注册表项“HKEY_LOCAL_MACHINE\SOFTWARE\Microsoft\Windows\CurrentVersion\Run”的访问被拒绝。
   在 Microsoft.Win32.RegistryKey.Win32Error(Int32 errorCode, String str)
   在 Microsoft.Win32.RegistryKey.CreateSubKeyInternal(String subkey, RegistryKeyPermissionCheck permissionCheck, Object registrySecurityObj, RegistryOptions registryOptions)
   在 Microsoft.Win32.RegistryKey.CreateSubKey(String subkey, RegistryKeyPermissionCheck permissionCheck)
   在 Microsoft.Win32.RegistryKey.CreateSubKey(String subkey)
   在 DeviceController.Common.Tools.AutoStart(Boolean isAuto) 位置 I:\维护项目\ThreeInOne\DeviceController\DeviceController\Common\Tools.cs:行号 285

[2022-06-17 17:24:46]System.UnauthorizedAccessException: 对注册表项“HKEY_LOCAL_MACHINE\SOFTWARE\Microsoft\Windows\CurrentVersion\Run”的访问被拒绝。
   在 Microsoft.Win32.RegistryKey.Win32Error(Int32 errorCode, String str)
   在 Microsoft.Win32.RegistryKey.CreateSubKeyInternal(String subkey, RegistryKeyPermissionCheck permissionCheck, Object registrySecurityObj, RegistryOptions registryOptions)
   在 Microsoft.Win32.RegistryKey.CreateSubKey(String subkey, RegistryKeyPermissionCheck permissionCheck)
   在 Microsoft.Win32.RegistryKey.CreateSubKey(String subkey)
   在 DeviceController.Common.Tools.AutoStart(Boolean isAuto) 位置 I:\维护项目\ThreeInOne\DeviceController\DeviceController\Common\Tools.cs:行号 285

[2022-06-17 17:30:47]System.UnauthorizedAccessException: 对注册表项“HKEY_LOCAL_MACHINE\SOFTWARE\Microsoft\Windows\CurrentVersion\Run”的访问被拒绝。
   在 Microsoft.Win32.RegistryKey.Win32Error(Int32 errorCode, String str)
   在 Microsoft.Win32.RegistryKey.CreateSubKeyInternal(String subkey, RegistryKeyPermissionCheck permissionCheck, Object registrySecurityObj, RegistryOptions registryOptions)
   在 Microsoft.Win32.RegistryKey.CreateSubKey(String subkey, RegistryKeyPermissionCheck permissionCheck)
   在 Microsoft.Win32.RegistryKey.CreateSubKey(String subkey)
   在 DeviceController.Common.Tools.AutoStart(Boolean isAuto) 位置 I:\维护项目\ThreeInOne\DeviceController\DeviceController\Common\Tools.cs:行号 285

[2022-06-17 17:51:27]System.UnauthorizedAccessException: 对注册表项“HKEY_LOCAL_MACHINE\SOFTWARE\Microsoft\Windows\CurrentVersion\Run”的访问被拒绝。
   在 Microsoft.Win32.RegistryKey.Win32Error(Int32 errorCode, String str)
   在 Microsoft.Win32.RegistryKey.CreateSubKeyInternal(String subkey, RegistryKeyPermissionCheck permissionCheck, Object registrySecurityObj, RegistryOptions registryOptions)
   在 Microsoft.Win32.RegistryKey.CreateSubKey(String subkey, RegistryKeyPermissionCheck permissionCheck)
   在 Microsoft.Win32.RegistryKey.CreateSubKey(String subkey)
   在 DeviceController.Common.Tools.AutoStart(Boolean isAuto) 位置 I:\维护项目\ThreeInOne\DeviceController\DeviceController\Common\Tools.cs:行号 285

[2022-06-17 17:52:31]System.UnauthorizedAccessException: 对注册表项“HKEY_LOCAL_MACHINE\SOFTWARE\Microsoft\Windows\CurrentVersion\Run”的访问被拒绝。
   在 Microsoft.Win32.RegistryKey.Win32Error(Int32 errorCode, String str)
   在 Microsoft.Win32.RegistryKey.CreateSubKeyInternal(String subkey, RegistryKeyPermissionCheck permissionCheck, Object registrySecurityObj, RegistryOptions registryOptions)
   在 Microsoft.Win32.RegistryKey.CreateSubKey(String subkey, RegistryKeyPermissionCheck permissionCheck)
   在 Microsoft.Win32.RegistryKey.CreateSubKey(String subkey)
   在 DeviceController.Common.Tools.AutoStart(Boolean isAuto) 位置 I:\维护项目\ThreeInOne\DeviceController\DeviceController\Common\Tools.cs:行号 285

[2022-06-17 17:52:34]System.IO.FileNotFoundException: 未能找到文件“I:\维护项目\ThreeInOne\DeviceController\DeviceController\bin\x86\Debug\CQ12Config\CQ12GrabImg\20220418200000.bmp”。
文件名:“I:\维护项目\ThreeInOne\DeviceController\DeviceController\bin\x86\Debug\CQ12Config\CQ12GrabImg\20220418200000.bmp”
   在 System.IO.__Error.WinIOError(Int32 errorCode, String maybeFullPath)
   在 System.IO.FileStream.Init(String path, FileMode mode, FileAccess access, Int32 rights, Boolean useRights, FileShare share, Int32 bufferSize, FileOptions options, SECURITY_ATTRIBUTES secAttrs, String msgPath, Boolean bFromProxy, Boolean useLongPath, Boolean checkHost)
   在 System.IO.FileStream..ctor(String path, FileMode mode, FileAccess access, FileShare share)
   在 DeviceController.Common.Tools.FileToBitmap(String fileName) 位置 I:\维护项目\ThreeInOne\DeviceController\DeviceController\Common\Tools.cs:行号 200
   在 DeviceController.View.CQ12.CQ12MainForm.RefreshFLP() 位置 I:\维护项目\ThreeInOne\DeviceController\DeviceController\View\CQ12\CQ12MainForm.cs:行号 3656

[2022-06-17 18:37:21]System.UnauthorizedAccessException: 对注册表项“HKEY_LOCAL_MACHINE\SOFTWARE\Microsoft\Windows\CurrentVersion\Run”的访问被拒绝。
   在 Microsoft.Win32.RegistryKey.Win32Error(Int32 errorCode, String str)
   在 Microsoft.Win32.RegistryKey.CreateSubKeyInternal(String subkey, RegistryKeyPermissionCheck permissionCheck, Object registrySecurityObj, RegistryOptions registryOptions)
   在 Microsoft.Win32.RegistryKey.CreateSubKey(String subkey, RegistryKeyPermissionCheck permissionCheck)
   在 Microsoft.Win32.RegistryKey.CreateSubKey(String subkey)
   在 DeviceController.Common.Tools.AutoStart(Boolean isAuto) 位置 I:\维护项目\ThreeInOne\DeviceController\DeviceController\Common\Tools.cs:行号 285

[2022-06-17 18:39:12]System.UnauthorizedAccessException: 对注册表项“HKEY_LOCAL_MACHINE\SOFTWARE\Microsoft\Windows\CurrentVersion\Run”的访问被拒绝。
   在 Microsoft.Win32.RegistryKey.Win32Error(Int32 errorCode, String str)
   在 Microsoft.Win32.RegistryKey.CreateSubKeyInternal(String subkey, RegistryKeyPermissionCheck permissionCheck, Object registrySecurityObj, RegistryOptions registryOptions)
   在 Microsoft.Win32.RegistryKey.CreateSubKey(String subkey, RegistryKeyPermissionCheck permissionCheck)
   在 Microsoft.Win32.RegistryKey.CreateSubKey(String subkey)
   在 DeviceController.Common.Tools.AutoStart(Boolean isAuto) 位置 I:\维护项目\ThreeInOne\DeviceController\DeviceController\Common\Tools.cs:行号 285

[2022-06-17 18:44:11]System.UnauthorizedAccessException: 对注册表项“HKEY_LOCAL_MACHINE\SOFTWARE\Microsoft\Windows\CurrentVersion\Run”的访问被拒绝。
   在 Microsoft.Win32.RegistryKey.Win32Error(Int32 errorCode, String str)
   在 Microsoft.Win32.RegistryKey.CreateSubKeyInternal(String subkey, RegistryKeyPermissionCheck permissionCheck, Object registrySecurityObj, RegistryOptions registryOptions)
   在 Microsoft.Win32.RegistryKey.CreateSubKey(String subkey, RegistryKeyPermissionCheck permissionCheck)
   在 Microsoft.Win32.RegistryKey.CreateSubKey(String subkey)
   在 DeviceController.Common.Tools.AutoStart(Boolean isAuto) 位置 I:\维护项目\ThreeInOne\DeviceController\DeviceController\Common\Tools.cs:行号 285

[2022-06-17 18:44:38]System.UnauthorizedAccessException: 对注册表项“HKEY_LOCAL_MACHINE\SOFTWARE\Microsoft\Windows\CurrentVersion\Run”的访问被拒绝。
   在 Microsoft.Win32.RegistryKey.Win32Error(Int32 errorCode, String str)
   在 Microsoft.Win32.RegistryKey.CreateSubKeyInternal(String subkey, RegistryKeyPermissionCheck permissionCheck, Object registrySecurityObj, RegistryOptions registryOptions)
   在 Microsoft.Win32.RegistryKey.CreateSubKey(String subkey, RegistryKeyPermissionCheck permissionCheck)
   在 Microsoft.Win32.RegistryKey.CreateSubKey(String subkey)
   在 DeviceController.Common.Tools.AutoStart(Boolean isAuto) 位置 I:\维护项目\ThreeInOne\DeviceController\DeviceController\Common\Tools.cs:行号 285

[2022-06-17 18:46:12]System.UnauthorizedAccessException: 对注册表项“HKEY_LOCAL_MACHINE\SOFTWARE\Microsoft\Windows\CurrentVersion\Run”的访问被拒绝。
   在 Microsoft.Win32.RegistryKey.Win32Error(Int32 errorCode, String str)
   在 Microsoft.Win32.RegistryKey.CreateSubKeyInternal(String subkey, RegistryKeyPermissionCheck permissionCheck, Object registrySecurityObj, RegistryOptions registryOptions)
   在 Microsoft.Win32.RegistryKey.CreateSubKey(String subkey, RegistryKeyPermissionCheck permissionCheck)
   在 Microsoft.Win32.RegistryKey.CreateSubKey(String subkey)
   在 DeviceController.Common.Tools.AutoStart(Boolean isAuto) 位置 I:\维护项目\ThreeInOne\DeviceController\DeviceController\Common\Tools.cs:行号 285

[2022-06-17 18:46:34]System.UnauthorizedAccessException: 对注册表项“HKEY_LOCAL_MACHINE\SOFTWARE\Microsoft\Windows\CurrentVersion\Run”的访问被拒绝。
   在 Microsoft.Win32.RegistryKey.Win32Error(Int32 errorCode, String str)
   在 Microsoft.Win32.RegistryKey.CreateSubKeyInternal(String subkey, RegistryKeyPermissionCheck permissionCheck, Object registrySecurityObj, RegistryOptions registryOptions)
   在 Microsoft.Win32.RegistryKey.CreateSubKey(String subkey, RegistryKeyPermissionCheck permissionCheck)
   在 Microsoft.Win32.RegistryKey.CreateSubKey(String subkey)
   在 DeviceController.Common.Tools.AutoStart(Boolean isAuto) 位置 I:\维护项目\ThreeInOne\DeviceController\DeviceController\Common\Tools.cs:行号 285

[2022-06-17 18:47:58]System.UnauthorizedAccessException: 对注册表项“HKEY_LOCAL_MACHINE\SOFTWARE\Microsoft\Windows\CurrentVersion\Run”的访问被拒绝。
   在 Microsoft.Win32.RegistryKey.Win32Error(Int32 errorCode, String str)
   在 Microsoft.Win32.RegistryKey.CreateSubKeyInternal(String subkey, RegistryKeyPermissionCheck permissionCheck, Object registrySecurityObj, RegistryOptions registryOptions)
   在 Microsoft.Win32.RegistryKey.CreateSubKey(String subkey, RegistryKeyPermissionCheck permissionCheck)
   在 Microsoft.Win32.RegistryKey.CreateSubKey(String subkey)
   在 DeviceController.Common.Tools.AutoStart(Boolean isAuto) 位置 I:\维护项目\ThreeInOne\DeviceController\DeviceController\Common\Tools.cs:行号 285

[2022-06-17 18:48:58]System.UnauthorizedAccessException: 对注册表项“HKEY_LOCAL_MACHINE\SOFTWARE\Microsoft\Windows\CurrentVersion\Run”的访问被拒绝。
   在 Microsoft.Win32.RegistryKey.Win32Error(Int32 errorCode, String str)
   在 Microsoft.Win32.RegistryKey.CreateSubKeyInternal(String subkey, RegistryKeyPermissionCheck permissionCheck, Object registrySecurityObj, RegistryOptions registryOptions)
   在 Microsoft.Win32.RegistryKey.CreateSubKey(String subkey, RegistryKeyPermissionCheck permissionCheck)
   在 Microsoft.Win32.RegistryKey.CreateSubKey(String subkey)
   在 DeviceController.Common.Tools.AutoStart(Boolean isAuto) 位置 I:\维护项目\ThreeInOne\DeviceController\DeviceController\Common\Tools.cs:行号 285

[2022-06-17 18:49:43]System.UnauthorizedAccessException: 对注册表项“HKEY_LOCAL_MACHINE\SOFTWARE\Microsoft\Windows\CurrentVersion\Run”的访问被拒绝。
   在 Microsoft.Win32.RegistryKey.Win32Error(Int32 errorCode, String str)
   在 Microsoft.Win32.RegistryKey.CreateSubKeyInternal(String subkey, RegistryKeyPermissionCheck permissionCheck, Object registrySecurityObj, RegistryOptions registryOptions)
   在 Microsoft.Win32.RegistryKey.CreateSubKey(String subkey, RegistryKeyPermissionCheck permissionCheck)
   在 Microsoft.Win32.RegistryKey.CreateSubKey(String subkey)
   在 DeviceController.Common.Tools.AutoStart(Boolean isAuto) 位置 I:\维护项目\ThreeInOne\DeviceController\DeviceController\Common\Tools.cs:行号 285

[2022-06-17 18:50:22]System.UnauthorizedAccessException: 对注册表项“HKEY_LOCAL_MACHINE\SOFTWARE\Microsoft\Windows\CurrentVersion\Run”的访问被拒绝。
   在 Microsoft.Win32.RegistryKey.Win32Error(Int32 errorCode, String str)
   在 Microsoft.Win32.RegistryKey.CreateSubKeyInternal(String subkey, RegistryKeyPermissionCheck permissionCheck, Object registrySecurityObj, RegistryOptions registryOptions)
   在 Microsoft.Win32.RegistryKey.CreateSubKey(String subkey, RegistryKeyPermissionCheck permissionCheck)
   在 Microsoft.Win32.RegistryKey.CreateSubKey(String subkey)
   在 DeviceController.Common.Tools.AutoStart(Boolean isAuto) 位置 I:\维护项目\ThreeInOne\DeviceController\DeviceController\Common\Tools.cs:行号 285

[2022-06-17 18:52:30]System.UnauthorizedAccessException: 对注册表项“HKEY_LOCAL_MACHINE\SOFTWARE\Microsoft\Windows\CurrentVersion\Run”的访问被拒绝。
   在 Microsoft.Win32.RegistryKey.Win32Error(Int32 errorCode, String str)
   在 Microsoft.Win32.RegistryKey.CreateSubKeyInternal(String subkey, RegistryKeyPermissionCheck permissionCheck, Object registrySecurityObj, RegistryOptions registryOptions)
   在 Microsoft.Win32.RegistryKey.CreateSubKey(String subkey, RegistryKeyPermissionCheck permissionCheck)
   在 Microsoft.Win32.RegistryKey.CreateSubKey(String subkey)
   在 DeviceController.Common.Tools.AutoStart(Boolean isAuto) 位置 I:\维护项目\ThreeInOne\DeviceController\DeviceController\Common\Tools.cs:行号 285
