
[2022-05-26 09:29:19]System.UnauthorizedAccessException: 对注册表项“HKEY_LOCAL_MACHINE\SOFTWARE\Microsoft\Windows\CurrentVersion\Run”的访问被拒绝。
   在 Microsoft.Win32.RegistryKey.Win32Error(Int32 errorCode, String str)
   在 Microsoft.Win32.RegistryKey.CreateSubKeyInternal(String subkey, RegistryKeyPermissionCheck permissionCheck, Object registrySecurityObj, RegistryOptions registryOptions)
   在 Microsoft.Win32.RegistryKey.CreateSubKey(String subkey, RegistryKeyPermissionCheck permissionCheck)
   在 Microsoft.Win32.RegistryKey.CreateSubKey(String subkey)
   在 DeviceController.Common.Tools.AutoStart(Boolean isAuto) 位置 I:\维护项目\ThreeInOne\DeviceController\DeviceController\Common\Tools.cs:行号 285

[2022-05-26 09:30:20]System.UnauthorizedAccessException: 对注册表项“HKEY_LOCAL_MACHINE\SOFTWARE\Microsoft\Windows\CurrentVersion\Run”的访问被拒绝。
   在 Microsoft.Win32.RegistryKey.Win32Error(Int32 errorCode, String str)
   在 Microsoft.Win32.RegistryKey.CreateSubKeyInternal(String subkey, RegistryKeyPermissionCheck permissionCheck, Object registrySecurityObj, RegistryOptions registryOptions)
   在 Microsoft.Win32.RegistryKey.CreateSubKey(String subkey, RegistryKeyPermissionCheck permissionCheck)
   在 Microsoft.Win32.RegistryKey.CreateSubKey(String subkey)
   在 DeviceController.Common.Tools.AutoStart(Boolean isAuto) 位置 I:\维护项目\ThreeInOne\DeviceController\DeviceController\Common\Tools.cs:行号 285

[2022-05-26 09:31:19]System.UnauthorizedAccessException: 对注册表项“HKEY_LOCAL_MACHINE\SOFTWARE\Microsoft\Windows\CurrentVersion\Run”的访问被拒绝。
   在 Microsoft.Win32.RegistryKey.Win32Error(Int32 errorCode, String str)
   在 Microsoft.Win32.RegistryKey.CreateSubKeyInternal(String subkey, RegistryKeyPermissionCheck permissionCheck, Object registrySecurityObj, RegistryOptions registryOptions)
   在 Microsoft.Win32.RegistryKey.CreateSubKey(String subkey, RegistryKeyPermissionCheck permissionCheck)
   在 Microsoft.Win32.RegistryKey.CreateSubKey(String subkey)
   在 DeviceController.Common.Tools.AutoStart(Boolean isAuto) 位置 I:\维护项目\ThreeInOne\DeviceController\DeviceController\Common\Tools.cs:行号 285

[2022-05-26 09:31:23]System.IO.FileNotFoundException: 未能找到文件“I:\维护项目\ThreeInOne\DeviceController\DeviceController\bin\x86\Debug\CQ12Config\CQ12GrabImg\20220418200000.bmp”。
文件名:“I:\维护项目\ThreeInOne\DeviceController\DeviceController\bin\x86\Debug\CQ12Config\CQ12GrabImg\20220418200000.bmp”
   在 System.IO.__Error.WinIOError(Int32 errorCode, String maybeFullPath)
   在 System.IO.FileStream.Init(String path, FileMode mode, FileAccess access, Int32 rights, Boolean useRights, FileShare share, Int32 bufferSize, FileOptions options, SECURITY_ATTRIBUTES secAttrs, String msgPath, Boolean bFromProxy, Boolean useLongPath, Boolean checkHost)
   在 System.IO.FileStream..ctor(String path, FileMode mode, FileAccess access, FileShare share)
   在 DeviceController.Common.Tools.FileToBitmap(String fileName) 位置 I:\维护项目\ThreeInOne\DeviceController\DeviceController\Common\Tools.cs:行号 200
   在 DeviceController.View.CQ12.CQ12MainForm.RefreshFLP() 位置 I:\维护项目\ThreeInOne\DeviceController\DeviceController\View\CQ12\CQ12MainForm.cs:行号 3656

[2022-05-26 09:40:02]System.UnauthorizedAccessException: 对注册表项“HKEY_LOCAL_MACHINE\SOFTWARE\Microsoft\Windows\CurrentVersion\Run”的访问被拒绝。
   在 Microsoft.Win32.RegistryKey.Win32Error(Int32 errorCode, String str)
   在 Microsoft.Win32.RegistryKey.CreateSubKeyInternal(String subkey, RegistryKeyPermissionCheck permissionCheck, Object registrySecurityObj, RegistryOptions registryOptions)
   在 Microsoft.Win32.RegistryKey.CreateSubKey(String subkey, RegistryKeyPermissionCheck permissionCheck)
   在 Microsoft.Win32.RegistryKey.CreateSubKey(String subkey)
   在 DeviceController.Common.Tools.AutoStart(Boolean isAuto) 位置 I:\维护项目\ThreeInOne\DeviceController\DeviceController\Common\Tools.cs:行号 285

[2022-05-26 09:54:42]System.UnauthorizedAccessException: 对注册表项“HKEY_LOCAL_MACHINE\SOFTWARE\Microsoft\Windows\CurrentVersion\Run”的访问被拒绝。
   在 Microsoft.Win32.RegistryKey.Win32Error(Int32 errorCode, String str)
   在 Microsoft.Win32.RegistryKey.CreateSubKeyInternal(String subkey, RegistryKeyPermissionCheck permissionCheck, Object registrySecurityObj, RegistryOptions registryOptions)
   在 Microsoft.Win32.RegistryKey.CreateSubKey(String subkey, RegistryKeyPermissionCheck permissionCheck)
   在 Microsoft.Win32.RegistryKey.CreateSubKey(String subkey)
   在 DeviceController.Common.Tools.AutoStart(Boolean isAuto) 位置 I:\维护项目\ThreeInOne\DeviceController\DeviceController\Common\Tools.cs:行号 285

[2022-05-26 09:54:50]System.IO.FileNotFoundException: 未能找到文件“I:\维护项目\ThreeInOne\DeviceController\DeviceController\bin\x86\Debug\CQ12Config\CQ12GrabImg\20220418200000.bmp”。
文件名:“I:\维护项目\ThreeInOne\DeviceController\DeviceController\bin\x86\Debug\CQ12Config\CQ12GrabImg\20220418200000.bmp”
   在 System.IO.__Error.WinIOError(Int32 errorCode, String maybeFullPath)
   在 System.IO.FileStream.Init(String path, FileMode mode, FileAccess access, Int32 rights, Boolean useRights, FileShare share, Int32 bufferSize, FileOptions options, SECURITY_ATTRIBUTES secAttrs, String msgPath, Boolean bFromProxy, Boolean useLongPath, Boolean checkHost)
   在 System.IO.FileStream..ctor(String path, FileMode mode, FileAccess access, FileShare share)
   在 DeviceController.Common.Tools.FileToBitmap(String fileName) 位置 I:\维护项目\ThreeInOne\DeviceController\DeviceController\Common\Tools.cs:行号 200
   在 DeviceController.View.CQ12.CQ12MainForm.RefreshFLP() 位置 I:\维护项目\ThreeInOne\DeviceController\DeviceController\View\CQ12\CQ12MainForm.cs:行号 3656

[2022-05-26 09:59:10]System.UnauthorizedAccessException: 对注册表项“HKEY_LOCAL_MACHINE\SOFTWARE\Microsoft\Windows\CurrentVersion\Run”的访问被拒绝。
   在 Microsoft.Win32.RegistryKey.Win32Error(Int32 errorCode, String str)
   在 Microsoft.Win32.RegistryKey.CreateSubKeyInternal(String subkey, RegistryKeyPermissionCheck permissionCheck, Object registrySecurityObj, RegistryOptions registryOptions)
   在 Microsoft.Win32.RegistryKey.CreateSubKey(String subkey, RegistryKeyPermissionCheck permissionCheck)
   在 Microsoft.Win32.RegistryKey.CreateSubKey(String subkey)
   在 DeviceController.Common.Tools.AutoStart(Boolean isAuto) 位置 I:\维护项目\ThreeInOne\DeviceController\DeviceController\Common\Tools.cs:行号 285

[2022-05-26 10:00:26]System.UnauthorizedAccessException: 对注册表项“HKEY_LOCAL_MACHINE\SOFTWARE\Microsoft\Windows\CurrentVersion\Run”的访问被拒绝。
   在 Microsoft.Win32.RegistryKey.Win32Error(Int32 errorCode, String str)
   在 Microsoft.Win32.RegistryKey.CreateSubKeyInternal(String subkey, RegistryKeyPermissionCheck permissionCheck, Object registrySecurityObj, RegistryOptions registryOptions)
   在 Microsoft.Win32.RegistryKey.CreateSubKey(String subkey, RegistryKeyPermissionCheck permissionCheck)
   在 Microsoft.Win32.RegistryKey.CreateSubKey(String subkey)
   在 DeviceController.Common.Tools.AutoStart(Boolean isAuto) 位置 I:\维护项目\ThreeInOne\DeviceController\DeviceController\Common\Tools.cs:行号 285

[2022-05-26 10:02:26]System.IO.FileNotFoundException: 未能找到文件“I:\维护项目\ThreeInOne\DeviceController\DeviceController\bin\x86\Debug\CQ12Config\CQ12GrabImg\20220418200000.bmp”。
文件名:“I:\维护项目\ThreeInOne\DeviceController\DeviceController\bin\x86\Debug\CQ12Config\CQ12GrabImg\20220418200000.bmp”
   在 System.IO.__Error.WinIOError(Int32 errorCode, String maybeFullPath)
   在 System.IO.FileStream.Init(String path, FileMode mode, FileAccess access, Int32 rights, Boolean useRights, FileShare share, Int32 bufferSize, FileOptions options, SECURITY_ATTRIBUTES secAttrs, String msgPath, Boolean bFromProxy, Boolean useLongPath, Boolean checkHost)
   在 System.IO.FileStream..ctor(String path, FileMode mode, FileAccess access, FileShare share)
   在 DeviceController.Common.Tools.FileToBitmap(String fileName) 位置 I:\维护项目\ThreeInOne\DeviceController\DeviceController\Common\Tools.cs:行号 200
   在 DeviceController.View.CQ12.CQ12MainForm.RefreshFLP() 位置 I:\维护项目\ThreeInOne\DeviceController\DeviceController\View\CQ12\CQ12MainForm.cs:行号 3656

[2022-05-26 10:02:52]System.IO.IOException: 由于线程退出或应用程序请求，已中止 I/O 操作。

   在 System.IO.Ports.InternalResources.WinIOError(Int32 errorCode, String str)
   在 System.IO.Ports.SerialStream.EndWrite(IAsyncResult asyncResult)
   在 System.IO.Ports.SerialStream.Write(Byte[] array, Int32 offset, Int32 count, Int32 timeout)
   在 System.IO.Ports.SerialPort.Write(Byte[] buffer, Int32 offset, Int32 count)
   在 DeviceController.Common.SerialPortCtrl.DataSend_CQ12(SerialPort serialPort, String Msg) 位置 I:\维护项目\ThreeInOne\DeviceController\DeviceController\Common\SerialPortCtrl.cs:行号 177

[2022-05-26 10:03:42]System.IO.IOException: 由于线程退出或应用程序请求，已中止 I/O 操作。

   在 System.IO.Ports.InternalResources.WinIOError(Int32 errorCode, String str)
   在 System.IO.Ports.SerialStream.BeginWriteCore(Byte[] array, Int32 offset, Int32 numBytes, AsyncCallback userCallback, Object stateObject)
   在 System.IO.Ports.SerialStream.Write(Byte[] array, Int32 offset, Int32 count, Int32 timeout)
   在 System.IO.Ports.SerialPort.Write(Byte[] buffer, Int32 offset, Int32 count)
   在 DeviceController.Common.SerialPortCtrl.DataSend_CQ12(SerialPort serialPort, String Msg) 位置 I:\维护项目\ThreeInOne\DeviceController\DeviceController\Common\SerialPortCtrl.cs:行号 177

[2022-05-26 10:04:01]System.IO.IOException: 由于线程退出或应用程序请求，已中止 I/O 操作。

   在 System.IO.Ports.InternalResources.WinIOError(Int32 errorCode, String str)
   在 System.IO.Ports.SerialStream.EndWrite(IAsyncResult asyncResult)
   在 System.IO.Ports.SerialStream.Write(Byte[] array, Int32 offset, Int32 count, Int32 timeout)
   在 System.IO.Ports.SerialPort.Write(Byte[] buffer, Int32 offset, Int32 count)
   在 DeviceController.Common.SerialPortCtrl.DataSend_CQ12(SerialPort serialPort, String Msg) 位置 I:\维护项目\ThreeInOne\DeviceController\DeviceController\Common\SerialPortCtrl.cs:行号 177

[2022-05-26 10:04:02]System.IO.IOException: 由于线程退出或应用程序请求，已中止 I/O 操作。

   在 System.IO.Ports.InternalResources.WinIOError(Int32 errorCode, String str)
   在 System.IO.Ports.SerialStream.EndWrite(IAsyncResult asyncResult)
   在 System.IO.Ports.SerialStream.Write(Byte[] array, Int32 offset, Int32 count, Int32 timeout)
   在 System.IO.Ports.SerialPort.Write(Byte[] buffer, Int32 offset, Int32 count)
   在 DeviceController.Common.SerialPortCtrl.DataSend_CQ12(SerialPort serialPort, String Msg) 位置 I:\维护项目\ThreeInOne\DeviceController\DeviceController\Common\SerialPortCtrl.cs:行号 177

[2022-05-26 10:06:57]System.UnauthorizedAccessException: 对注册表项“HKEY_LOCAL_MACHINE\SOFTWARE\Microsoft\Windows\CurrentVersion\Run”的访问被拒绝。
   在 Microsoft.Win32.RegistryKey.Win32Error(Int32 errorCode, String str)
   在 Microsoft.Win32.RegistryKey.CreateSubKeyInternal(String subkey, RegistryKeyPermissionCheck permissionCheck, Object registrySecurityObj, RegistryOptions registryOptions)
   在 Microsoft.Win32.RegistryKey.CreateSubKey(String subkey, RegistryKeyPermissionCheck permissionCheck)
   在 Microsoft.Win32.RegistryKey.CreateSubKey(String subkey)
   在 DeviceController.Common.Tools.AutoStart(Boolean isAuto) 位置 I:\维护项目\ThreeInOne\DeviceController\DeviceController\Common\Tools.cs:行号 285

[2022-05-26 10:07:21]System.IO.FileNotFoundException: 未能找到文件“I:\维护项目\ThreeInOne\DeviceController\DeviceController\bin\x86\Debug\CQ12Config\CQ12GrabImg\20220418200000.bmp”。
文件名:“I:\维护项目\ThreeInOne\DeviceController\DeviceController\bin\x86\Debug\CQ12Config\CQ12GrabImg\20220418200000.bmp”
   在 System.IO.__Error.WinIOError(Int32 errorCode, String maybeFullPath)
   在 System.IO.FileStream.Init(String path, FileMode mode, FileAccess access, Int32 rights, Boolean useRights, FileShare share, Int32 bufferSize, FileOptions options, SECURITY_ATTRIBUTES secAttrs, String msgPath, Boolean bFromProxy, Boolean useLongPath, Boolean checkHost)
   在 System.IO.FileStream..ctor(String path, FileMode mode, FileAccess access, FileShare share)
   在 DeviceController.Common.Tools.FileToBitmap(String fileName) 位置 I:\维护项目\ThreeInOne\DeviceController\DeviceController\Common\Tools.cs:行号 200
   在 DeviceController.View.CQ12.CQ12MainForm.RefreshFLP() 位置 I:\维护项目\ThreeInOne\DeviceController\DeviceController\View\CQ12\CQ12MainForm.cs:行号 3656

[2022-05-26 10:08:01]System.UnauthorizedAccessException: 对注册表项“HKEY_LOCAL_MACHINE\SOFTWARE\Microsoft\Windows\CurrentVersion\Run”的访问被拒绝。
   在 Microsoft.Win32.RegistryKey.Win32Error(Int32 errorCode, String str)
   在 Microsoft.Win32.RegistryKey.CreateSubKeyInternal(String subkey, RegistryKeyPermissionCheck permissionCheck, Object registrySecurityObj, RegistryOptions registryOptions)
   在 Microsoft.Win32.RegistryKey.CreateSubKey(String subkey, RegistryKeyPermissionCheck permissionCheck)
   在 Microsoft.Win32.RegistryKey.CreateSubKey(String subkey)
   在 DeviceController.Common.Tools.AutoStart(Boolean isAuto) 位置 I:\维护项目\ThreeInOne\DeviceController\DeviceController\Common\Tools.cs:行号 285

[2022-05-26 10:12:12]System.UnauthorizedAccessException: 对注册表项“HKEY_LOCAL_MACHINE\SOFTWARE\Microsoft\Windows\CurrentVersion\Run”的访问被拒绝。
   在 Microsoft.Win32.RegistryKey.Win32Error(Int32 errorCode, String str)
   在 Microsoft.Win32.RegistryKey.CreateSubKeyInternal(String subkey, RegistryKeyPermissionCheck permissionCheck, Object registrySecurityObj, RegistryOptions registryOptions)
   在 Microsoft.Win32.RegistryKey.CreateSubKey(String subkey, RegistryKeyPermissionCheck permissionCheck)
   在 Microsoft.Win32.RegistryKey.CreateSubKey(String subkey)
   在 DeviceController.Common.Tools.AutoStart(Boolean isAuto) 位置 I:\维护项目\ThreeInOne\DeviceController\DeviceController\Common\Tools.cs:行号 285

[2022-05-26 10:22:38]System.UnauthorizedAccessException: 对注册表项“HKEY_LOCAL_MACHINE\SOFTWARE\Microsoft\Windows\CurrentVersion\Run”的访问被拒绝。
   在 Microsoft.Win32.RegistryKey.Win32Error(Int32 errorCode, String str)
   在 Microsoft.Win32.RegistryKey.CreateSubKeyInternal(String subkey, RegistryKeyPermissionCheck permissionCheck, Object registrySecurityObj, RegistryOptions registryOptions)
   在 Microsoft.Win32.RegistryKey.CreateSubKey(String subkey, RegistryKeyPermissionCheck permissionCheck)
   在 Microsoft.Win32.RegistryKey.CreateSubKey(String subkey)
   在 DeviceController.Common.Tools.AutoStart(Boolean isAuto) 位置 I:\维护项目\ThreeInOne\DeviceController\DeviceController\Common\Tools.cs:行号 285

[2022-05-26 11:33:05]System.UnauthorizedAccessException: 对注册表项“HKEY_LOCAL_MACHINE\SOFTWARE\Microsoft\Windows\CurrentVersion\Run”的访问被拒绝。
   在 Microsoft.Win32.RegistryKey.Win32Error(Int32 errorCode, String str)
   在 Microsoft.Win32.RegistryKey.CreateSubKeyInternal(String subkey, RegistryKeyPermissionCheck permissionCheck, Object registrySecurityObj, RegistryOptions registryOptions)
   在 Microsoft.Win32.RegistryKey.CreateSubKey(String subkey, RegistryKeyPermissionCheck permissionCheck)
   在 Microsoft.Win32.RegistryKey.CreateSubKey(String subkey)
   在 DeviceController.Common.Tools.AutoStart(Boolean isAuto) 位置 I:\维护项目\ThreeInOne\DeviceController\DeviceController\Common\Tools.cs:行号 285

[2022-05-26 11:37:34]System.UnauthorizedAccessException: 对注册表项“HKEY_LOCAL_MACHINE\SOFTWARE\Microsoft\Windows\CurrentVersion\Run”的访问被拒绝。
   在 Microsoft.Win32.RegistryKey.Win32Error(Int32 errorCode, String str)
   在 Microsoft.Win32.RegistryKey.CreateSubKeyInternal(String subkey, RegistryKeyPermissionCheck permissionCheck, Object registrySecurityObj, RegistryOptions registryOptions)
   在 Microsoft.Win32.RegistryKey.CreateSubKey(String subkey, RegistryKeyPermissionCheck permissionCheck)
   在 Microsoft.Win32.RegistryKey.CreateSubKey(String subkey)
   在 DeviceController.Common.Tools.AutoStart(Boolean isAuto) 位置 I:\维护项目\ThreeInOne\DeviceController\DeviceController\Common\Tools.cs:行号 285

[2022-05-26 11:41:15]System.UnauthorizedAccessException: 对注册表项“HKEY_LOCAL_MACHINE\SOFTWARE\Microsoft\Windows\CurrentVersion\Run”的访问被拒绝。
   在 Microsoft.Win32.RegistryKey.Win32Error(Int32 errorCode, String str)
   在 Microsoft.Win32.RegistryKey.CreateSubKeyInternal(String subkey, RegistryKeyPermissionCheck permissionCheck, Object registrySecurityObj, RegistryOptions registryOptions)
   在 Microsoft.Win32.RegistryKey.CreateSubKey(String subkey, RegistryKeyPermissionCheck permissionCheck)
   在 Microsoft.Win32.RegistryKey.CreateSubKey(String subkey)
   在 DeviceController.Common.Tools.AutoStart(Boolean isAuto) 位置 I:\维护项目\ThreeInOne\DeviceController\DeviceController\Common\Tools.cs:行号 285

[2022-05-26 11:42:56]System.Net.Sockets.SocketException (0x80004005): 你的主机中的软件中止了一个已建立的连接。
   在 System.Net.Sockets.Socket.Receive(Byte[] buffer, Int32 offset, Int32 size, SocketFlags socketFlags)
   在 System.Net.Sockets.Socket.Receive(Byte[] buffer)
   在 DeviceController.View.Climate.ClimateMainForm.timer4_Elapsed(Object sender, ElapsedEventArgs e) 位置 I:\维护项目\ThreeInOne\DeviceController\DeviceController\View\Climate\ClimateMainForm.cs:行号 832
