
[2022-05-25 08:46:51]System.UnauthorizedAccessException: 对注册表项“HKEY_LOCAL_MACHINE\SOFTWARE\Microsoft\Windows\CurrentVersion\Run”的访问被拒绝。
   在 Microsoft.Win32.RegistryKey.Win32Error(Int32 errorCode, String str)
   在 Microsoft.Win32.RegistryKey.CreateSubKeyInternal(String subkey, RegistryKeyPermissionCheck permissionCheck, Object registrySecurityObj, RegistryOptions registryOptions)
   在 Microsoft.Win32.RegistryKey.CreateSubKey(String subkey, RegistryKeyPermissionCheck permissionCheck)
   在 Microsoft.Win32.RegistryKey.CreateSubKey(String subkey)
   在 DeviceController.Common.Tools.AutoStart(Boolean isAuto) 位置 I:\维护项目\ThreeInOne\DeviceController\DeviceController\Common\Tools.cs:行号 285

[2022-05-25 08:47:59]System.IO.IOException: 由于线程退出或应用程序请求，已中止 I/O 操作。

   在 System.IO.Ports.InternalResources.WinIOError(Int32 errorCode, String str)
   在 System.IO.Ports.SerialStream.EndWrite(IAsyncResult asyncResult)
   在 System.IO.Ports.SerialStream.Write(Byte[] array, Int32 offset, Int32 count, Int32 timeout)
   在 System.IO.Ports.SerialPort.Write(Byte[] buffer, Int32 offset, Int32 count)
   在 DeviceController.Common.SerialPortCtrl.DataSend_CQ12(SerialPort serialPort, String Msg) 位置 I:\维护项目\ThreeInOne\DeviceController\DeviceController\Common\SerialPortCtrl.cs:行号 177

[2022-05-25 08:51:10]System.UnauthorizedAccessException: 对注册表项“HKEY_LOCAL_MACHINE\SOFTWARE\Microsoft\Windows\CurrentVersion\Run”的访问被拒绝。
   在 Microsoft.Win32.RegistryKey.Win32Error(Int32 errorCode, String str)
   在 Microsoft.Win32.RegistryKey.CreateSubKeyInternal(String subkey, RegistryKeyPermissionCheck permissionCheck, Object registrySecurityObj, RegistryOptions registryOptions)
   在 Microsoft.Win32.RegistryKey.CreateSubKey(String subkey, RegistryKeyPermissionCheck permissionCheck)
   在 Microsoft.Win32.RegistryKey.CreateSubKey(String subkey)
   在 DeviceController.Common.Tools.AutoStart(Boolean isAuto) 位置 I:\维护项目\ThreeInOne\DeviceController\DeviceController\Common\Tools.cs:行号 285

[2022-05-25 08:51:57]System.IO.IOException: 由于线程退出或应用程序请求，已中止 I/O 操作。

   在 System.IO.Ports.InternalResources.WinIOError(Int32 errorCode, String str)
   在 System.IO.Ports.SerialStream.EndWrite(IAsyncResult asyncResult)
   在 System.IO.Ports.SerialStream.Write(Byte[] array, Int32 offset, Int32 count, Int32 timeout)
   在 System.IO.Ports.SerialPort.Write(Byte[] buffer, Int32 offset, Int32 count)
   在 DeviceController.Common.SerialPortCtrl.DataSend_CQ12(SerialPort serialPort, String Msg) 位置 I:\维护项目\ThreeInOne\DeviceController\DeviceController\Common\SerialPortCtrl.cs:行号 177

[2022-05-25 08:56:28]System.UnauthorizedAccessException: 对注册表项“HKEY_LOCAL_MACHINE\SOFTWARE\Microsoft\Windows\CurrentVersion\Run”的访问被拒绝。
   在 Microsoft.Win32.RegistryKey.Win32Error(Int32 errorCode, String str)
   在 Microsoft.Win32.RegistryKey.CreateSubKeyInternal(String subkey, RegistryKeyPermissionCheck permissionCheck, Object registrySecurityObj, RegistryOptions registryOptions)
   在 Microsoft.Win32.RegistryKey.CreateSubKey(String subkey, RegistryKeyPermissionCheck permissionCheck)
   在 Microsoft.Win32.RegistryKey.CreateSubKey(String subkey)
   在 DeviceController.Common.Tools.AutoStart(Boolean isAuto) 位置 I:\维护项目\ThreeInOne\DeviceController\DeviceController\Common\Tools.cs:行号 285

[2022-05-25 10:50:14]System.UnauthorizedAccessException: 对注册表项“HKEY_LOCAL_MACHINE\SOFTWARE\Microsoft\Windows\CurrentVersion\Run”的访问被拒绝。
   在 Microsoft.Win32.RegistryKey.Win32Error(Int32 errorCode, String str)
   在 Microsoft.Win32.RegistryKey.CreateSubKeyInternal(String subkey, RegistryKeyPermissionCheck permissionCheck, Object registrySecurityObj, RegistryOptions registryOptions)
   在 Microsoft.Win32.RegistryKey.CreateSubKey(String subkey, RegistryKeyPermissionCheck permissionCheck)
   在 Microsoft.Win32.RegistryKey.CreateSubKey(String subkey)
   在 DeviceController.Common.Tools.AutoStart(Boolean isAuto) 位置 I:\维护项目\ThreeInOne\DeviceController\DeviceController\Common\Tools.cs:行号 285

[2022-05-25 10:50:59]System.IO.IOException: 由于线程退出或应用程序请求，已中止 I/O 操作。

   在 System.IO.Ports.InternalResources.WinIOError(Int32 errorCode, String str)
   在 System.IO.Ports.SerialStream.EndWrite(IAsyncResult asyncResult)
   在 System.IO.Ports.SerialStream.Write(Byte[] array, Int32 offset, Int32 count, Int32 timeout)
   在 System.IO.Ports.SerialPort.Write(Byte[] buffer, Int32 offset, Int32 count)
   在 DeviceController.Common.SerialPortCtrl.DataSend_CQ12(SerialPort serialPort, String Msg) 位置 I:\维护项目\ThreeInOne\DeviceController\DeviceController\Common\SerialPortCtrl.cs:行号 177
